23-Jun-2020 00:20:02.210 INFO [http-nio-8080-exec-170] edu.asupoly.heal.aqm.dmp.AQMDAOJDBCImpl.init Testing DAO Connection -- OK
23-Jun-2020 00:20:02.260 INFO [http-nio-8080-exec-170] edu.asupoly.heal.aqm.dmp.AQMDAOJDBCImpl.findDeviceIdinDylos  have 6 deviceids in Dylos.
23-Jun-2020 00:20:02.292 INFO [http-nio-8080-exec-170] edu.asupoly.heal.aqm.dmp.AQMDAOJDBCImpl.findDylosReadingsByGroup query dylos: (aqm0, 2147483647, Mon Mar 23 00:20:02 EDT 2020, +1 year
23-Jun-2020 00:20:02.315 INFO [http-nio-8080-exec-170] edu.asupoly.heal.aqm.dmp.AQMDAOJDBCImpl.findDylosReadingsByGroup query dylos: (aqm1, 2147483647, Mon Mar 23 00:20:02 EDT 2020, +1 year
23-Jun-2020 00:20:02.339 INFO [http-nio-8080-exec-170] edu.asupoly.heal.aqm.dmp.AQMDAOJDBCImpl.findDylosReadingsByGroup query dylos: (aqm2, 2147483647, Mon Mar 23 00:20:02 EDT 2020, +1 year
23-Jun-2020 00:20:02.360 INFO [http-nio-8080-exec-170] edu.asupoly.heal.aqm.dmp.AQMDAOJDBCImpl.findDylosReadingsByGroup query dylos: (aqm3, 2147483647, Mon Mar 23 00:20:02 EDT 2020, +1 year
23-Jun-2020 00:20:02.382 INFO [http-nio-8080-exec-170] edu.asupoly.heal.aqm.dmp.AQMDAOJDBCImpl.findDylosReadingsByGroup query dylos: (aqm5, 2147483647, Mon Mar 23 00:20:02 EDT 2020, +1 year
23-Jun-2020 00:20:02.403 INFO [http-nio-8080-exec-170] edu.asupoly.heal.aqm.dmp.AQMDAOJDBCImpl.findDylosReadingsByGroup query dylos: (dylos, 2147483647, Mon Mar 23 00:20:02 EDT 2020, +1 year
23-Jun-2020 00:20:02.442 INFO [http-nio-8080-exec-170] edu.asupoly.heal.aqm.dmp.AQMDAOJDBCImpl.findDeviceIdinSensordrone  have 7 deviceids in Sensordrone.
23-Jun-2020 00:20:02.461 INFO [http-nio-8080-exec-170] edu.asupoly.heal.aqm.dmp.AQMDAOJDBCImpl.findSensordroneReadingsByGroup query sensordrone: (sensordrone, 2147483647, Mon Mar 23 00:20:02 EDT 2020, +1 year
23-Jun-2020 00:20:02.492 INFO [http-nio-8080-exec-170] edu.asupoly.heal.aqm.dmp.AQMDAOJDBCImpl.findSensordroneReadingsByGroup query sensordrone: (SensorDrone00:00:00:00:00:00, 2147483647, Mon Mar 23 00:20:02 EDT 2020, +1 year
23-Jun-2020 00:20:02.510 INFO [http-nio-8080-exec-170] edu.asupoly.heal.aqm.dmp.AQMDAOJDBCImpl.findSensordroneReadingsByGroup query sensordrone: (SensorDrone11:00:00:00:00:00, 2147483647, Mon Mar 23 00:20:02 EDT 2020, +1 year
23-Jun-2020 00:20:02.530 INFO [http-nio-8080-exec-170] edu.asupoly.heal.aqm.dmp.AQMDAOJDBCImpl.findSensordroneReadingsByGroup query sensordrone: (SensorDrone12:00:00:00:00:00, 2147483647, Mon Mar 23 00:20:02 EDT 2020, +1 year
23-Jun-2020 00:20:02.594 INFO [http-nio-8080-exec-170] edu.asupoly.heal.aqm.dmp.AQMDAOJDBCImpl.findSensordroneReadingsByGroup query sensordrone: (SensorDroneB8:FF:FE:B9:C3:FA, 2147483647, Mon Mar 23 00:20:02 EDT 2020, +1 year
23-Jun-2020 00:20:02.629 INFO [http-nio-8080-exec-170] edu.asupoly.heal.aqm.dmp.AQMDAOJDBCImpl.findSensordroneReadingsByGroup query sensordrone: (SensorDroneB8:FF:FE:B9:C3:FD, 2147483647, Mon Mar 23 00:20:02 EDT 2020, +1 year
23-Jun-2020 00:20:02.653 INFO [http-nio-8080-exec-170] edu.asupoly.heal.aqm.dmp.AQMDAOJDBCImpl.findSensordroneReadingsByGroup query sensordrone: (SensorDroneB8:FF:FE:B9:C3:FE, 2147483647, Mon Mar 23 00:20:02 EDT 2020, +1 year
23-Jun-2020 02:23:44.283 INFO [localhost-startStop-1] org.apache.jasper.servlet.TldScanner.scanJars At least one JAR was scanned for TLDs yet contained no TLDs. Enable debug logging for this logger for a complete list of JARs that were scanned but no TLDs were found in them. Skipping unneeded JARs during scanning can improve startup time and JSP compilation time.
23-Jun-2020 02:23:44.304 INFO [localhost-startStop-1] com.sun.jersey.api.core.PackagesResourceConfig.init Scanning for root resource and provider classes in the packages:
  edu.asupoly.heal.aqm.rest
23-Jun-2020 02:23:44.333 INFO [localhost-startStop-1] com.sun.jersey.api.core.ScanningResourceConfig.logClasses Root resource classes found:
  class edu.asupoly.heal.aqm.rest.SensorResource
  class edu.asupoly.heal.aqm.rest.DataResource
23-Jun-2020 02:23:44.334 INFO [localhost-startStop-1] com.sun.jersey.api.core.ScanningResourceConfig.init No provider classes found.
23-Jun-2020 02:23:44.424 INFO [localhost-startStop-1] com.sun.jersey.server.impl.application.WebApplicationImpl._initiate Initiating Jersey application, version 'Jersey: 1.18 11/22/2013 03:05 AM'
23-Jun-2020 03:03:30.116 INFO [http-nio-8080-exec-27] edu.asupoly.heal.aqm.dmp.AQMDAOJDBCImpl.init Testing DAO Connection -- OK
23-Jun-2020 03:03:30.176 INFO [http-nio-8080-exec-27] edu.asupoly.heal.aqm.dmp.AQMDAOJDBCImpl.findDeviceIdinDylos  have 6 deviceids in Dylos.
23-Jun-2020 03:03:30.218 INFO [http-nio-8080-exec-27] edu.asupoly.heal.aqm.dmp.AQMDAOJDBCImpl.findDylosReadingsByGroup query dylos: (aqm0, 2147483647, Mon Mar 23 03:03:30 EDT 2020, +1 year
23-Jun-2020 03:03:30.501 INFO [http-nio-8080-exec-27] edu.asupoly.heal.aqm.dmp.AQMDAOJDBCImpl.findDylosReadingsByGroup query dylos: (aqm1, 2147483647, Mon Mar 23 03:03:30 EDT 2020, +1 year
23-Jun-2020 03:03:30.534 INFO [http-nio-8080-exec-27] edu.asupoly.heal.aqm.dmp.AQMDAOJDBCImpl.findDylosReadingsByGroup query dylos: (aqm2, 2147483647, Mon Mar 23 03:03:30 EDT 2020, +1 year
23-Jun-2020 03:03:30.559 INFO [http-nio-8080-exec-27] edu.asupoly.heal.aqm.dmp.AQMDAOJDBCImpl.findDylosReadingsByGroup query dylos: (aqm3, 2147483647, Mon Mar 23 03:03:30 EDT 2020, +1 year
23-Jun-2020 03:03:30.587 INFO [http-nio-8080-exec-27] edu.asupoly.heal.aqm.dmp.AQMDAOJDBCImpl.findDylosReadingsByGroup query dylos: (aqm5, 2147483647, Mon Mar 23 03:03:30 EDT 2020, +1 year
23-Jun-2020 03:03:30.611 INFO [http-nio-8080-exec-27] edu.asupoly.heal.aqm.dmp.AQMDAOJDBCImpl.findDylosReadingsByGroup query dylos: (dylos, 2147483647, Mon Mar 23 03:03:30 EDT 2020, +1 year
23-Jun-2020 03:03:30.682 INFO [http-nio-8080-exec-27] edu.asupoly.heal.aqm.dmp.AQMDAOJDBCImpl.findDeviceIdinSensordrone  have 6 deviceids in Sensordrone.
23-Jun-2020 03:03:30.702 INFO [http-nio-8080-exec-27] edu.asupoly.heal.aqm.dmp.AQMDAOJDBCImpl.findSensordroneReadingsByGroup query sensordrone: (sensordrone, 2147483647, Mon Mar 23 03:03:30 EDT 2020, +1 year
23-Jun-2020 03:03:30.747 INFO [http-nio-8080-exec-27] edu.asupoly.heal.aqm.dmp.AQMDAOJDBCImpl.findSensordroneReadingsByGroup query sensordrone: (SensorDrone00:00:00:00:00:00, 2147483647, Mon Mar 23 03:03:30 EDT 2020, +1 year
23-Jun-2020 03:03:30.781 INFO [http-nio-8080-exec-27] edu.asupoly.heal.aqm.dmp.AQMDAOJDBCImpl.findSensordroneReadingsByGroup query sensordrone: (SensorDrone11:00:00:00:00:00, 2147483647, Mon Mar 23 03:03:30 EDT 2020, +1 year
23-Jun-2020 03:03:30.826 INFO [http-nio-8080-exec-27] edu.asupoly.heal.aqm.dmp.AQMDAOJDBCImpl.findSensordroneReadingsByGroup query sensordrone: (SensorDrone12:00:00:00:00:00, 2147483647, Mon Mar 23 03:03:30 EDT 2020, +1 year
23-Jun-2020 03:03:30.847 INFO [http-nio-8080-exec-27] edu.asupoly.heal.aqm.dmp.AQMDAOJDBCImpl.findSensordroneReadingsByGroup query sensordrone: (SensorDroneB8:FF:FE:B9:C3:FA, 2147483647, Mon Mar 23 03:03:30 EDT 2020, +1 year
23-Jun-2020 03:03:30.900 INFO [http-nio-8080-exec-27] edu.asupoly.heal.aqm.dmp.AQMDAOJDBCImpl.findSensordroneReadingsByGroup query sensordrone: (SensorDroneB8:FF:FE:B9:C3:FF, 2147483647, Mon Mar 23 03:03:30 EDT 2020, +1 year
23-Jun-2020 03:04:07.697 INFO [localhost-startStop-16] org.apache.jasper.servlet.TldScanner.scanJars At least one JAR was scanned for TLDs yet contained no TLDs. Enable debug logging for this logger for a complete list of JARs that were scanned but no TLDs were found in them. Skipping unneeded JARs during scanning can improve startup time and JSP compilation time.
23-Jun-2020 03:04:07.708 INFO [localhost-startStop-16] com.sun.jersey.api.core.PackagesResourceConfig.init Scanning for root resource and provider classes in the packages:
  edu.asupoly.heal.aqm.rest
23-Jun-2020 03:04:07.733 INFO [localhost-startStop-16] com.sun.jersey.api.core.ScanningResourceConfig.logClasses Root resource classes found:
  class edu.asupoly.heal.aqm.rest.DataResource
  class edu.asupoly.heal.aqm.rest.SensorResource
23-Jun-2020 03:04:07.734 INFO [localhost-startStop-16] com.sun.jersey.api.core.ScanningResourceConfig.init No provider classes found.
23-Jun-2020 03:04:07.798 INFO [localhost-startStop-16] com.sun.jersey.server.impl.application.WebApplicationImpl._initiate Initiating Jersey application, version 'Jersey: 1.18 11/22/2013 03:05 AM'
