24-May-2020 01:16:01.950 INFO [main] org.apache.catalina.startup.VersionLoggerListener.log Server version name:   Apache Tomcat/8.5.55
24-May-2020 01:16:01.956 INFO [main] org.apache.catalina.startup.VersionLoggerListener.log Server built:          May 5 2020 22:10:54 UTC
24-May-2020 01:16:01.958 INFO [main] org.apache.catalina.startup.VersionLoggerListener.log Server version number: 8.5.55.0
24-May-2020 01:16:01.958 INFO [main] org.apache.catalina.startup.VersionLoggerListener.log OS Name:               Linux
24-May-2020 01:16:01.959 INFO [main] org.apache.catalina.startup.VersionLoggerListener.log OS Version:            5.3.0-53-generic
24-May-2020 01:16:01.959 INFO [main] org.apache.catalina.startup.VersionLoggerListener.log Architecture:          amd64
24-May-2020 01:16:01.960 INFO [main] org.apache.catalina.startup.VersionLoggerListener.log Java Home:             /usr/lib/jvm/java-11-openjdk-amd64
24-May-2020 01:16:01.960 INFO [main] org.apache.catalina.startup.VersionLoggerListener.log JVM Version:           11.0.7+10-post-Ubuntu-2ubuntu218.04
24-May-2020 01:16:01.960 INFO [main] org.apache.catalina.startup.VersionLoggerListener.log JVM Vendor:            Ubuntu
24-May-2020 01:16:01.960 INFO [main] org.apache.catalina.startup.VersionLoggerListener.log CATALINA_BASE:         /home/cristi/SER422/tomcat-8.5.55-8080
24-May-2020 01:16:01.961 INFO [main] org.apache.catalina.startup.VersionLoggerListener.log CATALINA_HOME:         /home/cristi/SER422/tomcat-8.5.55-8080
24-May-2020 01:16:01.965 INFO [main] org.apache.catalina.startup.VersionLoggerListener.log Command line argument: --add-opens=java.base/java.lang=ALL-UNNAMED
24-May-2020 01:16:01.966 INFO [main] org.apache.catalina.startup.VersionLoggerListener.log Command line argument: --add-opens=java.base/java.io=ALL-UNNAMED
24-May-2020 01:16:01.966 INFO [main] org.apache.catalina.startup.VersionLoggerListener.log Command line argument: --add-opens=java.rmi/sun.rmi.transport=ALL-UNNAMED
24-May-2020 01:16:01.967 INFO [main] org.apache.catalina.startup.VersionLoggerListener.log Command line argument: -Djava.util.logging.config.file=/home/cristi/SER422/tomcat-8.5.55-8080/conf/logging.properties
24-May-2020 01:16:01.967 INFO [main] org.apache.catalina.startup.VersionLoggerListener.log Command line argument: -Djava.util.logging.manager=org.apache.juli.ClassLoaderLogManager
24-May-2020 01:16:01.967 INFO [main] org.apache.catalina.startup.VersionLoggerListener.log Command line argument: -Djdk.tls.ephemeralDHKeySize=2048
24-May-2020 01:16:01.967 INFO [main] org.apache.catalina.startup.VersionLoggerListener.log Command line argument: -Djava.protocol.handler.pkgs=org.apache.catalina.webresources
24-May-2020 01:16:01.968 INFO [main] org.apache.catalina.startup.VersionLoggerListener.log Command line argument: -Dorg.apache.catalina.security.SecurityListener.UMASK=0027
24-May-2020 01:16:01.968 INFO [main] org.apache.catalina.startup.VersionLoggerListener.log Command line argument: -Dignore.endorsed.dirs=
24-May-2020 01:16:01.968 INFO [main] org.apache.catalina.startup.VersionLoggerListener.log Command line argument: -Dcatalina.base=/home/cristi/SER422/tomcat-8.5.55-8080
24-May-2020 01:16:01.968 INFO [main] org.apache.catalina.startup.VersionLoggerListener.log Command line argument: -Dcatalina.home=/home/cristi/SER422/tomcat-8.5.55-8080
24-May-2020 01:16:01.969 INFO [main] org.apache.catalina.startup.VersionLoggerListener.log Command line argument: -Djava.io.tmpdir=/home/cristi/SER422/tomcat-8.5.55-8080/temp
24-May-2020 01:16:01.969 INFO [main] org.apache.catalina.core.AprLifecycleListener.lifecycleEvent The Apache Tomcat Native library which allows using OpenSSL was not found on the java.library.path: [/usr/java/packages/lib:/usr/lib/x86_64-linux-gnu/jni:/lib/x86_64-linux-gnu:/usr/lib/x86_64-linux-gnu:/usr/lib/jni:/lib:/usr/lib]
24-May-2020 01:16:02.110 INFO [main] org.apache.coyote.AbstractProtocol.init Initializing ProtocolHandler ["http-nio-8080"]
24-May-2020 01:16:02.188 INFO [main] org.apache.tomcat.util.net.NioSelectorPool.getSharedSelector Using a shared selector for servlet write/read
24-May-2020 01:16:02.243 INFO [main] org.apache.catalina.startup.Catalina.load Initialization processed in 3330 ms
24-May-2020 01:16:02.476 INFO [main] org.apache.catalina.core.StandardService.startInternal Starting service [Catalina]
24-May-2020 01:16:02.477 INFO [main] org.apache.catalina.core.StandardEngine.startInternal Starting Servlet Engine: Apache Tomcat/8.5.55
24-May-2020 01:16:02.530 INFO [localhost-startStop-1] org.apache.catalina.startup.HostConfig.deployDirectory Deploying web application directory [/home/cristi/SER422/tomcat-8.5.55-8080/webapps/manager]
24-May-2020 01:16:03.917 WARNING [localhost-startStop-1] org.apache.catalina.util.SessionIdGeneratorBase.createSecureRandom Creation of SecureRandom instance for session ID generation using [SHA1PRNG] took [107] milliseconds.
24-May-2020 01:16:04.020 INFO [localhost-startStop-1] org.apache.catalina.startup.HostConfig.deployDirectory Deployment of web application directory [/home/cristi/SER422/tomcat-8.5.55-8080/webapps/manager] has finished in [1,490] ms
24-May-2020 01:16:04.022 INFO [localhost-startStop-1] org.apache.catalina.startup.HostConfig.deployDirectory Deploying web application directory [/home/cristi/SER422/tomcat-8.5.55-8080/webapps/examples]
24-May-2020 01:16:04.919 INFO [localhost-startStop-1] org.apache.catalina.startup.HostConfig.deployDirectory Deployment of web application directory [/home/cristi/SER422/tomcat-8.5.55-8080/webapps/examples] has finished in [897] ms
24-May-2020 01:16:04.919 INFO [localhost-startStop-1] org.apache.catalina.startup.HostConfig.deployDirectory Deploying web application directory [/home/cristi/SER422/tomcat-8.5.55-8080/webapps/ROOT]
24-May-2020 01:16:04.979 INFO [localhost-startStop-1] org.apache.catalina.startup.HostConfig.deployDirectory Deployment of web application directory [/home/cristi/SER422/tomcat-8.5.55-8080/webapps/ROOT] has finished in [60] ms
24-May-2020 01:16:04.980 INFO [localhost-startStop-1] org.apache.catalina.startup.HostConfig.deployDirectory Deploying web application directory [/home/cristi/SER422/tomcat-8.5.55-8080/webapps/docs]
24-May-2020 01:16:05.011 INFO [localhost-startStop-1] org.apache.catalina.startup.HostConfig.deployDirectory Deployment of web application directory [/home/cristi/SER422/tomcat-8.5.55-8080/webapps/docs] has finished in [31] ms
24-May-2020 01:16:05.012 INFO [localhost-startStop-1] org.apache.catalina.startup.HostConfig.deployDirectory Deploying web application directory [/home/cristi/SER422/tomcat-8.5.55-8080/webapps/lab1_cdeleo1]
24-May-2020 01:16:05.088 INFO [localhost-startStop-1] org.apache.catalina.startup.HostConfig.deployDirectory Deployment of web application directory [/home/cristi/SER422/tomcat-8.5.55-8080/webapps/lab1_cdeleo1] has finished in [76] ms
24-May-2020 01:16:05.089 INFO [localhost-startStop-1] org.apache.catalina.startup.HostConfig.deployDirectory Deploying web application directory [/home/cristi/SER422/tomcat-8.5.55-8080/webapps/host-manager]
24-May-2020 01:16:05.128 INFO [localhost-startStop-1] org.apache.catalina.startup.HostConfig.deployDirectory Deployment of web application directory [/home/cristi/SER422/tomcat-8.5.55-8080/webapps/host-manager] has finished in [39] ms
24-May-2020 01:16:05.140 INFO [main] org.apache.coyote.AbstractProtocol.start Starting ProtocolHandler ["http-nio-8080"]
24-May-2020 01:16:05.165 INFO [main] org.apache.catalina.startup.Catalina.start Server startup in 2921 ms
24-May-2020 01:29:13.863 INFO [main] org.apache.catalina.core.StandardServer.await A valid shutdown command was received via the shutdown port. Stopping the Server instance.
24-May-2020 01:29:13.864 INFO [main] org.apache.coyote.AbstractProtocol.pause Pausing ProtocolHandler ["http-nio-8080"]
24-May-2020 01:29:13.875 INFO [main] org.apache.catalina.core.StandardService.stopInternal Stopping service [Catalina]
24-May-2020 01:29:14.000 INFO [main] org.apache.coyote.AbstractProtocol.stop Stopping ProtocolHandler ["http-nio-8080"]
24-May-2020 01:29:14.006 INFO [main] org.apache.coyote.AbstractProtocol.destroy Destroying ProtocolHandler ["http-nio-8080"]
24-May-2020 01:29:18.711 INFO [main] org.apache.catalina.startup.VersionLoggerListener.log Server version name:   Apache Tomcat/8.5.55
24-May-2020 01:29:18.717 INFO [main] org.apache.catalina.startup.VersionLoggerListener.log Server built:          May 5 2020 22:10:54 UTC
24-May-2020 01:29:18.718 INFO [main] org.apache.catalina.startup.VersionLoggerListener.log Server version number: 8.5.55.0
24-May-2020 01:29:18.720 INFO [main] org.apache.catalina.startup.VersionLoggerListener.log OS Name:               Linux
24-May-2020 01:29:18.720 INFO [main] org.apache.catalina.startup.VersionLoggerListener.log OS Version:            5.3.0-53-generic
24-May-2020 01:29:18.720 INFO [main] org.apache.catalina.startup.VersionLoggerListener.log Architecture:          amd64
24-May-2020 01:29:18.721 INFO [main] org.apache.catalina.startup.VersionLoggerListener.log Java Home:             /usr/lib/jvm/java-11-openjdk-amd64
24-May-2020 01:29:18.721 INFO [main] org.apache.catalina.startup.VersionLoggerListener.log JVM Version:           11.0.7+10-post-Ubuntu-2ubuntu218.04
24-May-2020 01:29:18.721 INFO [main] org.apache.catalina.startup.VersionLoggerListener.log JVM Vendor:            Ubuntu
24-May-2020 01:29:18.721 INFO [main] org.apache.catalina.startup.VersionLoggerListener.log CATALINA_BASE:         /home/cristi/SER422/tomcat-8.5.55-8080
24-May-2020 01:29:18.722 INFO [main] org.apache.catalina.startup.VersionLoggerListener.log CATALINA_HOME:         /home/cristi/SER422/tomcat-8.5.55-8080
24-May-2020 01:29:18.724 INFO [main] org.apache.catalina.startup.VersionLoggerListener.log Command line argument: --add-opens=java.base/java.lang=ALL-UNNAMED
24-May-2020 01:29:18.725 INFO [main] org.apache.catalina.startup.VersionLoggerListener.log Command line argument: --add-opens=java.base/java.io=ALL-UNNAMED
24-May-2020 01:29:18.725 INFO [main] org.apache.catalina.startup.VersionLoggerListener.log Command line argument: --add-opens=java.rmi/sun.rmi.transport=ALL-UNNAMED
24-May-2020 01:29:18.726 INFO [main] org.apache.catalina.startup.VersionLoggerListener.log Command line argument: -Djava.util.logging.config.file=/home/cristi/SER422/tomcat-8.5.55-8080/conf/logging.properties
24-May-2020 01:29:18.726 INFO [main] org.apache.catalina.startup.VersionLoggerListener.log Command line argument: -Djava.util.logging.manager=org.apache.juli.ClassLoaderLogManager
24-May-2020 01:29:18.726 INFO [main] org.apache.catalina.startup.VersionLoggerListener.log Command line argument: -Djdk.tls.ephemeralDHKeySize=2048
24-May-2020 01:29:18.726 INFO [main] org.apache.catalina.startup.VersionLoggerListener.log Command line argument: -Djava.protocol.handler.pkgs=org.apache.catalina.webresources
24-May-2020 01:29:18.726 INFO [main] org.apache.catalina.startup.VersionLoggerListener.log Command line argument: -Dorg.apache.catalina.security.SecurityListener.UMASK=0027
24-May-2020 01:29:18.727 INFO [main] org.apache.catalina.startup.VersionLoggerListener.log Command line argument: -Dignore.endorsed.dirs=
24-May-2020 01:29:18.727 INFO [main] org.apache.catalina.startup.VersionLoggerListener.log Command line argument: -Dcatalina.base=/home/cristi/SER422/tomcat-8.5.55-8080
24-May-2020 01:29:18.727 INFO [main] org.apache.catalina.startup.VersionLoggerListener.log Command line argument: -Dcatalina.home=/home/cristi/SER422/tomcat-8.5.55-8080
24-May-2020 01:29:18.727 INFO [main] org.apache.catalina.startup.VersionLoggerListener.log Command line argument: -Djava.io.tmpdir=/home/cristi/SER422/tomcat-8.5.55-8080/temp
24-May-2020 01:29:18.728 INFO [main] org.apache.catalina.core.AprLifecycleListener.lifecycleEvent The Apache Tomcat Native library which allows using OpenSSL was not found on the java.library.path: [/usr/java/packages/lib:/usr/lib/x86_64-linux-gnu/jni:/lib/x86_64-linux-gnu:/usr/lib/x86_64-linux-gnu:/usr/lib/jni:/lib:/usr/lib]
24-May-2020 01:29:18.828 INFO [main] org.apache.coyote.AbstractProtocol.init Initializing ProtocolHandler ["http-nio-8080"]
24-May-2020 01:29:18.849 INFO [main] org.apache.tomcat.util.net.NioSelectorPool.getSharedSelector Using a shared selector for servlet write/read
24-May-2020 01:29:18.879 INFO [main] org.apache.catalina.startup.Catalina.load Initialization processed in 1261 ms
24-May-2020 01:29:18.987 INFO [main] org.apache.catalina.core.StandardService.startInternal Starting service [Catalina]
24-May-2020 01:29:18.988 INFO [main] org.apache.catalina.core.StandardEngine.startInternal Starting Servlet Engine: Apache Tomcat/8.5.55
24-May-2020 01:29:19.011 INFO [localhost-startStop-1] org.apache.catalina.startup.HostConfig.deployDirectory Deploying web application directory [/home/cristi/SER422/tomcat-8.5.55-8080/webapps/manager]
24-May-2020 01:29:19.517 INFO [localhost-startStop-1] org.apache.catalina.startup.HostConfig.deployDirectory Deployment of web application directory [/home/cristi/SER422/tomcat-8.5.55-8080/webapps/manager] has finished in [506] ms
24-May-2020 01:29:19.518 INFO [localhost-startStop-1] org.apache.catalina.startup.HostConfig.deployDirectory Deploying web application directory [/home/cristi/SER422/tomcat-8.5.55-8080/webapps/examples]
24-May-2020 01:29:19.903 INFO [localhost-startStop-1] org.apache.catalina.startup.HostConfig.deployDirectory Deployment of web application directory [/home/cristi/SER422/tomcat-8.5.55-8080/webapps/examples] has finished in [384] ms
24-May-2020 01:29:19.903 INFO [localhost-startStop-1] org.apache.catalina.startup.HostConfig.deployDirectory Deploying web application directory [/home/cristi/SER422/tomcat-8.5.55-8080/webapps/ROOT]
24-May-2020 01:29:19.931 INFO [localhost-startStop-1] org.apache.catalina.startup.HostConfig.deployDirectory Deployment of web application directory [/home/cristi/SER422/tomcat-8.5.55-8080/webapps/ROOT] has finished in [27] ms
24-May-2020 01:29:19.931 INFO [localhost-startStop-1] org.apache.catalina.startup.HostConfig.deployDirectory Deploying web application directory [/home/cristi/SER422/tomcat-8.5.55-8080/webapps/docs]
24-May-2020 01:29:19.958 INFO [localhost-startStop-1] org.apache.catalina.startup.HostConfig.deployDirectory Deployment of web application directory [/home/cristi/SER422/tomcat-8.5.55-8080/webapps/docs] has finished in [26] ms
24-May-2020 01:29:19.958 INFO [localhost-startStop-1] org.apache.catalina.startup.HostConfig.deployDirectory Deploying web application directory [/home/cristi/SER422/tomcat-8.5.55-8080/webapps/lab1_cdeleo1]
24-May-2020 01:29:19.998 INFO [localhost-startStop-1] org.apache.catalina.startup.HostConfig.deployDirectory Deployment of web application directory [/home/cristi/SER422/tomcat-8.5.55-8080/webapps/lab1_cdeleo1] has finished in [40] ms
24-May-2020 01:29:19.999 INFO [localhost-startStop-1] org.apache.catalina.startup.HostConfig.deployDirectory Deploying web application directory [/home/cristi/SER422/tomcat-8.5.55-8080/webapps/host-manager]
24-May-2020 01:29:20.031 INFO [localhost-startStop-1] org.apache.catalina.startup.HostConfig.deployDirectory Deployment of web application directory [/home/cristi/SER422/tomcat-8.5.55-8080/webapps/host-manager] has finished in [32] ms
24-May-2020 01:29:20.043 INFO [main] org.apache.coyote.AbstractProtocol.start Starting ProtocolHandler ["http-nio-8080"]
24-May-2020 01:29:20.070 INFO [main] org.apache.catalina.startup.Catalina.start Server startup in 1191 ms
24-May-2020 01:30:40.484 INFO [http-nio-8080-exec-2] org.apache.catalina.core.StandardContext.reload Reloading Context with name [/lab1_cdeleo1] has started
24-May-2020 01:30:40.694 INFO [http-nio-8080-exec-2] org.apache.catalina.core.StandardContext.reload Reloading Context with name [/lab1_cdeleo1] is completed
24-May-2020 01:30:49.103 INFO [http-nio-8080-exec-9] org.apache.catalina.startup.HostConfig.undeploy Undeploying context [/lab1_cdeleo1]
24-May-2020 01:30:59.885 INFO [main] org.apache.catalina.startup.VersionLoggerListener.log Server version name:   Apache Tomcat/8.5.55
24-May-2020 01:30:59.892 INFO [main] org.apache.catalina.startup.VersionLoggerListener.log Server built:          May 5 2020 22:10:54 UTC
24-May-2020 01:30:59.893 INFO [main] org.apache.catalina.startup.VersionLoggerListener.log Server version number: 8.5.55.0
24-May-2020 01:30:59.893 INFO [main] org.apache.catalina.startup.VersionLoggerListener.log OS Name:               Linux
24-May-2020 01:30:59.894 INFO [main] org.apache.catalina.startup.VersionLoggerListener.log OS Version:            5.3.0-53-generic
24-May-2020 01:30:59.894 INFO [main] org.apache.catalina.startup.VersionLoggerListener.log Architecture:          amd64
24-May-2020 01:30:59.894 INFO [main] org.apache.catalina.startup.VersionLoggerListener.log Java Home:             /usr/lib/jvm/java-11-openjdk-amd64
24-May-2020 01:30:59.895 INFO [main] org.apache.catalina.startup.VersionLoggerListener.log JVM Version:           11.0.7+10-post-Ubuntu-2ubuntu218.04
24-May-2020 01:30:59.895 INFO [main] org.apache.catalina.startup.VersionLoggerListener.log JVM Vendor:            Ubuntu
24-May-2020 01:30:59.895 INFO [main] org.apache.catalina.startup.VersionLoggerListener.log CATALINA_BASE:         /home/cristi/SER422/tomcat-8.5.55-8080
24-May-2020 01:30:59.895 INFO [main] org.apache.catalina.startup.VersionLoggerListener.log CATALINA_HOME:         /home/cristi/SER422/tomcat-8.5.55-8080
24-May-2020 01:30:59.900 INFO [main] org.apache.catalina.startup.VersionLoggerListener.log Command line argument: --add-opens=java.base/java.lang=ALL-UNNAMED
24-May-2020 01:30:59.900 INFO [main] org.apache.catalina.startup.VersionLoggerListener.log Command line argument: --add-opens=java.base/java.io=ALL-UNNAMED
24-May-2020 01:30:59.900 INFO [main] org.apache.catalina.startup.VersionLoggerListener.log Command line argument: --add-opens=java.rmi/sun.rmi.transport=ALL-UNNAMED
24-May-2020 01:30:59.901 INFO [main] org.apache.catalina.startup.VersionLoggerListener.log Command line argument: -Djava.util.logging.config.file=/home/cristi/SER422/tomcat-8.5.55-8080/conf/logging.properties
24-May-2020 01:30:59.901 INFO [main] org.apache.catalina.startup.VersionLoggerListener.log Command line argument: -Djava.util.logging.manager=org.apache.juli.ClassLoaderLogManager
24-May-2020 01:30:59.901 INFO [main] org.apache.catalina.startup.VersionLoggerListener.log Command line argument: -Djdk.tls.ephemeralDHKeySize=2048
24-May-2020 01:30:59.901 INFO [main] org.apache.catalina.startup.VersionLoggerListener.log Command line argument: -Djava.protocol.handler.pkgs=org.apache.catalina.webresources
24-May-2020 01:30:59.901 INFO [main] org.apache.catalina.startup.VersionLoggerListener.log Command line argument: -Dorg.apache.catalina.security.SecurityListener.UMASK=0027
24-May-2020 01:30:59.902 INFO [main] org.apache.catalina.startup.VersionLoggerListener.log Command line argument: -Dignore.endorsed.dirs=
24-May-2020 01:30:59.902 INFO [main] org.apache.catalina.startup.VersionLoggerListener.log Command line argument: -Dcatalina.base=/home/cristi/SER422/tomcat-8.5.55-8080
24-May-2020 01:30:59.902 INFO [main] org.apache.catalina.startup.VersionLoggerListener.log Command line argument: -Dcatalina.home=/home/cristi/SER422/tomcat-8.5.55-8080
24-May-2020 01:30:59.902 INFO [main] org.apache.catalina.startup.VersionLoggerListener.log Command line argument: -Djava.io.tmpdir=/home/cristi/SER422/tomcat-8.5.55-8080/temp
24-May-2020 01:30:59.902 INFO [main] org.apache.catalina.core.AprLifecycleListener.lifecycleEvent The Apache Tomcat Native library which allows using OpenSSL was not found on the java.library.path: [/usr/java/packages/lib:/usr/lib/x86_64-linux-gnu/jni:/lib/x86_64-linux-gnu:/usr/lib/x86_64-linux-gnu:/usr/lib/jni:/lib:/usr/lib]
24-May-2020 01:30:59.985 INFO [main] org.apache.coyote.AbstractProtocol.init Initializing ProtocolHandler ["http-nio-8080"]
24-May-2020 01:31:00.007 SEVERE [main] org.apache.catalina.core.StandardService.initInternal Failed to initialize connector [Connector[HTTP/1.1-8080]]
	org.apache.catalina.LifecycleException: Protocol handler initialization failed
		at org.apache.catalina.connector.Connector.initInternal(Connector.java:1068)
		at org.apache.catalina.util.LifecycleBase.init(LifecycleBase.java:136)
		at org.apache.catalina.core.StandardService.initInternal(StandardService.java:552)
		at org.apache.catalina.util.LifecycleBase.init(LifecycleBase.java:136)
		at org.apache.catalina.core.StandardServer.initInternal(StandardServer.java:848)
		at org.apache.catalina.util.LifecycleBase.init(LifecycleBase.java:136)
		at org.apache.catalina.startup.Catalina.load(Catalina.java:639)
		at org.apache.catalina.startup.Catalina.load(Catalina.java:662)
		at java.base/jdk.internal.reflect.NativeMethodAccessorImpl.invoke0(Native Method)
		at java.base/jdk.internal.reflect.NativeMethodAccessorImpl.invoke(NativeMethodAccessorImpl.java:62)
		at java.base/jdk.internal.reflect.DelegatingMethodAccessorImpl.invoke(DelegatingMethodAccessorImpl.java:43)
		at java.base/java.lang.reflect.Method.invoke(Method.java:566)
		at org.apache.catalina.startup.Bootstrap.load(Bootstrap.java:303)
		at org.apache.catalina.startup.Bootstrap.main(Bootstrap.java:473)
	Caused by: java.net.BindException: Address already in use
		at java.base/sun.nio.ch.Net.bind0(Native Method)
		at java.base/sun.nio.ch.Net.bind(Net.java:455)
		at java.base/sun.nio.ch.Net.bind(Net.java:447)
		at java.base/sun.nio.ch.ServerSocketChannelImpl.bind(ServerSocketChannelImpl.java:227)
		at java.base/sun.nio.ch.ServerSocketAdaptor.bind(ServerSocketAdaptor.java:80)
		at org.apache.tomcat.util.net.NioEndpoint.bind(NioEndpoint.java:221)
		at org.apache.tomcat.util.net.AbstractEndpoint.init(AbstractEndpoint.java:1118)
		at org.apache.tomcat.util.net.AbstractJsseEndpoint.init(AbstractJsseEndpoint.java:222)
		at org.apache.coyote.AbstractProtocol.init(AbstractProtocol.java:587)
		at org.apache.coyote.http11.AbstractHttp11Protocol.init(AbstractHttp11Protocol.java:74)
		at org.apache.catalina.connector.Connector.initInternal(Connector.java:1066)
		... 13 more
24-May-2020 01:31:00.027 INFO [main] org.apache.catalina.startup.Catalina.load Initialization processed in 1213 ms
24-May-2020 01:31:00.121 INFO [main] org.apache.catalina.core.StandardService.startInternal Starting service [Catalina]
24-May-2020 01:31:00.122 INFO [main] org.apache.catalina.core.StandardEngine.startInternal Starting Servlet Engine: Apache Tomcat/8.5.55
24-May-2020 01:31:00.147 INFO [localhost-startStop-1] org.apache.catalina.startup.HostConfig.deployDirectory Deploying web application directory [/home/cristi/SER422/tomcat-8.5.55-8080/webapps/manager]
24-May-2020 01:31:00.679 INFO [localhost-startStop-1] org.apache.catalina.startup.HostConfig.deployDirectory Deployment of web application directory [/home/cristi/SER422/tomcat-8.5.55-8080/webapps/manager] has finished in [531] ms
24-May-2020 01:31:00.680 INFO [localhost-startStop-1] org.apache.catalina.startup.HostConfig.deployDirectory Deploying web application directory [/home/cristi/SER422/tomcat-8.5.55-8080/webapps/examples]
24-May-2020 01:31:01.071 INFO [localhost-startStop-1] org.apache.catalina.startup.HostConfig.deployDirectory Deployment of web application directory [/home/cristi/SER422/tomcat-8.5.55-8080/webapps/examples] has finished in [391] ms
24-May-2020 01:31:01.072 INFO [localhost-startStop-1] org.apache.catalina.startup.HostConfig.deployDirectory Deploying web application directory [/home/cristi/SER422/tomcat-8.5.55-8080/webapps/ROOT]
24-May-2020 01:31:01.099 INFO [localhost-startStop-1] org.apache.catalina.startup.HostConfig.deployDirectory Deployment of web application directory [/home/cristi/SER422/tomcat-8.5.55-8080/webapps/ROOT] has finished in [28] ms
24-May-2020 01:31:01.100 INFO [localhost-startStop-1] org.apache.catalina.startup.HostConfig.deployDirectory Deploying web application directory [/home/cristi/SER422/tomcat-8.5.55-8080/webapps/docs]
24-May-2020 01:31:01.127 INFO [localhost-startStop-1] org.apache.catalina.startup.HostConfig.deployDirectory Deployment of web application directory [/home/cristi/SER422/tomcat-8.5.55-8080/webapps/docs] has finished in [26] ms
24-May-2020 01:31:01.127 INFO [localhost-startStop-1] org.apache.catalina.startup.HostConfig.deployDirectory Deploying web application directory [/home/cristi/SER422/tomcat-8.5.55-8080/webapps/host-manager]
24-May-2020 01:31:01.159 INFO [localhost-startStop-1] org.apache.catalina.startup.HostConfig.deployDirectory Deployment of web application directory [/home/cristi/SER422/tomcat-8.5.55-8080/webapps/host-manager] has finished in [32] ms
24-May-2020 01:31:01.171 INFO [main] org.apache.catalina.startup.Catalina.start Server startup in 1143 ms
24-May-2020 01:31:01.175 SEVERE [main] org.apache.catalina.core.StandardServer.await StandardServer.await: create[localhost:8005]: 
	java.net.BindException: Address already in use (Bind failed)
		at java.base/java.net.PlainSocketImpl.socketBind(Native Method)
		at java.base/java.net.AbstractPlainSocketImpl.bind(AbstractPlainSocketImpl.java:436)
		at java.base/java.net.ServerSocket.bind(ServerSocket.java:395)
		at java.base/java.net.ServerSocket.<init>(ServerSocket.java:257)
		at org.apache.catalina.core.StandardServer.await(StandardServer.java:421)
		at org.apache.catalina.startup.Catalina.await(Catalina.java:776)
		at org.apache.catalina.startup.Catalina.start(Catalina.java:722)
		at java.base/jdk.internal.reflect.NativeMethodAccessorImpl.invoke0(Native Method)
		at java.base/jdk.internal.reflect.NativeMethodAccessorImpl.invoke(NativeMethodAccessorImpl.java:62)
		at java.base/jdk.internal.reflect.DelegatingMethodAccessorImpl.invoke(DelegatingMethodAccessorImpl.java:43)
		at java.base/java.lang.reflect.Method.invoke(Method.java:566)
		at org.apache.catalina.startup.Bootstrap.start(Bootstrap.java:343)
		at org.apache.catalina.startup.Bootstrap.main(Bootstrap.java:474)
24-May-2020 01:31:01.176 INFO [main] org.apache.coyote.AbstractProtocol.pause Pausing ProtocolHandler ["http-nio-8080"]
24-May-2020 01:31:01.176 INFO [main] org.apache.catalina.core.StandardService.stopInternal Stopping service [Catalina]
24-May-2020 01:31:01.228 INFO [main] org.apache.coyote.AbstractProtocol.stop Stopping ProtocolHandler ["http-nio-8080"]
24-May-2020 01:31:01.229 INFO [main] org.apache.coyote.AbstractProtocol.destroy Destroying ProtocolHandler ["http-nio-8080"]
24-May-2020 01:31:11.092 INFO [main] org.apache.catalina.core.StandardServer.await A valid shutdown command was received via the shutdown port. Stopping the Server instance.
24-May-2020 01:31:11.092 INFO [main] org.apache.coyote.AbstractProtocol.pause Pausing ProtocolHandler ["http-nio-8080"]
24-May-2020 01:31:11.102 INFO [main] org.apache.catalina.core.StandardService.stopInternal Stopping service [Catalina]
24-May-2020 01:31:11.224 INFO [main] org.apache.coyote.AbstractProtocol.stop Stopping ProtocolHandler ["http-nio-8080"]
24-May-2020 01:31:11.230 INFO [main] org.apache.coyote.AbstractProtocol.destroy Destroying ProtocolHandler ["http-nio-8080"]
24-May-2020 01:31:14.372 INFO [main] org.apache.catalina.startup.VersionLoggerListener.log Server version name:   Apache Tomcat/8.5.55
24-May-2020 01:31:14.379 INFO [main] org.apache.catalina.startup.VersionLoggerListener.log Server built:          May 5 2020 22:10:54 UTC
24-May-2020 01:31:14.379 INFO [main] org.apache.catalina.startup.VersionLoggerListener.log Server version number: 8.5.55.0
24-May-2020 01:31:14.380 INFO [main] org.apache.catalina.startup.VersionLoggerListener.log OS Name:               Linux
24-May-2020 01:31:14.380 INFO [main] org.apache.catalina.startup.VersionLoggerListener.log OS Version:            5.3.0-53-generic
24-May-2020 01:31:14.381 INFO [main] org.apache.catalina.startup.VersionLoggerListener.log Architecture:          amd64
24-May-2020 01:31:14.381 INFO [main] org.apache.catalina.startup.VersionLoggerListener.log Java Home:             /usr/lib/jvm/java-11-openjdk-amd64
24-May-2020 01:31:14.382 INFO [main] org.apache.catalina.startup.VersionLoggerListener.log JVM Version:           11.0.7+10-post-Ubuntu-2ubuntu218.04
24-May-2020 01:31:14.382 INFO [main] org.apache.catalina.startup.VersionLoggerListener.log JVM Vendor:            Ubuntu
24-May-2020 01:31:14.382 INFO [main] org.apache.catalina.startup.VersionLoggerListener.log CATALINA_BASE:         /home/cristi/SER422/tomcat-8.5.55-8080
24-May-2020 01:31:14.383 INFO [main] org.apache.catalina.startup.VersionLoggerListener.log CATALINA_HOME:         /home/cristi/SER422/tomcat-8.5.55-8080
24-May-2020 01:31:14.388 INFO [main] org.apache.catalina.startup.VersionLoggerListener.log Command line argument: --add-opens=java.base/java.lang=ALL-UNNAMED
24-May-2020 01:31:14.389 INFO [main] org.apache.catalina.startup.VersionLoggerListener.log Command line argument: --add-opens=java.base/java.io=ALL-UNNAMED
24-May-2020 01:31:14.389 INFO [main] org.apache.catalina.startup.VersionLoggerListener.log Command line argument: --add-opens=java.rmi/sun.rmi.transport=ALL-UNNAMED
24-May-2020 01:31:14.389 INFO [main] org.apache.catalina.startup.VersionLoggerListener.log Command line argument: -Djava.util.logging.config.file=/home/cristi/SER422/tomcat-8.5.55-8080/conf/logging.properties
24-May-2020 01:31:14.389 INFO [main] org.apache.catalina.startup.VersionLoggerListener.log Command line argument: -Djava.util.logging.manager=org.apache.juli.ClassLoaderLogManager
24-May-2020 01:31:14.390 INFO [main] org.apache.catalina.startup.VersionLoggerListener.log Command line argument: -Djdk.tls.ephemeralDHKeySize=2048
24-May-2020 01:31:14.390 INFO [main] org.apache.catalina.startup.VersionLoggerListener.log Command line argument: -Djava.protocol.handler.pkgs=org.apache.catalina.webresources
24-May-2020 01:31:14.390 INFO [main] org.apache.catalina.startup.VersionLoggerListener.log Command line argument: -Dorg.apache.catalina.security.SecurityListener.UMASK=0027
24-May-2020 01:31:14.390 INFO [main] org.apache.catalina.startup.VersionLoggerListener.log Command line argument: -Dignore.endorsed.dirs=
24-May-2020 01:31:14.390 INFO [main] org.apache.catalina.startup.VersionLoggerListener.log Command line argument: -Dcatalina.base=/home/cristi/SER422/tomcat-8.5.55-8080
24-May-2020 01:31:14.391 INFO [main] org.apache.catalina.startup.VersionLoggerListener.log Command line argument: -Dcatalina.home=/home/cristi/SER422/tomcat-8.5.55-8080
24-May-2020 01:31:14.391 INFO [main] org.apache.catalina.startup.VersionLoggerListener.log Command line argument: -Djava.io.tmpdir=/home/cristi/SER422/tomcat-8.5.55-8080/temp
24-May-2020 01:31:14.391 INFO [main] org.apache.catalina.core.AprLifecycleListener.lifecycleEvent The Apache Tomcat Native library which allows using OpenSSL was not found on the java.library.path: [/usr/java/packages/lib:/usr/lib/x86_64-linux-gnu/jni:/lib/x86_64-linux-gnu:/usr/lib/x86_64-linux-gnu:/usr/lib/jni:/lib:/usr/lib]
24-May-2020 01:31:14.491 INFO [main] org.apache.coyote.AbstractProtocol.init Initializing ProtocolHandler ["http-nio-8080"]
24-May-2020 01:31:14.513 INFO [main] org.apache.tomcat.util.net.NioSelectorPool.getSharedSelector Using a shared selector for servlet write/read
24-May-2020 01:31:14.542 INFO [main] org.apache.catalina.startup.Catalina.load Initialization processed in 1149 ms
24-May-2020 01:31:14.651 INFO [main] org.apache.catalina.core.StandardService.startInternal Starting service [Catalina]
24-May-2020 01:31:14.651 INFO [main] org.apache.catalina.core.StandardEngine.startInternal Starting Servlet Engine: Apache Tomcat/8.5.55
24-May-2020 01:31:14.673 INFO [localhost-startStop-1] org.apache.catalina.startup.HostConfig.deployDirectory Deploying web application directory [/home/cristi/SER422/tomcat-8.5.55-8080/webapps/manager]
24-May-2020 01:31:15.170 INFO [localhost-startStop-1] org.apache.catalina.startup.HostConfig.deployDirectory Deployment of web application directory [/home/cristi/SER422/tomcat-8.5.55-8080/webapps/manager] has finished in [497] ms
24-May-2020 01:31:15.171 INFO [localhost-startStop-1] org.apache.catalina.startup.HostConfig.deployDirectory Deploying web application directory [/home/cristi/SER422/tomcat-8.5.55-8080/webapps/examples]
24-May-2020 01:31:15.592 INFO [localhost-startStop-1] org.apache.catalina.startup.HostConfig.deployDirectory Deployment of web application directory [/home/cristi/SER422/tomcat-8.5.55-8080/webapps/examples] has finished in [421] ms
24-May-2020 01:31:15.592 INFO [localhost-startStop-1] org.apache.catalina.startup.HostConfig.deployDirectory Deploying web application directory [/home/cristi/SER422/tomcat-8.5.55-8080/webapps/ROOT]
24-May-2020 01:31:15.621 INFO [localhost-startStop-1] org.apache.catalina.startup.HostConfig.deployDirectory Deployment of web application directory [/home/cristi/SER422/tomcat-8.5.55-8080/webapps/ROOT] has finished in [28] ms
24-May-2020 01:31:15.621 INFO [localhost-startStop-1] org.apache.catalina.startup.HostConfig.deployDirectory Deploying web application directory [/home/cristi/SER422/tomcat-8.5.55-8080/webapps/docs]
24-May-2020 01:31:15.648 INFO [localhost-startStop-1] org.apache.catalina.startup.HostConfig.deployDirectory Deployment of web application directory [/home/cristi/SER422/tomcat-8.5.55-8080/webapps/docs] has finished in [26] ms
24-May-2020 01:31:15.648 INFO [localhost-startStop-1] org.apache.catalina.startup.HostConfig.deployDirectory Deploying web application directory [/home/cristi/SER422/tomcat-8.5.55-8080/webapps/host-manager]
24-May-2020 01:31:15.681 INFO [localhost-startStop-1] org.apache.catalina.startup.HostConfig.deployDirectory Deployment of web application directory [/home/cristi/SER422/tomcat-8.5.55-8080/webapps/host-manager] has finished in [33] ms
24-May-2020 01:31:15.700 INFO [main] org.apache.coyote.AbstractProtocol.start Starting ProtocolHandler ["http-nio-8080"]
24-May-2020 01:31:15.744 INFO [main] org.apache.catalina.startup.Catalina.start Server startup in 1201 ms
24-May-2020 01:32:05.782 INFO [localhost-startStop-2] org.apache.catalina.startup.HostConfig.deployDirectory Deploying web application directory [/home/cristi/SER422/tomcat-8.5.55-8080/webapps/lab1_cdeleo1]
24-May-2020 01:32:05.968 INFO [localhost-startStop-2] org.apache.catalina.startup.HostConfig.deployDirectory Deployment of web application directory [/home/cristi/SER422/tomcat-8.5.55-8080/webapps/lab1_cdeleo1] has finished in [179] ms
24-May-2020 01:36:11.236 INFO [main] org.apache.catalina.core.StandardServer.await A valid shutdown command was received via the shutdown port. Stopping the Server instance.
24-May-2020 01:36:11.237 INFO [main] org.apache.coyote.AbstractProtocol.pause Pausing ProtocolHandler ["http-nio-8080"]
24-May-2020 01:36:11.246 INFO [main] org.apache.catalina.core.StandardService.stopInternal Stopping service [Catalina]
24-May-2020 01:36:11.357 INFO [main] org.apache.coyote.AbstractProtocol.stop Stopping ProtocolHandler ["http-nio-8080"]
24-May-2020 01:36:11.363 INFO [main] org.apache.coyote.AbstractProtocol.destroy Destroying ProtocolHandler ["http-nio-8080"]
24-May-2020 01:36:14.673 INFO [main] org.apache.catalina.startup.VersionLoggerListener.log Server version name:   Apache Tomcat/8.5.55
24-May-2020 01:36:14.680 INFO [main] org.apache.catalina.startup.VersionLoggerListener.log Server built:          May 5 2020 22:10:54 UTC
24-May-2020 01:36:14.681 INFO [main] org.apache.catalina.startup.VersionLoggerListener.log Server version number: 8.5.55.0
24-May-2020 01:36:14.681 INFO [main] org.apache.catalina.startup.VersionLoggerListener.log OS Name:               Linux
24-May-2020 01:36:14.682 INFO [main] org.apache.catalina.startup.VersionLoggerListener.log OS Version:            5.3.0-53-generic
24-May-2020 01:36:14.682 INFO [main] org.apache.catalina.startup.VersionLoggerListener.log Architecture:          amd64
24-May-2020 01:36:14.683 INFO [main] org.apache.catalina.startup.VersionLoggerListener.log Java Home:             /usr/lib/jvm/java-11-openjdk-amd64
24-May-2020 01:36:14.683 INFO [main] org.apache.catalina.startup.VersionLoggerListener.log JVM Version:           11.0.7+10-post-Ubuntu-2ubuntu218.04
24-May-2020 01:36:14.684 INFO [main] org.apache.catalina.startup.VersionLoggerListener.log JVM Vendor:            Ubuntu
24-May-2020 01:36:14.684 INFO [main] org.apache.catalina.startup.VersionLoggerListener.log CATALINA_BASE:         /home/cristi/SER422/tomcat-8.5.55-8080
24-May-2020 01:36:14.684 INFO [main] org.apache.catalina.startup.VersionLoggerListener.log CATALINA_HOME:         /home/cristi/SER422/tomcat-8.5.55-8080
24-May-2020 01:36:14.688 INFO [main] org.apache.catalina.startup.VersionLoggerListener.log Command line argument: --add-opens=java.base/java.lang=ALL-UNNAMED
24-May-2020 01:36:14.688 INFO [main] org.apache.catalina.startup.VersionLoggerListener.log Command line argument: --add-opens=java.base/java.io=ALL-UNNAMED
24-May-2020 01:36:14.689 INFO [main] org.apache.catalina.startup.VersionLoggerListener.log Command line argument: --add-opens=java.rmi/sun.rmi.transport=ALL-UNNAMED
24-May-2020 01:36:14.689 INFO [main] org.apache.catalina.startup.VersionLoggerListener.log Command line argument: -Djava.util.logging.config.file=/home/cristi/SER422/tomcat-8.5.55-8080/conf/logging.properties
24-May-2020 01:36:14.689 INFO [main] org.apache.catalina.startup.VersionLoggerListener.log Command line argument: -Djava.util.logging.manager=org.apache.juli.ClassLoaderLogManager
24-May-2020 01:36:14.689 INFO [main] org.apache.catalina.startup.VersionLoggerListener.log Command line argument: -Djdk.tls.ephemeralDHKeySize=2048
24-May-2020 01:36:14.690 INFO [main] org.apache.catalina.startup.VersionLoggerListener.log Command line argument: -Djava.protocol.handler.pkgs=org.apache.catalina.webresources
24-May-2020 01:36:14.690 INFO [main] org.apache.catalina.startup.VersionLoggerListener.log Command line argument: -Dorg.apache.catalina.security.SecurityListener.UMASK=0027
24-May-2020 01:36:14.690 INFO [main] org.apache.catalina.startup.VersionLoggerListener.log Command line argument: -Dignore.endorsed.dirs=
24-May-2020 01:36:14.690 INFO [main] org.apache.catalina.startup.VersionLoggerListener.log Command line argument: -Dcatalina.base=/home/cristi/SER422/tomcat-8.5.55-8080
24-May-2020 01:36:14.691 INFO [main] org.apache.catalina.startup.VersionLoggerListener.log Command line argument: -Dcatalina.home=/home/cristi/SER422/tomcat-8.5.55-8080
24-May-2020 01:36:14.691 INFO [main] org.apache.catalina.startup.VersionLoggerListener.log Command line argument: -Djava.io.tmpdir=/home/cristi/SER422/tomcat-8.5.55-8080/temp
24-May-2020 01:36:14.691 INFO [main] org.apache.catalina.core.AprLifecycleListener.lifecycleEvent The Apache Tomcat Native library which allows using OpenSSL was not found on the java.library.path: [/usr/java/packages/lib:/usr/lib/x86_64-linux-gnu/jni:/lib/x86_64-linux-gnu:/usr/lib/x86_64-linux-gnu:/usr/lib/jni:/lib:/usr/lib]
24-May-2020 01:36:14.789 INFO [main] org.apache.coyote.AbstractProtocol.init Initializing ProtocolHandler ["http-nio-8080"]
24-May-2020 01:36:14.814 INFO [main] org.apache.tomcat.util.net.NioSelectorPool.getSharedSelector Using a shared selector for servlet write/read
24-May-2020 01:36:14.845 INFO [main] org.apache.catalina.startup.Catalina.load Initialization processed in 1537 ms
24-May-2020 01:36:14.973 INFO [main] org.apache.catalina.core.StandardService.startInternal Starting service [Catalina]
24-May-2020 01:36:14.973 INFO [main] org.apache.catalina.core.StandardEngine.startInternal Starting Servlet Engine: Apache Tomcat/8.5.55
24-May-2020 01:36:15.000 INFO [localhost-startStop-1] org.apache.catalina.startup.HostConfig.deployDirectory Deploying web application directory [/home/cristi/SER422/tomcat-8.5.55-8080/webapps/manager]
24-May-2020 01:36:15.529 INFO [localhost-startStop-1] org.apache.catalina.startup.HostConfig.deployDirectory Deployment of web application directory [/home/cristi/SER422/tomcat-8.5.55-8080/webapps/manager] has finished in [529] ms
24-May-2020 01:36:15.529 INFO [localhost-startStop-1] org.apache.catalina.startup.HostConfig.deployDirectory Deploying web application directory [/home/cristi/SER422/tomcat-8.5.55-8080/webapps/examples]
24-May-2020 01:36:15.951 INFO [localhost-startStop-1] org.apache.catalina.startup.HostConfig.deployDirectory Deployment of web application directory [/home/cristi/SER422/tomcat-8.5.55-8080/webapps/examples] has finished in [422] ms
24-May-2020 01:36:15.951 INFO [localhost-startStop-1] org.apache.catalina.startup.HostConfig.deployDirectory Deploying web application directory [/home/cristi/SER422/tomcat-8.5.55-8080/webapps/ROOT]
24-May-2020 01:36:15.983 INFO [localhost-startStop-1] org.apache.catalina.startup.HostConfig.deployDirectory Deployment of web application directory [/home/cristi/SER422/tomcat-8.5.55-8080/webapps/ROOT] has finished in [32] ms
24-May-2020 01:36:15.984 INFO [localhost-startStop-1] org.apache.catalina.startup.HostConfig.deployDirectory Deploying web application directory [/home/cristi/SER422/tomcat-8.5.55-8080/webapps/docs]
24-May-2020 01:36:16.012 INFO [localhost-startStop-1] org.apache.catalina.startup.HostConfig.deployDirectory Deployment of web application directory [/home/cristi/SER422/tomcat-8.5.55-8080/webapps/docs] has finished in [28] ms
24-May-2020 01:36:16.013 INFO [localhost-startStop-1] org.apache.catalina.startup.HostConfig.deployDirectory Deploying web application directory [/home/cristi/SER422/tomcat-8.5.55-8080/webapps/lab1_cdeleo1]
24-May-2020 01:36:16.057 INFO [localhost-startStop-1] org.apache.catalina.startup.HostConfig.deployDirectory Deployment of web application directory [/home/cristi/SER422/tomcat-8.5.55-8080/webapps/lab1_cdeleo1] has finished in [44] ms
24-May-2020 01:36:16.057 INFO [localhost-startStop-1] org.apache.catalina.startup.HostConfig.deployDirectory Deploying web application directory [/home/cristi/SER422/tomcat-8.5.55-8080/webapps/host-manager]
24-May-2020 01:36:16.093 INFO [localhost-startStop-1] org.apache.catalina.startup.HostConfig.deployDirectory Deployment of web application directory [/home/cristi/SER422/tomcat-8.5.55-8080/webapps/host-manager] has finished in [35] ms
24-May-2020 01:36:16.103 INFO [main] org.apache.coyote.AbstractProtocol.start Starting ProtocolHandler ["http-nio-8080"]
24-May-2020 01:36:16.124 INFO [main] org.apache.catalina.startup.Catalina.start Server startup in 1277 ms
24-May-2020 01:41:17.483 INFO [main] org.apache.catalina.core.StandardServer.await A valid shutdown command was received via the shutdown port. Stopping the Server instance.
24-May-2020 01:41:17.484 INFO [main] org.apache.coyote.AbstractProtocol.pause Pausing ProtocolHandler ["http-nio-8080"]
24-May-2020 01:41:17.496 INFO [main] org.apache.catalina.core.StandardService.stopInternal Stopping service [Catalina]
24-May-2020 01:41:17.643 INFO [main] org.apache.coyote.AbstractProtocol.stop Stopping ProtocolHandler ["http-nio-8080"]
24-May-2020 01:41:17.654 INFO [main] org.apache.coyote.AbstractProtocol.destroy Destroying ProtocolHandler ["http-nio-8080"]
24-May-2020 01:41:21.068 INFO [main] org.apache.catalina.startup.VersionLoggerListener.log Server version name:   Apache Tomcat/8.5.55
24-May-2020 01:41:21.075 INFO [main] org.apache.catalina.startup.VersionLoggerListener.log Server built:          May 5 2020 22:10:54 UTC
24-May-2020 01:41:21.076 INFO [main] org.apache.catalina.startup.VersionLoggerListener.log Server version number: 8.5.55.0
24-May-2020 01:41:21.076 INFO [main] org.apache.catalina.startup.VersionLoggerListener.log OS Name:               Linux
24-May-2020 01:41:21.076 INFO [main] org.apache.catalina.startup.VersionLoggerListener.log OS Version:            5.3.0-53-generic
24-May-2020 01:41:21.077 INFO [main] org.apache.catalina.startup.VersionLoggerListener.log Architecture:          amd64
24-May-2020 01:41:21.077 INFO [main] org.apache.catalina.startup.VersionLoggerListener.log Java Home:             /usr/lib/jvm/java-11-openjdk-amd64
24-May-2020 01:41:21.077 INFO [main] org.apache.catalina.startup.VersionLoggerListener.log JVM Version:           11.0.7+10-post-Ubuntu-2ubuntu218.04
24-May-2020 01:41:21.077 INFO [main] org.apache.catalina.startup.VersionLoggerListener.log JVM Vendor:            Ubuntu
24-May-2020 01:41:21.078 INFO [main] org.apache.catalina.startup.VersionLoggerListener.log CATALINA_BASE:         /home/cristi/SER422/tomcat-8.5.55-8080
24-May-2020 01:41:21.078 INFO [main] org.apache.catalina.startup.VersionLoggerListener.log CATALINA_HOME:         /home/cristi/SER422/tomcat-8.5.55-8080
24-May-2020 01:41:21.084 INFO [main] org.apache.catalina.startup.VersionLoggerListener.log Command line argument: --add-opens=java.base/java.lang=ALL-UNNAMED
24-May-2020 01:41:21.085 INFO [main] org.apache.catalina.startup.VersionLoggerListener.log Command line argument: --add-opens=java.base/java.io=ALL-UNNAMED
24-May-2020 01:41:21.085 INFO [main] org.apache.catalina.startup.VersionLoggerListener.log Command line argument: --add-opens=java.rmi/sun.rmi.transport=ALL-UNNAMED
24-May-2020 01:41:21.085 INFO [main] org.apache.catalina.startup.VersionLoggerListener.log Command line argument: -Djava.util.logging.config.file=/home/cristi/SER422/tomcat-8.5.55-8080/conf/logging.properties
24-May-2020 01:41:21.085 INFO [main] org.apache.catalina.startup.VersionLoggerListener.log Command line argument: -Djava.util.logging.manager=org.apache.juli.ClassLoaderLogManager
24-May-2020 01:41:21.085 INFO [main] org.apache.catalina.startup.VersionLoggerListener.log Command line argument: -Djdk.tls.ephemeralDHKeySize=2048
24-May-2020 01:41:21.085 INFO [main] org.apache.catalina.startup.VersionLoggerListener.log Command line argument: -Djava.protocol.handler.pkgs=org.apache.catalina.webresources
24-May-2020 01:41:21.086 INFO [main] org.apache.catalina.startup.VersionLoggerListener.log Command line argument: -Dorg.apache.catalina.security.SecurityListener.UMASK=0027
24-May-2020 01:41:21.086 INFO [main] org.apache.catalina.startup.VersionLoggerListener.log Command line argument: -Dignore.endorsed.dirs=
24-May-2020 01:41:21.086 INFO [main] org.apache.catalina.startup.VersionLoggerListener.log Command line argument: -Dcatalina.base=/home/cristi/SER422/tomcat-8.5.55-8080
24-May-2020 01:41:21.086 INFO [main] org.apache.catalina.startup.VersionLoggerListener.log Command line argument: -Dcatalina.home=/home/cristi/SER422/tomcat-8.5.55-8080
24-May-2020 01:41:21.086 INFO [main] org.apache.catalina.startup.VersionLoggerListener.log Command line argument: -Djava.io.tmpdir=/home/cristi/SER422/tomcat-8.5.55-8080/temp
24-May-2020 01:41:21.087 INFO [main] org.apache.catalina.core.AprLifecycleListener.lifecycleEvent The Apache Tomcat Native library which allows using OpenSSL was not found on the java.library.path: [/usr/java/packages/lib:/usr/lib/x86_64-linux-gnu/jni:/lib/x86_64-linux-gnu:/usr/lib/x86_64-linux-gnu:/usr/lib/jni:/lib:/usr/lib]
24-May-2020 01:41:21.184 INFO [main] org.apache.coyote.AbstractProtocol.init Initializing ProtocolHandler ["http-nio-8080"]
24-May-2020 01:41:21.203 INFO [main] org.apache.tomcat.util.net.NioSelectorPool.getSharedSelector Using a shared selector for servlet write/read
24-May-2020 01:41:21.229 INFO [main] org.apache.catalina.startup.Catalina.load Initialization processed in 1162 ms
24-May-2020 01:41:21.328 INFO [main] org.apache.catalina.core.StandardService.startInternal Starting service [Catalina]
24-May-2020 01:41:21.329 INFO [main] org.apache.catalina.core.StandardEngine.startInternal Starting Servlet Engine: Apache Tomcat/8.5.55
24-May-2020 01:41:21.349 INFO [localhost-startStop-1] org.apache.catalina.startup.HostConfig.deployDirectory Deploying web application directory [/home/cristi/SER422/tomcat-8.5.55-8080/webapps/manager]
24-May-2020 01:41:21.895 INFO [localhost-startStop-1] org.apache.catalina.startup.HostConfig.deployDirectory Deployment of web application directory [/home/cristi/SER422/tomcat-8.5.55-8080/webapps/manager] has finished in [545] ms
24-May-2020 01:41:21.896 INFO [localhost-startStop-1] org.apache.catalina.startup.HostConfig.deployDirectory Deploying web application directory [/home/cristi/SER422/tomcat-8.5.55-8080/webapps/examples]
24-May-2020 01:41:22.300 INFO [localhost-startStop-1] org.apache.catalina.startup.HostConfig.deployDirectory Deployment of web application directory [/home/cristi/SER422/tomcat-8.5.55-8080/webapps/examples] has finished in [404] ms
24-May-2020 01:41:22.301 INFO [localhost-startStop-1] org.apache.catalina.startup.HostConfig.deployDirectory Deploying web application directory [/home/cristi/SER422/tomcat-8.5.55-8080/webapps/ROOT]
24-May-2020 01:41:22.333 INFO [localhost-startStop-1] org.apache.catalina.startup.HostConfig.deployDirectory Deployment of web application directory [/home/cristi/SER422/tomcat-8.5.55-8080/webapps/ROOT] has finished in [32] ms
24-May-2020 01:41:22.334 INFO [localhost-startStop-1] org.apache.catalina.startup.HostConfig.deployDirectory Deploying web application directory [/home/cristi/SER422/tomcat-8.5.55-8080/webapps/docs]
24-May-2020 01:41:22.364 INFO [localhost-startStop-1] org.apache.catalina.startup.HostConfig.deployDirectory Deployment of web application directory [/home/cristi/SER422/tomcat-8.5.55-8080/webapps/docs] has finished in [30] ms
24-May-2020 01:41:22.365 INFO [localhost-startStop-1] org.apache.catalina.startup.HostConfig.deployDirectory Deploying web application directory [/home/cristi/SER422/tomcat-8.5.55-8080/webapps/lab1_cdeleo1]
24-May-2020 01:41:22.412 INFO [localhost-startStop-1] org.apache.catalina.startup.HostConfig.deployDirectory Deployment of web application directory [/home/cristi/SER422/tomcat-8.5.55-8080/webapps/lab1_cdeleo1] has finished in [47] ms
24-May-2020 01:41:22.413 INFO [localhost-startStop-1] org.apache.catalina.startup.HostConfig.deployDirectory Deploying web application directory [/home/cristi/SER422/tomcat-8.5.55-8080/webapps/host-manager]
24-May-2020 01:41:22.450 INFO [localhost-startStop-1] org.apache.catalina.startup.HostConfig.deployDirectory Deployment of web application directory [/home/cristi/SER422/tomcat-8.5.55-8080/webapps/host-manager] has finished in [36] ms
24-May-2020 01:41:22.471 INFO [main] org.apache.coyote.AbstractProtocol.start Starting ProtocolHandler ["http-nio-8080"]
24-May-2020 01:41:22.510 INFO [main] org.apache.catalina.startup.Catalina.start Server startup in 1281 ms
24-May-2020 01:43:22.634 INFO [localhost-startStop-2] org.apache.catalina.startup.HostConfig.deployDirectory Deploying web application directory [/home/cristi/SER422/tomcat-8.5.55-8080/webapps/task1_cdeleo1]
24-May-2020 01:43:22.758 INFO [localhost-startStop-2] org.apache.catalina.startup.HostConfig.deployDirectory Deployment of web application directory [/home/cristi/SER422/tomcat-8.5.55-8080/webapps/task1_cdeleo1] has finished in [124] ms
24-May-2020 01:43:48.073 INFO [main] org.apache.catalina.core.StandardServer.await A valid shutdown command was received via the shutdown port. Stopping the Server instance.
24-May-2020 01:43:48.074 INFO [main] org.apache.coyote.AbstractProtocol.pause Pausing ProtocolHandler ["http-nio-8080"]
24-May-2020 01:43:48.084 INFO [main] org.apache.catalina.core.StandardService.stopInternal Stopping service [Catalina]
24-May-2020 01:43:48.206 INFO [main] org.apache.coyote.AbstractProtocol.stop Stopping ProtocolHandler ["http-nio-8080"]
24-May-2020 01:43:48.213 INFO [main] org.apache.coyote.AbstractProtocol.destroy Destroying ProtocolHandler ["http-nio-8080"]
24-May-2020 01:43:52.023 INFO [main] org.apache.catalina.startup.VersionLoggerListener.log Server version name:   Apache Tomcat/8.5.55
24-May-2020 01:43:52.041 INFO [main] org.apache.catalina.startup.VersionLoggerListener.log Server built:          May 5 2020 22:10:54 UTC
24-May-2020 01:43:52.042 INFO [main] org.apache.catalina.startup.VersionLoggerListener.log Server version number: 8.5.55.0
24-May-2020 01:43:52.043 INFO [main] org.apache.catalina.startup.VersionLoggerListener.log OS Name:               Linux
24-May-2020 01:43:52.043 INFO [main] org.apache.catalina.startup.VersionLoggerListener.log OS Version:            5.3.0-53-generic
24-May-2020 01:43:52.043 INFO [main] org.apache.catalina.startup.VersionLoggerListener.log Architecture:          amd64
24-May-2020 01:43:52.043 INFO [main] org.apache.catalina.startup.VersionLoggerListener.log Java Home:             /usr/lib/jvm/java-11-openjdk-amd64
24-May-2020 01:43:52.044 INFO [main] org.apache.catalina.startup.VersionLoggerListener.log JVM Version:           11.0.7+10-post-Ubuntu-2ubuntu218.04
24-May-2020 01:43:52.044 INFO [main] org.apache.catalina.startup.VersionLoggerListener.log JVM Vendor:            Ubuntu
24-May-2020 01:43:52.044 INFO [main] org.apache.catalina.startup.VersionLoggerListener.log CATALINA_BASE:         /home/cristi/SER422/tomcat-8.5.55-8080
24-May-2020 01:43:52.045 INFO [main] org.apache.catalina.startup.VersionLoggerListener.log CATALINA_HOME:         /home/cristi/SER422/tomcat-8.5.55-8080
24-May-2020 01:43:52.047 INFO [main] org.apache.catalina.startup.VersionLoggerListener.log Command line argument: --add-opens=java.base/java.lang=ALL-UNNAMED
24-May-2020 01:43:52.048 INFO [main] org.apache.catalina.startup.VersionLoggerListener.log Command line argument: --add-opens=java.base/java.io=ALL-UNNAMED
24-May-2020 01:43:52.049 INFO [main] org.apache.catalina.startup.VersionLoggerListener.log Command line argument: --add-opens=java.rmi/sun.rmi.transport=ALL-UNNAMED
24-May-2020 01:43:52.049 INFO [main] org.apache.catalina.startup.VersionLoggerListener.log Command line argument: -Djava.util.logging.config.file=/home/cristi/SER422/tomcat-8.5.55-8080/conf/logging.properties
24-May-2020 01:43:52.049 INFO [main] org.apache.catalina.startup.VersionLoggerListener.log Command line argument: -Djava.util.logging.manager=org.apache.juli.ClassLoaderLogManager
24-May-2020 01:43:52.049 INFO [main] org.apache.catalina.startup.VersionLoggerListener.log Command line argument: -Djdk.tls.ephemeralDHKeySize=2048
24-May-2020 01:43:52.049 INFO [main] org.apache.catalina.startup.VersionLoggerListener.log Command line argument: -Djava.protocol.handler.pkgs=org.apache.catalina.webresources
24-May-2020 01:43:52.050 INFO [main] org.apache.catalina.startup.VersionLoggerListener.log Command line argument: -Dorg.apache.catalina.security.SecurityListener.UMASK=0027
24-May-2020 01:43:52.050 INFO [main] org.apache.catalina.startup.VersionLoggerListener.log Command line argument: -Dignore.endorsed.dirs=
24-May-2020 01:43:52.050 INFO [main] org.apache.catalina.startup.VersionLoggerListener.log Command line argument: -Dcatalina.base=/home/cristi/SER422/tomcat-8.5.55-8080
24-May-2020 01:43:52.050 INFO [main] org.apache.catalina.startup.VersionLoggerListener.log Command line argument: -Dcatalina.home=/home/cristi/SER422/tomcat-8.5.55-8080
24-May-2020 01:43:52.051 INFO [main] org.apache.catalina.startup.VersionLoggerListener.log Command line argument: -Djava.io.tmpdir=/home/cristi/SER422/tomcat-8.5.55-8080/temp
24-May-2020 01:43:52.051 INFO [main] org.apache.catalina.core.AprLifecycleListener.lifecycleEvent The Apache Tomcat Native library which allows using OpenSSL was not found on the java.library.path: [/usr/java/packages/lib:/usr/lib/x86_64-linux-gnu/jni:/lib/x86_64-linux-gnu:/usr/lib/x86_64-linux-gnu:/usr/lib/jni:/lib:/usr/lib]
24-May-2020 01:43:52.135 INFO [main] org.apache.coyote.AbstractProtocol.init Initializing ProtocolHandler ["http-nio-8080"]
24-May-2020 01:43:52.155 INFO [main] org.apache.tomcat.util.net.NioSelectorPool.getSharedSelector Using a shared selector for servlet write/read
24-May-2020 01:43:52.181 INFO [main] org.apache.catalina.startup.Catalina.load Initialization processed in 1272 ms
24-May-2020 01:43:52.281 INFO [main] org.apache.catalina.core.StandardService.startInternal Starting service [Catalina]
24-May-2020 01:43:52.282 INFO [main] org.apache.catalina.core.StandardEngine.startInternal Starting Servlet Engine: Apache Tomcat/8.5.55
24-May-2020 01:43:52.301 INFO [localhost-startStop-1] org.apache.catalina.startup.HostConfig.deployDirectory Deploying web application directory [/home/cristi/SER422/tomcat-8.5.55-8080/webapps/manager]
24-May-2020 01:43:52.816 INFO [localhost-startStop-1] org.apache.catalina.startup.HostConfig.deployDirectory Deployment of web application directory [/home/cristi/SER422/tomcat-8.5.55-8080/webapps/manager] has finished in [514] ms
24-May-2020 01:43:52.817 INFO [localhost-startStop-1] org.apache.catalina.startup.HostConfig.deployDirectory Deploying web application directory [/home/cristi/SER422/tomcat-8.5.55-8080/webapps/task1_cdeleo1]
24-May-2020 01:43:52.869 INFO [localhost-startStop-1] org.apache.catalina.startup.HostConfig.deployDirectory Deployment of web application directory [/home/cristi/SER422/tomcat-8.5.55-8080/webapps/task1_cdeleo1] has finished in [52] ms
24-May-2020 01:43:52.870 INFO [localhost-startStop-1] org.apache.catalina.startup.HostConfig.deployDirectory Deploying web application directory [/home/cristi/SER422/tomcat-8.5.55-8080/webapps/examples]
24-May-2020 01:43:53.292 INFO [localhost-startStop-1] org.apache.catalina.startup.HostConfig.deployDirectory Deployment of web application directory [/home/cristi/SER422/tomcat-8.5.55-8080/webapps/examples] has finished in [421] ms
24-May-2020 01:43:53.292 INFO [localhost-startStop-1] org.apache.catalina.startup.HostConfig.deployDirectory Deploying web application directory [/home/cristi/SER422/tomcat-8.5.55-8080/webapps/ROOT]
24-May-2020 01:43:53.324 INFO [localhost-startStop-1] org.apache.catalina.startup.HostConfig.deployDirectory Deployment of web application directory [/home/cristi/SER422/tomcat-8.5.55-8080/webapps/ROOT] has finished in [32] ms
24-May-2020 01:43:53.325 INFO [localhost-startStop-1] org.apache.catalina.startup.HostConfig.deployDirectory Deploying web application directory [/home/cristi/SER422/tomcat-8.5.55-8080/webapps/docs]
24-May-2020 01:43:53.354 INFO [localhost-startStop-1] org.apache.catalina.startup.HostConfig.deployDirectory Deployment of web application directory [/home/cristi/SER422/tomcat-8.5.55-8080/webapps/docs] has finished in [29] ms
24-May-2020 01:43:53.354 INFO [localhost-startStop-1] org.apache.catalina.startup.HostConfig.deployDirectory Deploying web application directory [/home/cristi/SER422/tomcat-8.5.55-8080/webapps/lab1_cdeleo1]
24-May-2020 01:43:53.384 INFO [localhost-startStop-1] org.apache.catalina.startup.HostConfig.deployDirectory Deployment of web application directory [/home/cristi/SER422/tomcat-8.5.55-8080/webapps/lab1_cdeleo1] has finished in [29] ms
24-May-2020 01:43:53.384 INFO [localhost-startStop-1] org.apache.catalina.startup.HostConfig.deployDirectory Deploying web application directory [/home/cristi/SER422/tomcat-8.5.55-8080/webapps/host-manager]
24-May-2020 01:43:53.418 INFO [localhost-startStop-1] org.apache.catalina.startup.HostConfig.deployDirectory Deployment of web application directory [/home/cristi/SER422/tomcat-8.5.55-8080/webapps/host-manager] has finished in [34] ms
24-May-2020 01:43:53.431 INFO [main] org.apache.coyote.AbstractProtocol.start Starting ProtocolHandler ["http-nio-8080"]
24-May-2020 01:43:53.452 INFO [main] org.apache.catalina.startup.Catalina.start Server startup in 1270 ms
24-May-2020 01:50:47.063 INFO [main] org.apache.catalina.core.StandardServer.await A valid shutdown command was received via the shutdown port. Stopping the Server instance.
24-May-2020 01:50:47.065 INFO [main] org.apache.coyote.AbstractProtocol.pause Pausing ProtocolHandler ["http-nio-8080"]
24-May-2020 01:50:47.075 INFO [main] org.apache.catalina.core.StandardService.stopInternal Stopping service [Catalina]
24-May-2020 01:50:47.202 INFO [main] org.apache.coyote.AbstractProtocol.stop Stopping ProtocolHandler ["http-nio-8080"]
24-May-2020 01:50:47.208 INFO [main] org.apache.coyote.AbstractProtocol.destroy Destroying ProtocolHandler ["http-nio-8080"]
24-May-2020 01:50:50.352 INFO [main] org.apache.catalina.startup.VersionLoggerListener.log Server version name:   Apache Tomcat/8.5.55
24-May-2020 01:50:50.358 INFO [main] org.apache.catalina.startup.VersionLoggerListener.log Server built:          May 5 2020 22:10:54 UTC
24-May-2020 01:50:50.359 INFO [main] org.apache.catalina.startup.VersionLoggerListener.log Server version number: 8.5.55.0
24-May-2020 01:50:50.359 INFO [main] org.apache.catalina.startup.VersionLoggerListener.log OS Name:               Linux
24-May-2020 01:50:50.360 INFO [main] org.apache.catalina.startup.VersionLoggerListener.log OS Version:            5.3.0-53-generic
24-May-2020 01:50:50.360 INFO [main] org.apache.catalina.startup.VersionLoggerListener.log Architecture:          amd64
24-May-2020 01:50:50.360 INFO [main] org.apache.catalina.startup.VersionLoggerListener.log Java Home:             /usr/lib/jvm/java-11-openjdk-amd64
24-May-2020 01:50:50.361 INFO [main] org.apache.catalina.startup.VersionLoggerListener.log JVM Version:           11.0.7+10-post-Ubuntu-2ubuntu218.04
24-May-2020 01:50:50.361 INFO [main] org.apache.catalina.startup.VersionLoggerListener.log JVM Vendor:            Ubuntu
24-May-2020 01:50:50.361 INFO [main] org.apache.catalina.startup.VersionLoggerListener.log CATALINA_BASE:         /home/cristi/SER422/tomcat-8.5.55-8080
24-May-2020 01:50:50.361 INFO [main] org.apache.catalina.startup.VersionLoggerListener.log CATALINA_HOME:         /home/cristi/SER422/tomcat-8.5.55-8080
24-May-2020 01:50:50.365 INFO [main] org.apache.catalina.startup.VersionLoggerListener.log Command line argument: --add-opens=java.base/java.lang=ALL-UNNAMED
24-May-2020 01:50:50.366 INFO [main] org.apache.catalina.startup.VersionLoggerListener.log Command line argument: --add-opens=java.base/java.io=ALL-UNNAMED
24-May-2020 01:50:50.366 INFO [main] org.apache.catalina.startup.VersionLoggerListener.log Command line argument: --add-opens=java.rmi/sun.rmi.transport=ALL-UNNAMED
24-May-2020 01:50:50.366 INFO [main] org.apache.catalina.startup.VersionLoggerListener.log Command line argument: -Djava.util.logging.config.file=/home/cristi/SER422/tomcat-8.5.55-8080/conf/logging.properties
24-May-2020 01:50:50.367 INFO [main] org.apache.catalina.startup.VersionLoggerListener.log Command line argument: -Djava.util.logging.manager=org.apache.juli.ClassLoaderLogManager
24-May-2020 01:50:50.367 INFO [main] org.apache.catalina.startup.VersionLoggerListener.log Command line argument: -Djdk.tls.ephemeralDHKeySize=2048
24-May-2020 01:50:50.367 INFO [main] org.apache.catalina.startup.VersionLoggerListener.log Command line argument: -Djava.protocol.handler.pkgs=org.apache.catalina.webresources
24-May-2020 01:50:50.367 INFO [main] org.apache.catalina.startup.VersionLoggerListener.log Command line argument: -Dorg.apache.catalina.security.SecurityListener.UMASK=0027
24-May-2020 01:50:50.367 INFO [main] org.apache.catalina.startup.VersionLoggerListener.log Command line argument: -Dignore.endorsed.dirs=
24-May-2020 01:50:50.368 INFO [main] org.apache.catalina.startup.VersionLoggerListener.log Command line argument: -Dcatalina.base=/home/cristi/SER422/tomcat-8.5.55-8080
24-May-2020 01:50:50.368 INFO [main] org.apache.catalina.startup.VersionLoggerListener.log Command line argument: -Dcatalina.home=/home/cristi/SER422/tomcat-8.5.55-8080
24-May-2020 01:50:50.368 INFO [main] org.apache.catalina.startup.VersionLoggerListener.log Command line argument: -Djava.io.tmpdir=/home/cristi/SER422/tomcat-8.5.55-8080/temp
24-May-2020 01:50:50.368 INFO [main] org.apache.catalina.core.AprLifecycleListener.lifecycleEvent The Apache Tomcat Native library which allows using OpenSSL was not found on the java.library.path: [/usr/java/packages/lib:/usr/lib/x86_64-linux-gnu/jni:/lib/x86_64-linux-gnu:/usr/lib/x86_64-linux-gnu:/usr/lib/jni:/lib:/usr/lib]
24-May-2020 01:50:50.458 INFO [main] org.apache.coyote.AbstractProtocol.init Initializing ProtocolHandler ["http-nio-8080"]
24-May-2020 01:50:50.478 INFO [main] org.apache.tomcat.util.net.NioSelectorPool.getSharedSelector Using a shared selector for servlet write/read
24-May-2020 01:50:50.504 INFO [main] org.apache.catalina.startup.Catalina.load Initialization processed in 1223 ms
24-May-2020 01:50:50.601 INFO [main] org.apache.catalina.core.StandardService.startInternal Starting service [Catalina]
24-May-2020 01:50:50.601 INFO [main] org.apache.catalina.core.StandardEngine.startInternal Starting Servlet Engine: Apache Tomcat/8.5.55
24-May-2020 01:50:50.620 INFO [localhost-startStop-1] org.apache.catalina.startup.HostConfig.deployDirectory Deploying web application directory [/home/cristi/SER422/tomcat-8.5.55-8080/webapps/manager]
24-May-2020 01:50:51.146 INFO [localhost-startStop-1] org.apache.catalina.startup.HostConfig.deployDirectory Deployment of web application directory [/home/cristi/SER422/tomcat-8.5.55-8080/webapps/manager] has finished in [526] ms
24-May-2020 01:50:51.147 INFO [localhost-startStop-1] org.apache.catalina.startup.HostConfig.deployDirectory Deploying web application directory [/home/cristi/SER422/tomcat-8.5.55-8080/webapps/task1_cdeleo1]
24-May-2020 01:50:51.202 INFO [localhost-startStop-1] org.apache.catalina.startup.HostConfig.deployDirectory Deployment of web application directory [/home/cristi/SER422/tomcat-8.5.55-8080/webapps/task1_cdeleo1] has finished in [55] ms
24-May-2020 01:50:51.203 INFO [localhost-startStop-1] org.apache.catalina.startup.HostConfig.deployDirectory Deploying web application directory [/home/cristi/SER422/tomcat-8.5.55-8080/webapps/examples]
24-May-2020 01:50:51.590 INFO [localhost-startStop-1] org.apache.catalina.startup.HostConfig.deployDirectory Deployment of web application directory [/home/cristi/SER422/tomcat-8.5.55-8080/webapps/examples] has finished in [387] ms
24-May-2020 01:50:51.591 INFO [localhost-startStop-1] org.apache.catalina.startup.HostConfig.deployDirectory Deploying web application directory [/home/cristi/SER422/tomcat-8.5.55-8080/webapps/ROOT]
24-May-2020 01:50:51.626 INFO [localhost-startStop-1] org.apache.catalina.startup.HostConfig.deployDirectory Deployment of web application directory [/home/cristi/SER422/tomcat-8.5.55-8080/webapps/ROOT] has finished in [35] ms
24-May-2020 01:50:51.627 INFO [localhost-startStop-1] org.apache.catalina.startup.HostConfig.deployDirectory Deploying web application directory [/home/cristi/SER422/tomcat-8.5.55-8080/webapps/docs]
24-May-2020 01:50:51.656 INFO [localhost-startStop-1] org.apache.catalina.startup.HostConfig.deployDirectory Deployment of web application directory [/home/cristi/SER422/tomcat-8.5.55-8080/webapps/docs] has finished in [29] ms
24-May-2020 01:50:51.657 INFO [localhost-startStop-1] org.apache.catalina.startup.HostConfig.deployDirectory Deploying web application directory [/home/cristi/SER422/tomcat-8.5.55-8080/webapps/lab1_cdeleo1]
24-May-2020 01:50:51.693 INFO [localhost-startStop-1] org.apache.catalina.startup.HostConfig.deployDirectory Deployment of web application directory [/home/cristi/SER422/tomcat-8.5.55-8080/webapps/lab1_cdeleo1] has finished in [36] ms
24-May-2020 01:50:51.694 INFO [localhost-startStop-1] org.apache.catalina.startup.HostConfig.deployDirectory Deploying web application directory [/home/cristi/SER422/tomcat-8.5.55-8080/webapps/host-manager]
24-May-2020 01:50:51.732 INFO [localhost-startStop-1] org.apache.catalina.startup.HostConfig.deployDirectory Deployment of web application directory [/home/cristi/SER422/tomcat-8.5.55-8080/webapps/host-manager] has finished in [38] ms
24-May-2020 01:50:51.747 INFO [main] org.apache.coyote.AbstractProtocol.start Starting ProtocolHandler ["http-nio-8080"]
24-May-2020 01:50:51.778 INFO [main] org.apache.catalina.startup.Catalina.start Server startup in 1273 ms
24-May-2020 01:51:58.952 INFO [main] org.apache.catalina.core.StandardServer.await A valid shutdown command was received via the shutdown port. Stopping the Server instance.
24-May-2020 01:51:58.953 INFO [main] org.apache.coyote.AbstractProtocol.pause Pausing ProtocolHandler ["http-nio-8080"]
24-May-2020 01:51:58.963 INFO [main] org.apache.catalina.core.StandardService.stopInternal Stopping service [Catalina]
24-May-2020 01:51:59.080 INFO [main] org.apache.coyote.AbstractProtocol.stop Stopping ProtocolHandler ["http-nio-8080"]
24-May-2020 01:51:59.085 INFO [main] org.apache.coyote.AbstractProtocol.destroy Destroying ProtocolHandler ["http-nio-8080"]
24-May-2020 01:52:02.146 INFO [main] org.apache.catalina.startup.VersionLoggerListener.log Server version name:   Apache Tomcat/8.5.55
24-May-2020 01:52:02.152 INFO [main] org.apache.catalina.startup.VersionLoggerListener.log Server built:          May 5 2020 22:10:54 UTC
24-May-2020 01:52:02.153 INFO [main] org.apache.catalina.startup.VersionLoggerListener.log Server version number: 8.5.55.0
24-May-2020 01:52:02.153 INFO [main] org.apache.catalina.startup.VersionLoggerListener.log OS Name:               Linux
24-May-2020 01:52:02.154 INFO [main] org.apache.catalina.startup.VersionLoggerListener.log OS Version:            5.3.0-53-generic
24-May-2020 01:52:02.154 INFO [main] org.apache.catalina.startup.VersionLoggerListener.log Architecture:          amd64
24-May-2020 01:52:02.155 INFO [main] org.apache.catalina.startup.VersionLoggerListener.log Java Home:             /usr/lib/jvm/java-11-openjdk-amd64
24-May-2020 01:52:02.155 INFO [main] org.apache.catalina.startup.VersionLoggerListener.log JVM Version:           11.0.7+10-post-Ubuntu-2ubuntu218.04
24-May-2020 01:52:02.155 INFO [main] org.apache.catalina.startup.VersionLoggerListener.log JVM Vendor:            Ubuntu
24-May-2020 01:52:02.155 INFO [main] org.apache.catalina.startup.VersionLoggerListener.log CATALINA_BASE:         /home/cristi/SER422/tomcat-8.5.55-8080
24-May-2020 01:52:02.156 INFO [main] org.apache.catalina.startup.VersionLoggerListener.log CATALINA_HOME:         /home/cristi/SER422/tomcat-8.5.55-8080
24-May-2020 01:52:02.161 INFO [main] org.apache.catalina.startup.VersionLoggerListener.log Command line argument: --add-opens=java.base/java.lang=ALL-UNNAMED
24-May-2020 01:52:02.161 INFO [main] org.apache.catalina.startup.VersionLoggerListener.log Command line argument: --add-opens=java.base/java.io=ALL-UNNAMED
24-May-2020 01:52:02.161 INFO [main] org.apache.catalina.startup.VersionLoggerListener.log Command line argument: --add-opens=java.rmi/sun.rmi.transport=ALL-UNNAMED
24-May-2020 01:52:02.162 INFO [main] org.apache.catalina.startup.VersionLoggerListener.log Command line argument: -Djava.util.logging.config.file=/home/cristi/SER422/tomcat-8.5.55-8080/conf/logging.properties
24-May-2020 01:52:02.162 INFO [main] org.apache.catalina.startup.VersionLoggerListener.log Command line argument: -Djava.util.logging.manager=org.apache.juli.ClassLoaderLogManager
24-May-2020 01:52:02.162 INFO [main] org.apache.catalina.startup.VersionLoggerListener.log Command line argument: -Djdk.tls.ephemeralDHKeySize=2048
24-May-2020 01:52:02.162 INFO [main] org.apache.catalina.startup.VersionLoggerListener.log Command line argument: -Djava.protocol.handler.pkgs=org.apache.catalina.webresources
24-May-2020 01:52:02.162 INFO [main] org.apache.catalina.startup.VersionLoggerListener.log Command line argument: -Dorg.apache.catalina.security.SecurityListener.UMASK=0027
24-May-2020 01:52:02.163 INFO [main] org.apache.catalina.startup.VersionLoggerListener.log Command line argument: -Dignore.endorsed.dirs=
24-May-2020 01:52:02.163 INFO [main] org.apache.catalina.startup.VersionLoggerListener.log Command line argument: -Dcatalina.base=/home/cristi/SER422/tomcat-8.5.55-8080
24-May-2020 01:52:02.163 INFO [main] org.apache.catalina.startup.VersionLoggerListener.log Command line argument: -Dcatalina.home=/home/cristi/SER422/tomcat-8.5.55-8080
24-May-2020 01:52:02.163 INFO [main] org.apache.catalina.startup.VersionLoggerListener.log Command line argument: -Djava.io.tmpdir=/home/cristi/SER422/tomcat-8.5.55-8080/temp
24-May-2020 01:52:02.163 INFO [main] org.apache.catalina.core.AprLifecycleListener.lifecycleEvent The Apache Tomcat Native library which allows using OpenSSL was not found on the java.library.path: [/usr/java/packages/lib:/usr/lib/x86_64-linux-gnu/jni:/lib/x86_64-linux-gnu:/usr/lib/x86_64-linux-gnu:/usr/lib/jni:/lib:/usr/lib]
24-May-2020 01:52:02.249 INFO [main] org.apache.coyote.AbstractProtocol.init Initializing ProtocolHandler ["http-nio-8080"]
24-May-2020 01:52:02.269 INFO [main] org.apache.tomcat.util.net.NioSelectorPool.getSharedSelector Using a shared selector for servlet write/read
24-May-2020 01:52:02.298 INFO [main] org.apache.catalina.startup.Catalina.load Initialization processed in 1349 ms
24-May-2020 01:52:02.398 INFO [main] org.apache.catalina.core.StandardService.startInternal Starting service [Catalina]
24-May-2020 01:52:02.398 INFO [main] org.apache.catalina.core.StandardEngine.startInternal Starting Servlet Engine: Apache Tomcat/8.5.55
24-May-2020 01:52:02.416 INFO [localhost-startStop-1] org.apache.catalina.startup.HostConfig.deployDirectory Deploying web application directory [/home/cristi/SER422/tomcat-8.5.55-8080/webapps/manager]
24-May-2020 01:52:02.938 INFO [localhost-startStop-1] org.apache.catalina.startup.HostConfig.deployDirectory Deployment of web application directory [/home/cristi/SER422/tomcat-8.5.55-8080/webapps/manager] has finished in [521] ms
24-May-2020 01:52:02.940 INFO [localhost-startStop-1] org.apache.catalina.startup.HostConfig.deployDirectory Deploying web application directory [/home/cristi/SER422/tomcat-8.5.55-8080/webapps/task1_cdeleo1]
24-May-2020 01:52:03.015 INFO [localhost-startStop-1] org.apache.catalina.startup.HostConfig.deployDirectory Deployment of web application directory [/home/cristi/SER422/tomcat-8.5.55-8080/webapps/task1_cdeleo1] has finished in [75] ms
24-May-2020 01:52:03.016 INFO [localhost-startStop-1] org.apache.catalina.startup.HostConfig.deployDirectory Deploying web application directory [/home/cristi/SER422/tomcat-8.5.55-8080/webapps/examples]
24-May-2020 01:52:03.405 INFO [localhost-startStop-1] org.apache.catalina.startup.HostConfig.deployDirectory Deployment of web application directory [/home/cristi/SER422/tomcat-8.5.55-8080/webapps/examples] has finished in [389] ms
24-May-2020 01:52:03.406 INFO [localhost-startStop-1] org.apache.catalina.startup.HostConfig.deployDirectory Deploying web application directory [/home/cristi/SER422/tomcat-8.5.55-8080/webapps/ROOT]
24-May-2020 01:52:03.434 INFO [localhost-startStop-1] org.apache.catalina.startup.HostConfig.deployDirectory Deployment of web application directory [/home/cristi/SER422/tomcat-8.5.55-8080/webapps/ROOT] has finished in [27] ms
24-May-2020 01:52:03.434 INFO [localhost-startStop-1] org.apache.catalina.startup.HostConfig.deployDirectory Deploying web application directory [/home/cristi/SER422/tomcat-8.5.55-8080/webapps/docs]
24-May-2020 01:52:03.462 INFO [localhost-startStop-1] org.apache.catalina.startup.HostConfig.deployDirectory Deployment of web application directory [/home/cristi/SER422/tomcat-8.5.55-8080/webapps/docs] has finished in [28] ms
24-May-2020 01:52:03.462 INFO [localhost-startStop-1] org.apache.catalina.startup.HostConfig.deployDirectory Deploying web application directory [/home/cristi/SER422/tomcat-8.5.55-8080/webapps/lab1_cdeleo1]
24-May-2020 01:52:03.490 INFO [localhost-startStop-1] org.apache.catalina.startup.HostConfig.deployDirectory Deployment of web application directory [/home/cristi/SER422/tomcat-8.5.55-8080/webapps/lab1_cdeleo1] has finished in [27] ms
24-May-2020 01:52:03.490 INFO [localhost-startStop-1] org.apache.catalina.startup.HostConfig.deployDirectory Deploying web application directory [/home/cristi/SER422/tomcat-8.5.55-8080/webapps/host-manager]
24-May-2020 01:52:03.523 INFO [localhost-startStop-1] org.apache.catalina.startup.HostConfig.deployDirectory Deployment of web application directory [/home/cristi/SER422/tomcat-8.5.55-8080/webapps/host-manager] has finished in [33] ms
24-May-2020 01:52:03.535 INFO [main] org.apache.coyote.AbstractProtocol.start Starting ProtocolHandler ["http-nio-8080"]
24-May-2020 01:52:03.581 INFO [main] org.apache.catalina.startup.Catalina.start Server startup in 1282 ms
24-May-2020 01:52:52.189 INFO [main] org.apache.catalina.core.StandardServer.await A valid shutdown command was received via the shutdown port. Stopping the Server instance.
24-May-2020 01:52:52.190 INFO [main] org.apache.coyote.AbstractProtocol.pause Pausing ProtocolHandler ["http-nio-8080"]
24-May-2020 01:52:52.200 INFO [main] org.apache.catalina.core.StandardService.stopInternal Stopping service [Catalina]
24-May-2020 01:52:52.328 INFO [main] org.apache.coyote.AbstractProtocol.stop Stopping ProtocolHandler ["http-nio-8080"]
24-May-2020 01:52:52.335 INFO [main] org.apache.coyote.AbstractProtocol.destroy Destroying ProtocolHandler ["http-nio-8080"]
24-May-2020 01:52:55.352 INFO [main] org.apache.catalina.startup.VersionLoggerListener.log Server version name:   Apache Tomcat/8.5.55
24-May-2020 01:52:55.359 INFO [main] org.apache.catalina.startup.VersionLoggerListener.log Server built:          May 5 2020 22:10:54 UTC
24-May-2020 01:52:55.359 INFO [main] org.apache.catalina.startup.VersionLoggerListener.log Server version number: 8.5.55.0
24-May-2020 01:52:55.359 INFO [main] org.apache.catalina.startup.VersionLoggerListener.log OS Name:               Linux
24-May-2020 01:52:55.360 INFO [main] org.apache.catalina.startup.VersionLoggerListener.log OS Version:            5.3.0-53-generic
24-May-2020 01:52:55.360 INFO [main] org.apache.catalina.startup.VersionLoggerListener.log Architecture:          amd64
24-May-2020 01:52:55.361 INFO [main] org.apache.catalina.startup.VersionLoggerListener.log Java Home:             /usr/lib/jvm/java-11-openjdk-amd64
24-May-2020 01:52:55.361 INFO [main] org.apache.catalina.startup.VersionLoggerListener.log JVM Version:           11.0.7+10-post-Ubuntu-2ubuntu218.04
24-May-2020 01:52:55.361 INFO [main] org.apache.catalina.startup.VersionLoggerListener.log JVM Vendor:            Ubuntu
24-May-2020 01:52:55.361 INFO [main] org.apache.catalina.startup.VersionLoggerListener.log CATALINA_BASE:         /home/cristi/SER422/tomcat-8.5.55-8080
24-May-2020 01:52:55.361 INFO [main] org.apache.catalina.startup.VersionLoggerListener.log CATALINA_HOME:         /home/cristi/SER422/tomcat-8.5.55-8080
24-May-2020 01:52:55.365 INFO [main] org.apache.catalina.startup.VersionLoggerListener.log Command line argument: --add-opens=java.base/java.lang=ALL-UNNAMED
24-May-2020 01:52:55.366 INFO [main] org.apache.catalina.startup.VersionLoggerListener.log Command line argument: --add-opens=java.base/java.io=ALL-UNNAMED
24-May-2020 01:52:55.366 INFO [main] org.apache.catalina.startup.VersionLoggerListener.log Command line argument: --add-opens=java.rmi/sun.rmi.transport=ALL-UNNAMED
24-May-2020 01:52:55.366 INFO [main] org.apache.catalina.startup.VersionLoggerListener.log Command line argument: -Djava.util.logging.config.file=/home/cristi/SER422/tomcat-8.5.55-8080/conf/logging.properties
24-May-2020 01:52:55.366 INFO [main] org.apache.catalina.startup.VersionLoggerListener.log Command line argument: -Djava.util.logging.manager=org.apache.juli.ClassLoaderLogManager
24-May-2020 01:52:55.366 INFO [main] org.apache.catalina.startup.VersionLoggerListener.log Command line argument: -Djdk.tls.ephemeralDHKeySize=2048
24-May-2020 01:52:55.367 INFO [main] org.apache.catalina.startup.VersionLoggerListener.log Command line argument: -Djava.protocol.handler.pkgs=org.apache.catalina.webresources
24-May-2020 01:52:55.367 INFO [main] org.apache.catalina.startup.VersionLoggerListener.log Command line argument: -Dorg.apache.catalina.security.SecurityListener.UMASK=0027
24-May-2020 01:52:55.367 INFO [main] org.apache.catalina.startup.VersionLoggerListener.log Command line argument: -Dignore.endorsed.dirs=
24-May-2020 01:52:55.367 INFO [main] org.apache.catalina.startup.VersionLoggerListener.log Command line argument: -Dcatalina.base=/home/cristi/SER422/tomcat-8.5.55-8080
24-May-2020 01:52:55.368 INFO [main] org.apache.catalina.startup.VersionLoggerListener.log Command line argument: -Dcatalina.home=/home/cristi/SER422/tomcat-8.5.55-8080
24-May-2020 01:52:55.368 INFO [main] org.apache.catalina.startup.VersionLoggerListener.log Command line argument: -Djava.io.tmpdir=/home/cristi/SER422/tomcat-8.5.55-8080/temp
24-May-2020 01:52:55.368 INFO [main] org.apache.catalina.core.AprLifecycleListener.lifecycleEvent The Apache Tomcat Native library which allows using OpenSSL was not found on the java.library.path: [/usr/java/packages/lib:/usr/lib/x86_64-linux-gnu/jni:/lib/x86_64-linux-gnu:/usr/lib/x86_64-linux-gnu:/usr/lib/jni:/lib:/usr/lib]
24-May-2020 01:52:55.448 INFO [main] org.apache.coyote.AbstractProtocol.init Initializing ProtocolHandler ["http-nio-8080"]
24-May-2020 01:52:55.468 INFO [main] org.apache.tomcat.util.net.NioSelectorPool.getSharedSelector Using a shared selector for servlet write/read
24-May-2020 01:52:55.492 INFO [main] org.apache.catalina.startup.Catalina.load Initialization processed in 1142 ms
24-May-2020 01:52:55.590 INFO [main] org.apache.catalina.core.StandardService.startInternal Starting service [Catalina]
24-May-2020 01:52:55.591 INFO [main] org.apache.catalina.core.StandardEngine.startInternal Starting Servlet Engine: Apache Tomcat/8.5.55
24-May-2020 01:52:55.609 INFO [localhost-startStop-1] org.apache.catalina.startup.HostConfig.deployDirectory Deploying web application directory [/home/cristi/SER422/tomcat-8.5.55-8080/webapps/manager]
24-May-2020 01:52:56.102 INFO [localhost-startStop-1] org.apache.catalina.startup.HostConfig.deployDirectory Deployment of web application directory [/home/cristi/SER422/tomcat-8.5.55-8080/webapps/manager] has finished in [492] ms
24-May-2020 01:52:56.103 INFO [localhost-startStop-1] org.apache.catalina.startup.HostConfig.deployDirectory Deploying web application directory [/home/cristi/SER422/tomcat-8.5.55-8080/webapps/task1_cdeleo1]
24-May-2020 01:52:56.152 INFO [localhost-startStop-1] org.apache.catalina.startup.HostConfig.deployDirectory Deployment of web application directory [/home/cristi/SER422/tomcat-8.5.55-8080/webapps/task1_cdeleo1] has finished in [49] ms
24-May-2020 01:52:56.153 INFO [localhost-startStop-1] org.apache.catalina.startup.HostConfig.deployDirectory Deploying web application directory [/home/cristi/SER422/tomcat-8.5.55-8080/webapps/examples]
24-May-2020 01:52:56.520 INFO [localhost-startStop-1] org.apache.catalina.startup.HostConfig.deployDirectory Deployment of web application directory [/home/cristi/SER422/tomcat-8.5.55-8080/webapps/examples] has finished in [367] ms
24-May-2020 01:52:56.520 INFO [localhost-startStop-1] org.apache.catalina.startup.HostConfig.deployDirectory Deploying web application directory [/home/cristi/SER422/tomcat-8.5.55-8080/webapps/ROOT]
24-May-2020 01:52:56.550 INFO [localhost-startStop-1] org.apache.catalina.startup.HostConfig.deployDirectory Deployment of web application directory [/home/cristi/SER422/tomcat-8.5.55-8080/webapps/ROOT] has finished in [30] ms
24-May-2020 01:52:56.551 INFO [localhost-startStop-1] org.apache.catalina.startup.HostConfig.deployDirectory Deploying web application directory [/home/cristi/SER422/tomcat-8.5.55-8080/webapps/docs]
24-May-2020 01:52:56.582 INFO [localhost-startStop-1] org.apache.catalina.startup.HostConfig.deployDirectory Deployment of web application directory [/home/cristi/SER422/tomcat-8.5.55-8080/webapps/docs] has finished in [30] ms
24-May-2020 01:52:56.582 INFO [localhost-startStop-1] org.apache.catalina.startup.HostConfig.deployDirectory Deploying web application directory [/home/cristi/SER422/tomcat-8.5.55-8080/webapps/lab1_cdeleo1]
24-May-2020 01:52:56.610 INFO [localhost-startStop-1] org.apache.catalina.startup.HostConfig.deployDirectory Deployment of web application directory [/home/cristi/SER422/tomcat-8.5.55-8080/webapps/lab1_cdeleo1] has finished in [28] ms
24-May-2020 01:52:56.611 INFO [localhost-startStop-1] org.apache.catalina.startup.HostConfig.deployDirectory Deploying web application directory [/home/cristi/SER422/tomcat-8.5.55-8080/webapps/host-manager]
24-May-2020 01:52:56.646 INFO [localhost-startStop-1] org.apache.catalina.startup.HostConfig.deployDirectory Deployment of web application directory [/home/cristi/SER422/tomcat-8.5.55-8080/webapps/host-manager] has finished in [34] ms
24-May-2020 01:52:56.658 INFO [main] org.apache.coyote.AbstractProtocol.start Starting ProtocolHandler ["http-nio-8080"]
24-May-2020 01:52:56.680 INFO [main] org.apache.catalina.startup.Catalina.start Server startup in 1187 ms
24-May-2020 01:53:32.751 INFO [main] org.apache.catalina.core.StandardServer.await A valid shutdown command was received via the shutdown port. Stopping the Server instance.
24-May-2020 01:53:32.752 INFO [main] org.apache.coyote.AbstractProtocol.pause Pausing ProtocolHandler ["http-nio-8080"]
24-May-2020 01:53:32.762 INFO [main] org.apache.catalina.core.StandardService.stopInternal Stopping service [Catalina]
24-May-2020 01:53:32.886 INFO [main] org.apache.coyote.AbstractProtocol.stop Stopping ProtocolHandler ["http-nio-8080"]
24-May-2020 01:53:32.892 INFO [main] org.apache.coyote.AbstractProtocol.destroy Destroying ProtocolHandler ["http-nio-8080"]
