09-Jun-2020 00:08:04.327 INFO [ContainerBackgroundProcessor[StandardEngine[Catalina]]] org.apache.catalina.startup.HostConfig.undeploy Undeploying context [/RestExampleAPI]
09-Jun-2020 00:08:04.441 INFO [localhost-startStop-19] org.apache.catalina.startup.HostConfig.deployWAR Deploying web application archive [/home/cristi/SER422/tomcat-8.5.55-8080/webapps/RestExampleAPI.war]
09-Jun-2020 00:08:05.493 INFO [localhost-startStop-19] org.apache.jasper.servlet.TldScanner.scanJars At least one JAR was scanned for TLDs yet contained no TLDs. Enable debug logging for this logger for a complete list of JARs that were scanned but no TLDs were found in them. Skipping unneeded JARs during scanning can improve startup time and JSP compilation time.
09-Jun-2020 00:08:06.969 WARNING [localhost-startStop-19] org.glassfish.jersey.internal.Errors.logErrors The following warnings have been detected: WARNING: A HTTP GET method, public java.util.List edu.asupoly.ser422.restexample.api.SubjectResource.findAuthorsBySubject(java.lang.String), should not consume any entity.

09-Jun-2020 00:08:06.976 INFO [localhost-startStop-19] org.apache.catalina.startup.HostConfig.deployWAR Deployment of web application archive [/home/cristi/SER422/tomcat-8.5.55-8080/webapps/RestExampleAPI.war] has finished in [2,535] ms
09-Jun-2020 00:09:17.028 INFO [ContainerBackgroundProcessor[StandardEngine[Catalina]]] org.apache.catalina.startup.HostConfig.undeploy Undeploying context [/RestExampleAPI]
09-Jun-2020 00:09:17.179 INFO [localhost-startStop-20] org.apache.catalina.startup.HostConfig.deployWAR Deploying web application archive [/home/cristi/SER422/tomcat-8.5.55-8080/webapps/RestExampleAPI.war]
09-Jun-2020 00:09:18.267 INFO [localhost-startStop-20] org.apache.jasper.servlet.TldScanner.scanJars At least one JAR was scanned for TLDs yet contained no TLDs. Enable debug logging for this logger for a complete list of JARs that were scanned but no TLDs were found in them. Skipping unneeded JARs during scanning can improve startup time and JSP compilation time.
09-Jun-2020 00:09:19.028 WARNING [localhost-startStop-20] org.glassfish.jersey.internal.Errors.logErrors The following warnings have been detected: WARNING: A HTTP GET method, public java.util.List edu.asupoly.ser422.restexample.api.SubjectResource.findAuthorsBySubject(java.lang.String), should not consume any entity.

09-Jun-2020 00:09:19.033 INFO [localhost-startStop-20] org.apache.catalina.startup.HostConfig.deployWAR Deployment of web application archive [/home/cristi/SER422/tomcat-8.5.55-8080/webapps/RestExampleAPI.war] has finished in [1,855] ms
09-Jun-2020 00:10:59.082 INFO [localhost-startStop-21] org.apache.catalina.startup.HostConfig.deployWAR Deploying web application archive [/home/cristi/SER422/tomcat-8.5.55-8080/webapps/lab3.war]
09-Jun-2020 00:11:00.635 INFO [localhost-startStop-21] org.apache.jasper.servlet.TldScanner.scanJars At least one JAR was scanned for TLDs yet contained no TLDs. Enable debug logging for this logger for a complete list of JARs that were scanned but no TLDs were found in them. Skipping unneeded JARs during scanning can improve startup time and JSP compilation time.
09-Jun-2020 00:11:01.496 WARNING [localhost-startStop-21] org.glassfish.jersey.internal.Errors.logErrors The following warnings have been detected: WARNING: A HTTP GET method, public java.util.List edu.asupoly.ser422.restexample.api.SubjectResource.findAuthorsBySubject(java.lang.String), should not consume any entity.

09-Jun-2020 00:11:01.501 INFO [localhost-startStop-21] org.apache.catalina.startup.HostConfig.deployWAR Deployment of web application archive [/home/cristi/SER422/tomcat-8.5.55-8080/webapps/lab3.war] has finished in [2,419] ms
09-Jun-2020 00:15:31.643 INFO [ContainerBackgroundProcessor[StandardEngine[Catalina]]] org.apache.catalina.startup.HostConfig.undeploy Undeploying context [/lab3]
09-Jun-2020 00:15:31.716 INFO [localhost-startStop-22] org.apache.catalina.startup.HostConfig.deployWAR Deploying web application archive [/home/cristi/SER422/tomcat-8.5.55-8080/webapps/lab3.war]
09-Jun-2020 00:15:32.798 INFO [localhost-startStop-22] org.apache.jasper.servlet.TldScanner.scanJars At least one JAR was scanned for TLDs yet contained no TLDs. Enable debug logging for this logger for a complete list of JARs that were scanned but no TLDs were found in them. Skipping unneeded JARs during scanning can improve startup time and JSP compilation time.
09-Jun-2020 00:15:33.801 WARNING [localhost-startStop-22] org.glassfish.jersey.internal.Errors.logErrors The following warnings have been detected: WARNING: A HTTP GET method, public java.util.List edu.asupoly.ser422.restexample.api.SubjectResource.findAuthorsBySubject(java.lang.String), should not consume any entity.

09-Jun-2020 00:15:33.807 INFO [localhost-startStop-22] org.apache.catalina.startup.HostConfig.deployWAR Deployment of web application archive [/home/cristi/SER422/tomcat-8.5.55-8080/webapps/lab3.war] has finished in [2,091] ms
09-Jun-2020 00:17:33.867 INFO [ContainerBackgroundProcessor[StandardEngine[Catalina]]] org.apache.catalina.startup.HostConfig.undeploy Undeploying context [/lab3]
09-Jun-2020 00:17:34.019 INFO [localhost-startStop-23] org.apache.catalina.startup.HostConfig.deployWAR Deploying web application archive [/home/cristi/SER422/tomcat-8.5.55-8080/webapps/lab3.war]
09-Jun-2020 00:17:35.155 INFO [localhost-startStop-23] org.apache.jasper.servlet.TldScanner.scanJars At least one JAR was scanned for TLDs yet contained no TLDs. Enable debug logging for this logger for a complete list of JARs that were scanned but no TLDs were found in them. Skipping unneeded JARs during scanning can improve startup time and JSP compilation time.
09-Jun-2020 00:17:36.018 WARNING [localhost-startStop-23] org.glassfish.jersey.internal.Errors.logErrors The following warnings have been detected: WARNING: A HTTP GET method, public java.util.List edu.asupoly.ser422.restexample.api.SubjectResource.findAuthorsBySubject(java.lang.String), should not consume any entity.

09-Jun-2020 00:17:36.022 INFO [localhost-startStop-23] org.apache.catalina.startup.HostConfig.deployWAR Deployment of web application archive [/home/cristi/SER422/tomcat-8.5.55-8080/webapps/lab3.war] has finished in [2,003] ms
09-Jun-2020 00:28:56.381 INFO [ContainerBackgroundProcessor[StandardEngine[Catalina]]] org.apache.catalina.startup.HostConfig.undeploy Undeploying context [/lab3]
09-Jun-2020 00:28:56.498 INFO [localhost-startStop-24] org.apache.catalina.startup.HostConfig.deployWAR Deploying web application archive [/home/cristi/SER422/tomcat-8.5.55-8080/webapps/lab3.war]
09-Jun-2020 00:28:58.973 INFO [localhost-startStop-24] org.apache.jasper.servlet.TldScanner.scanJars At least one JAR was scanned for TLDs yet contained no TLDs. Enable debug logging for this logger for a complete list of JARs that were scanned but no TLDs were found in them. Skipping unneeded JARs during scanning can improve startup time and JSP compilation time.
09-Jun-2020 00:29:00.107 WARNING [localhost-startStop-24] org.glassfish.jersey.internal.Errors.logErrors The following warnings have been detected: WARNING: A HTTP GET method, public java.util.List edu.asupoly.ser422.restexample.api.SubjectResource.findAuthorsBySubject(java.lang.String), should not consume any entity.

09-Jun-2020 00:29:00.114 INFO [localhost-startStop-24] org.apache.catalina.startup.HostConfig.deployWAR Deployment of web application archive [/home/cristi/SER422/tomcat-8.5.55-8080/webapps/lab3.war] has finished in [3,617] ms
09-Jun-2020 00:32:30.227 INFO [ContainerBackgroundProcessor[StandardEngine[Catalina]]] org.apache.catalina.startup.HostConfig.undeploy Undeploying context [/lab3]
09-Jun-2020 00:32:30.379 INFO [localhost-startStop-25] org.apache.catalina.startup.HostConfig.deployWAR Deploying web application archive [/home/cristi/SER422/tomcat-8.5.55-8080/webapps/lab3.war]
09-Jun-2020 00:32:31.689 INFO [localhost-startStop-25] org.apache.jasper.servlet.TldScanner.scanJars At least one JAR was scanned for TLDs yet contained no TLDs. Enable debug logging for this logger for a complete list of JARs that were scanned but no TLDs were found in them. Skipping unneeded JARs during scanning can improve startup time and JSP compilation time.
09-Jun-2020 00:32:32.510 WARNING [localhost-startStop-25] org.glassfish.jersey.internal.Errors.logErrors The following warnings have been detected: WARNING: A HTTP GET method, public java.util.List edu.asupoly.ser422.restexample.api.SubjectResource.findAuthorsBySubject(java.lang.String), should not consume any entity.

09-Jun-2020 00:32:32.516 INFO [localhost-startStop-25] org.apache.catalina.startup.HostConfig.deployWAR Deployment of web application archive [/home/cristi/SER422/tomcat-8.5.55-8080/webapps/lab3.war] has finished in [2,136] ms
