08-Jun-2020 21:46:03.125 INFO [main] org.apache.catalina.startup.VersionLoggerListener.log Server version name:   Apache Tomcat/8.5.55
08-Jun-2020 21:46:03.148 INFO [main] org.apache.catalina.startup.VersionLoggerListener.log Server built:          May 5 2020 22:10:54 UTC
08-Jun-2020 21:46:03.149 INFO [main] org.apache.catalina.startup.VersionLoggerListener.log Server version number: 8.5.55.0
08-Jun-2020 21:46:03.150 INFO [main] org.apache.catalina.startup.VersionLoggerListener.log OS Name:               Linux
08-Jun-2020 21:46:03.150 INFO [main] org.apache.catalina.startup.VersionLoggerListener.log OS Version:            5.3.0-53-generic
08-Jun-2020 21:46:03.151 INFO [main] org.apache.catalina.startup.VersionLoggerListener.log Architecture:          amd64
08-Jun-2020 21:46:03.152 INFO [main] org.apache.catalina.startup.VersionLoggerListener.log Java Home:             /usr/lib/jvm/java-8-openjdk-amd64/jre
08-Jun-2020 21:46:03.152 INFO [main] org.apache.catalina.startup.VersionLoggerListener.log JVM Version:           1.8.0_252-8u252-b09-1~18.04-b09
08-Jun-2020 21:46:03.153 INFO [main] org.apache.catalina.startup.VersionLoggerListener.log JVM Vendor:            Private Build
08-Jun-2020 21:46:03.154 INFO [main] org.apache.catalina.startup.VersionLoggerListener.log CATALINA_BASE:         /home/cristi/SER422/tomcat-8.5.55-8080
08-Jun-2020 21:46:03.155 INFO [main] org.apache.catalina.startup.VersionLoggerListener.log CATALINA_HOME:         /home/cristi/SER422/tomcat-8.5.55-8080
08-Jun-2020 21:46:03.156 INFO [main] org.apache.catalina.startup.VersionLoggerListener.log Command line argument: -Djava.util.logging.config.file=/home/cristi/SER422/tomcat-8.5.55-8080/conf/logging.properties
08-Jun-2020 21:46:03.157 INFO [main] org.apache.catalina.startup.VersionLoggerListener.log Command line argument: -Djava.util.logging.manager=org.apache.juli.ClassLoaderLogManager
08-Jun-2020 21:46:03.158 INFO [main] org.apache.catalina.startup.VersionLoggerListener.log Command line argument: -Djdk.tls.ephemeralDHKeySize=2048
08-Jun-2020 21:46:03.159 INFO [main] org.apache.catalina.startup.VersionLoggerListener.log Command line argument: -Djava.protocol.handler.pkgs=org.apache.catalina.webresources
08-Jun-2020 21:46:03.160 INFO [main] org.apache.catalina.startup.VersionLoggerListener.log Command line argument: -Dorg.apache.catalina.security.SecurityListener.UMASK=0027
08-Jun-2020 21:46:03.161 INFO [main] org.apache.catalina.startup.VersionLoggerListener.log Command line argument: -Dignore.endorsed.dirs=
08-Jun-2020 21:46:03.162 INFO [main] org.apache.catalina.startup.VersionLoggerListener.log Command line argument: -Dcatalina.base=/home/cristi/SER422/tomcat-8.5.55-8080
08-Jun-2020 21:46:03.163 INFO [main] org.apache.catalina.startup.VersionLoggerListener.log Command line argument: -Dcatalina.home=/home/cristi/SER422/tomcat-8.5.55-8080
08-Jun-2020 21:46:03.164 INFO [main] org.apache.catalina.startup.VersionLoggerListener.log Command line argument: -Djava.io.tmpdir=/home/cristi/SER422/tomcat-8.5.55-8080/temp
08-Jun-2020 21:46:03.164 INFO [main] org.apache.catalina.core.AprLifecycleListener.lifecycleEvent The Apache Tomcat Native library which allows using OpenSSL was not found on the java.library.path: [/usr/java/packages/lib/amd64:/usr/lib/x86_64-linux-gnu/jni:/lib/x86_64-linux-gnu:/usr/lib/x86_64-linux-gnu:/usr/lib/jni:/lib:/usr/lib]
08-Jun-2020 21:46:03.682 INFO [main] org.apache.coyote.AbstractProtocol.init Initializing ProtocolHandler ["http-nio-8080"]
08-Jun-2020 21:46:03.718 INFO [main] org.apache.tomcat.util.net.NioSelectorPool.getSharedSelector Using a shared selector for servlet write/read
08-Jun-2020 21:46:03.759 INFO [main] org.apache.catalina.startup.Catalina.load Initialization processed in 2363 ms
08-Jun-2020 21:46:03.916 INFO [main] org.apache.catalina.core.StandardService.startInternal Starting service [Catalina]
08-Jun-2020 21:46:03.917 INFO [main] org.apache.catalina.core.StandardEngine.startInternal Starting Servlet Engine: Apache Tomcat/8.5.55
08-Jun-2020 21:46:03.994 INFO [localhost-startStop-1] org.apache.catalina.startup.HostConfig.deployWAR Deploying web application archive [/home/cristi/SER422/tomcat-8.5.55-8080/webapps/RestExampleAPI.war]
08-Jun-2020 21:46:04.035 INFO [localhost-startStop-1] org.apache.catalina.startup.ExpandWar.expand An expanded directory [/home/cristi/SER422/tomcat-8.5.55-8080/webapps/RestExampleAPI] was found with a last modified time that did not match the associated WAR. It will be deleted.
08-Jun-2020 21:46:05.601 INFO [localhost-startStop-1] org.apache.jasper.servlet.TldScanner.scanJars At least one JAR was scanned for TLDs yet contained no TLDs. Enable debug logging for this logger for a complete list of JARs that were scanned but no TLDs were found in them. Skipping unneeded JARs during scanning can improve startup time and JSP compilation time.
08-Jun-2020 21:46:06.981 INFO [localhost-startStop-1] org.apache.catalina.startup.HostConfig.deployWAR Deployment of web application archive [/home/cristi/SER422/tomcat-8.5.55-8080/webapps/RestExampleAPI.war] has finished in [2,986] ms
08-Jun-2020 21:46:06.982 INFO [localhost-startStop-1] org.apache.catalina.startup.HostConfig.deployDirectory Deploying web application directory [/home/cristi/SER422/tomcat-8.5.55-8080/webapps/manager]
08-Jun-2020 21:46:07.037 INFO [localhost-startStop-1] org.apache.catalina.startup.HostConfig.deployDirectory Deployment of web application directory [/home/cristi/SER422/tomcat-8.5.55-8080/webapps/manager] has finished in [55] ms
08-Jun-2020 21:46:07.038 INFO [localhost-startStop-1] org.apache.catalina.startup.HostConfig.deployDirectory Deploying web application directory [/home/cristi/SER422/tomcat-8.5.55-8080/webapps/task1_cdeleo1]
08-Jun-2020 21:46:07.067 INFO [localhost-startStop-1] org.apache.catalina.startup.HostConfig.deployDirectory Deployment of web application directory [/home/cristi/SER422/tomcat-8.5.55-8080/webapps/task1_cdeleo1] has finished in [29] ms
08-Jun-2020 21:46:07.068 INFO [localhost-startStop-1] org.apache.catalina.startup.HostConfig.deployDirectory Deploying web application directory [/home/cristi/SER422/tomcat-8.5.55-8080/webapps/examples]
08-Jun-2020 21:46:07.391 INFO [localhost-startStop-1] org.apache.catalina.startup.HostConfig.deployDirectory Deployment of web application directory [/home/cristi/SER422/tomcat-8.5.55-8080/webapps/examples] has finished in [323] ms
08-Jun-2020 21:46:07.391 INFO [localhost-startStop-1] org.apache.catalina.startup.HostConfig.deployDirectory Deploying web application directory [/home/cristi/SER422/tomcat-8.5.55-8080/webapps/ROOT]
08-Jun-2020 21:46:07.421 INFO [localhost-startStop-1] org.apache.catalina.startup.HostConfig.deployDirectory Deployment of web application directory [/home/cristi/SER422/tomcat-8.5.55-8080/webapps/ROOT] has finished in [30] ms
08-Jun-2020 21:46:07.422 INFO [localhost-startStop-1] org.apache.catalina.startup.HostConfig.deployDirectory Deploying web application directory [/home/cristi/SER422/tomcat-8.5.55-8080/webapps/docs]
08-Jun-2020 21:46:07.439 INFO [localhost-startStop-1] org.apache.catalina.startup.HostConfig.deployDirectory Deployment of web application directory [/home/cristi/SER422/tomcat-8.5.55-8080/webapps/docs] has finished in [17] ms
08-Jun-2020 21:46:07.440 INFO [localhost-startStop-1] org.apache.catalina.startup.HostConfig.deployDirectory Deploying web application directory [/home/cristi/SER422/tomcat-8.5.55-8080/webapps/host-manager]
08-Jun-2020 21:46:07.463 INFO [localhost-startStop-1] org.apache.catalina.startup.HostConfig.deployDirectory Deployment of web application directory [/home/cristi/SER422/tomcat-8.5.55-8080/webapps/host-manager] has finished in [22] ms
08-Jun-2020 21:46:07.463 INFO [localhost-startStop-1] org.apache.catalina.startup.HostConfig.deployDirectory Deploying web application directory [/home/cristi/SER422/tomcat-8.5.55-8080/webapps/lab2_cdeleo1]
08-Jun-2020 21:46:07.489 INFO [localhost-startStop-1] org.apache.catalina.startup.HostConfig.deployDirectory Deployment of web application directory [/home/cristi/SER422/tomcat-8.5.55-8080/webapps/lab2_cdeleo1] has finished in [26] ms
08-Jun-2020 21:46:07.498 INFO [main] org.apache.coyote.AbstractProtocol.start Starting ProtocolHandler ["http-nio-8080"]
08-Jun-2020 21:46:07.512 INFO [main] org.apache.catalina.startup.Catalina.start Server startup in 3751 ms
08-Jun-2020 21:53:40.172 INFO [main] org.apache.catalina.core.StandardServer.await A valid shutdown command was received via the shutdown port. Stopping the Server instance.
08-Jun-2020 21:53:40.173 INFO [main] org.apache.coyote.AbstractProtocol.pause Pausing ProtocolHandler ["http-nio-8080"]
08-Jun-2020 21:53:40.184 INFO [main] org.apache.catalina.core.StandardService.stopInternal Stopping service [Catalina]
08-Jun-2020 21:53:40.392 INFO [main] org.apache.coyote.AbstractProtocol.stop Stopping ProtocolHandler ["http-nio-8080"]
08-Jun-2020 21:53:40.400 INFO [main] org.apache.coyote.AbstractProtocol.destroy Destroying ProtocolHandler ["http-nio-8080"]
08-Jun-2020 22:01:17.170 INFO [main] org.apache.catalina.startup.VersionLoggerListener.log Server version name:   Apache Tomcat/8.5.55
08-Jun-2020 22:01:17.173 INFO [main] org.apache.catalina.startup.VersionLoggerListener.log Server built:          May 5 2020 22:10:54 UTC
08-Jun-2020 22:01:17.173 INFO [main] org.apache.catalina.startup.VersionLoggerListener.log Server version number: 8.5.55.0
08-Jun-2020 22:01:17.173 INFO [main] org.apache.catalina.startup.VersionLoggerListener.log OS Name:               Linux
08-Jun-2020 22:01:17.173 INFO [main] org.apache.catalina.startup.VersionLoggerListener.log OS Version:            5.3.0-53-generic
08-Jun-2020 22:01:17.174 INFO [main] org.apache.catalina.startup.VersionLoggerListener.log Architecture:          amd64
08-Jun-2020 22:01:17.174 INFO [main] org.apache.catalina.startup.VersionLoggerListener.log Java Home:             /usr/lib/jvm/java-8-openjdk-amd64/jre
08-Jun-2020 22:01:17.174 INFO [main] org.apache.catalina.startup.VersionLoggerListener.log JVM Version:           1.8.0_252-8u252-b09-1~18.04-b09
08-Jun-2020 22:01:17.174 INFO [main] org.apache.catalina.startup.VersionLoggerListener.log JVM Vendor:            Private Build
08-Jun-2020 22:01:17.174 INFO [main] org.apache.catalina.startup.VersionLoggerListener.log CATALINA_BASE:         /home/cristi/SER422/tomcat-8.5.55-8080
08-Jun-2020 22:01:17.175 INFO [main] org.apache.catalina.startup.VersionLoggerListener.log CATALINA_HOME:         /home/cristi/SER422/tomcat-8.5.55-8080
08-Jun-2020 22:01:17.175 INFO [main] org.apache.catalina.startup.VersionLoggerListener.log Command line argument: -Djava.util.logging.config.file=/home/cristi/SER422/tomcat-8.5.55-8080/conf/logging.properties
08-Jun-2020 22:01:17.175 INFO [main] org.apache.catalina.startup.VersionLoggerListener.log Command line argument: -Djava.util.logging.manager=org.apache.juli.ClassLoaderLogManager
08-Jun-2020 22:01:17.176 INFO [main] org.apache.catalina.startup.VersionLoggerListener.log Command line argument: -Djdk.tls.ephemeralDHKeySize=2048
08-Jun-2020 22:01:17.176 INFO [main] org.apache.catalina.startup.VersionLoggerListener.log Command line argument: -Djava.protocol.handler.pkgs=org.apache.catalina.webresources
08-Jun-2020 22:01:17.176 INFO [main] org.apache.catalina.startup.VersionLoggerListener.log Command line argument: -Dorg.apache.catalina.security.SecurityListener.UMASK=0027
08-Jun-2020 22:01:17.176 INFO [main] org.apache.catalina.startup.VersionLoggerListener.log Command line argument: -Dignore.endorsed.dirs=
08-Jun-2020 22:01:17.177 INFO [main] org.apache.catalina.startup.VersionLoggerListener.log Command line argument: -Dcatalina.base=/home/cristi/SER422/tomcat-8.5.55-8080
08-Jun-2020 22:01:17.177 INFO [main] org.apache.catalina.startup.VersionLoggerListener.log Command line argument: -Dcatalina.home=/home/cristi/SER422/tomcat-8.5.55-8080
08-Jun-2020 22:01:17.177 INFO [main] org.apache.catalina.startup.VersionLoggerListener.log Command line argument: -Djava.io.tmpdir=/home/cristi/SER422/tomcat-8.5.55-8080/temp
08-Jun-2020 22:01:17.177 INFO [main] org.apache.catalina.core.AprLifecycleListener.lifecycleEvent The Apache Tomcat Native library which allows using OpenSSL was not found on the java.library.path: [/usr/java/packages/lib/amd64:/usr/lib/x86_64-linux-gnu/jni:/lib/x86_64-linux-gnu:/usr/lib/x86_64-linux-gnu:/usr/lib/jni:/lib:/usr/lib]
08-Jun-2020 22:01:17.307 INFO [main] org.apache.coyote.AbstractProtocol.init Initializing ProtocolHandler ["http-nio-8080"]
08-Jun-2020 22:01:17.324 INFO [main] org.apache.tomcat.util.net.NioSelectorPool.getSharedSelector Using a shared selector for servlet write/read
08-Jun-2020 22:01:17.351 INFO [main] org.apache.catalina.startup.Catalina.load Initialization processed in 979 ms
08-Jun-2020 22:01:17.409 INFO [main] org.apache.catalina.core.StandardService.startInternal Starting service [Catalina]
08-Jun-2020 22:01:17.409 INFO [main] org.apache.catalina.core.StandardEngine.startInternal Starting Servlet Engine: Apache Tomcat/8.5.55
08-Jun-2020 22:01:17.438 INFO [localhost-startStop-1] org.apache.catalina.startup.HostConfig.deployWAR Deploying web application archive [/home/cristi/SER422/tomcat-8.5.55-8080/webapps/RestExampleAPI.war]
08-Jun-2020 22:01:18.635 INFO [localhost-startStop-1] org.apache.jasper.servlet.TldScanner.scanJars At least one JAR was scanned for TLDs yet contained no TLDs. Enable debug logging for this logger for a complete list of JARs that were scanned but no TLDs were found in them. Skipping unneeded JARs during scanning can improve startup time and JSP compilation time.
08-Jun-2020 22:01:19.852 INFO [localhost-startStop-1] org.apache.catalina.startup.HostConfig.deployWAR Deployment of web application archive [/home/cristi/SER422/tomcat-8.5.55-8080/webapps/RestExampleAPI.war] has finished in [2,413] ms
08-Jun-2020 22:01:19.853 INFO [localhost-startStop-1] org.apache.catalina.startup.HostConfig.deployDirectory Deploying web application directory [/home/cristi/SER422/tomcat-8.5.55-8080/webapps/manager]
08-Jun-2020 22:01:19.915 INFO [localhost-startStop-1] org.apache.catalina.startup.HostConfig.deployDirectory Deployment of web application directory [/home/cristi/SER422/tomcat-8.5.55-8080/webapps/manager] has finished in [62] ms
08-Jun-2020 22:01:19.916 INFO [localhost-startStop-1] org.apache.catalina.startup.HostConfig.deployDirectory Deploying web application directory [/home/cristi/SER422/tomcat-8.5.55-8080/webapps/task1_cdeleo1]
08-Jun-2020 22:01:19.933 INFO [localhost-startStop-1] org.apache.catalina.startup.HostConfig.deployDirectory Deployment of web application directory [/home/cristi/SER422/tomcat-8.5.55-8080/webapps/task1_cdeleo1] has finished in [17] ms
08-Jun-2020 22:01:19.933 INFO [localhost-startStop-1] org.apache.catalina.startup.HostConfig.deployDirectory Deploying web application directory [/home/cristi/SER422/tomcat-8.5.55-8080/webapps/examples]
08-Jun-2020 22:01:20.154 INFO [localhost-startStop-1] org.apache.catalina.startup.HostConfig.deployDirectory Deployment of web application directory [/home/cristi/SER422/tomcat-8.5.55-8080/webapps/examples] has finished in [221] ms
08-Jun-2020 22:01:20.154 INFO [localhost-startStop-1] org.apache.catalina.startup.HostConfig.deployDirectory Deploying web application directory [/home/cristi/SER422/tomcat-8.5.55-8080/webapps/ROOT]
08-Jun-2020 22:01:20.171 INFO [localhost-startStop-1] org.apache.catalina.startup.HostConfig.deployDirectory Deployment of web application directory [/home/cristi/SER422/tomcat-8.5.55-8080/webapps/ROOT] has finished in [17] ms
08-Jun-2020 22:01:20.171 INFO [localhost-startStop-1] org.apache.catalina.startup.HostConfig.deployDirectory Deploying web application directory [/home/cristi/SER422/tomcat-8.5.55-8080/webapps/docs]
08-Jun-2020 22:01:20.188 INFO [localhost-startStop-1] org.apache.catalina.startup.HostConfig.deployDirectory Deployment of web application directory [/home/cristi/SER422/tomcat-8.5.55-8080/webapps/docs] has finished in [16] ms
08-Jun-2020 22:01:20.188 INFO [localhost-startStop-1] org.apache.catalina.startup.HostConfig.deployDirectory Deploying web application directory [/home/cristi/SER422/tomcat-8.5.55-8080/webapps/host-manager]
08-Jun-2020 22:01:20.209 INFO [localhost-startStop-1] org.apache.catalina.startup.HostConfig.deployDirectory Deployment of web application directory [/home/cristi/SER422/tomcat-8.5.55-8080/webapps/host-manager] has finished in [20] ms
08-Jun-2020 22:01:20.209 INFO [localhost-startStop-1] org.apache.catalina.startup.HostConfig.deployDirectory Deploying web application directory [/home/cristi/SER422/tomcat-8.5.55-8080/webapps/lab2_cdeleo1]
08-Jun-2020 22:01:20.225 INFO [localhost-startStop-1] org.apache.catalina.startup.HostConfig.deployDirectory Deployment of web application directory [/home/cristi/SER422/tomcat-8.5.55-8080/webapps/lab2_cdeleo1] has finished in [15] ms
08-Jun-2020 22:01:20.234 INFO [main] org.apache.coyote.AbstractProtocol.start Starting ProtocolHandler ["http-nio-8080"]
08-Jun-2020 22:01:20.249 INFO [main] org.apache.catalina.startup.Catalina.start Server startup in 2897 ms
08-Jun-2020 22:01:40.244 INFO [ContainerBackgroundProcessor[StandardEngine[Catalina]]] org.apache.catalina.startup.HostConfig.undeploy Undeploying context [/RestExampleAPI]
08-Jun-2020 22:01:40.359 INFO [localhost-startStop-2] org.apache.catalina.startup.HostConfig.deployWAR Deploying web application archive [/home/cristi/SER422/tomcat-8.5.55-8080/webapps/RestExampleAPI.war]
08-Jun-2020 22:01:41.801 INFO [localhost-startStop-2] org.apache.jasper.servlet.TldScanner.scanJars At least one JAR was scanned for TLDs yet contained no TLDs. Enable debug logging for this logger for a complete list of JARs that were scanned but no TLDs were found in them. Skipping unneeded JARs during scanning can improve startup time and JSP compilation time.
08-Jun-2020 22:01:42.788 INFO [localhost-startStop-2] org.apache.catalina.startup.HostConfig.deployWAR Deployment of web application archive [/home/cristi/SER422/tomcat-8.5.55-8080/webapps/RestExampleAPI.war] has finished in [2,429] ms
08-Jun-2020 22:16:33.456 INFO [ContainerBackgroundProcessor[StandardEngine[Catalina]]] org.apache.catalina.startup.HostConfig.undeploy Undeploying context [/RestExampleAPI]
08-Jun-2020 22:16:33.617 INFO [localhost-startStop-3] org.apache.catalina.startup.HostConfig.deployWAR Deploying web application archive [/home/cristi/SER422/tomcat-8.5.55-8080/webapps/RestExampleAPI.war]
08-Jun-2020 22:16:34.883 INFO [localhost-startStop-3] org.apache.jasper.servlet.TldScanner.scanJars At least one JAR was scanned for TLDs yet contained no TLDs. Enable debug logging for this logger for a complete list of JARs that were scanned but no TLDs were found in them. Skipping unneeded JARs during scanning can improve startup time and JSP compilation time.
08-Jun-2020 22:16:35.822 INFO [localhost-startStop-3] org.apache.catalina.startup.HostConfig.deployWAR Deployment of web application archive [/home/cristi/SER422/tomcat-8.5.55-8080/webapps/RestExampleAPI.war] has finished in [2,206] ms
08-Jun-2020 22:17:35.882 INFO [ContainerBackgroundProcessor[StandardEngine[Catalina]]] org.apache.catalina.startup.HostConfig.undeploy Undeploying context [/RestExampleAPI]
08-Jun-2020 22:17:35.950 INFO [localhost-startStop-4] org.apache.catalina.startup.HostConfig.deployWAR Deploying web application archive [/home/cristi/SER422/tomcat-8.5.55-8080/webapps/RestExampleAPI.war]
08-Jun-2020 22:17:36.988 INFO [localhost-startStop-4] org.apache.jasper.servlet.TldScanner.scanJars At least one JAR was scanned for TLDs yet contained no TLDs. Enable debug logging for this logger for a complete list of JARs that were scanned but no TLDs were found in them. Skipping unneeded JARs during scanning can improve startup time and JSP compilation time.
08-Jun-2020 22:17:37.795 INFO [localhost-startStop-4] org.apache.catalina.startup.HostConfig.deployWAR Deployment of web application archive [/home/cristi/SER422/tomcat-8.5.55-8080/webapps/RestExampleAPI.war] has finished in [1,844] ms
08-Jun-2020 22:49:49.120 INFO [ContainerBackgroundProcessor[StandardEngine[Catalina]]] org.apache.catalina.startup.HostConfig.undeploy Undeploying context [/RestExampleAPI]
08-Jun-2020 22:49:49.255 INFO [localhost-startStop-5] org.apache.catalina.startup.HostConfig.deployWAR Deploying web application archive [/home/cristi/SER422/tomcat-8.5.55-8080/webapps/RestExampleAPI.war]
08-Jun-2020 22:49:50.388 INFO [localhost-startStop-5] org.apache.jasper.servlet.TldScanner.scanJars At least one JAR was scanned for TLDs yet contained no TLDs. Enable debug logging for this logger for a complete list of JARs that were scanned but no TLDs were found in them. Skipping unneeded JARs during scanning can improve startup time and JSP compilation time.
08-Jun-2020 22:49:51.431 WARNING [localhost-startStop-5] org.glassfish.jersey.internal.Errors.logErrors The following warnings have been detected: WARNING: A HTTP GET method, public java.util.List edu.asupoly.ser422.restexample.api.SubjectResource.findAuthorsBySubject(java.lang.String), should not consume any entity.

08-Jun-2020 22:49:51.437 INFO [localhost-startStop-5] org.apache.catalina.startup.HostConfig.deployWAR Deployment of web application archive [/home/cristi/SER422/tomcat-8.5.55-8080/webapps/RestExampleAPI.war] has finished in [2,183] ms
08-Jun-2020 22:57:31.769 INFO [ContainerBackgroundProcessor[StandardEngine[Catalina]]] org.apache.catalina.startup.HostConfig.undeploy Undeploying context [/RestExampleAPI]
08-Jun-2020 22:57:31.835 INFO [localhost-startStop-6] org.apache.catalina.startup.HostConfig.deployWAR Deploying web application archive [/home/cristi/SER422/tomcat-8.5.55-8080/webapps/RestExampleAPI.war]
08-Jun-2020 22:57:33.176 INFO [localhost-startStop-6] org.apache.jasper.servlet.TldScanner.scanJars At least one JAR was scanned for TLDs yet contained no TLDs. Enable debug logging for this logger for a complete list of JARs that were scanned but no TLDs were found in them. Skipping unneeded JARs during scanning can improve startup time and JSP compilation time.
08-Jun-2020 22:57:34.242 WARNING [localhost-startStop-6] org.glassfish.jersey.internal.Errors.logErrors The following warnings have been detected: WARNING: A HTTP GET method, public java.util.List edu.asupoly.ser422.restexample.api.SubjectResource.findAuthorsBySubject(java.lang.String), should not consume any entity.

08-Jun-2020 22:57:34.247 INFO [localhost-startStop-6] org.apache.catalina.startup.HostConfig.deployWAR Deployment of web application archive [/home/cristi/SER422/tomcat-8.5.55-8080/webapps/RestExampleAPI.war] has finished in [2,412] ms
08-Jun-2020 23:05:14.518 INFO [ContainerBackgroundProcessor[StandardEngine[Catalina]]] org.apache.catalina.startup.HostConfig.undeploy Undeploying context [/RestExampleAPI]
08-Jun-2020 23:05:14.708 INFO [localhost-startStop-7] org.apache.catalina.startup.HostConfig.deployWAR Deploying web application archive [/home/cristi/SER422/tomcat-8.5.55-8080/webapps/RestExampleAPI.war]
08-Jun-2020 23:05:15.870 INFO [localhost-startStop-7] org.apache.jasper.servlet.TldScanner.scanJars At least one JAR was scanned for TLDs yet contained no TLDs. Enable debug logging for this logger for a complete list of JARs that were scanned but no TLDs were found in them. Skipping unneeded JARs during scanning can improve startup time and JSP compilation time.
08-Jun-2020 23:05:17.151 WARNING [localhost-startStop-7] org.glassfish.jersey.internal.Errors.logErrors The following warnings have been detected: WARNING: A HTTP GET method, public java.util.List edu.asupoly.ser422.restexample.api.SubjectResource.findAuthorsBySubject(java.lang.String), should not consume any entity.

08-Jun-2020 23:05:17.161 INFO [localhost-startStop-7] org.apache.catalina.startup.HostConfig.deployWAR Deployment of web application archive [/home/cristi/SER422/tomcat-8.5.55-8080/webapps/RestExampleAPI.war] has finished in [2,453] ms
08-Jun-2020 23:13:27.416 INFO [ContainerBackgroundProcessor[StandardEngine[Catalina]]] org.apache.catalina.startup.HostConfig.undeploy Undeploying context [/RestExampleAPI]
08-Jun-2020 23:13:27.531 INFO [localhost-startStop-8] org.apache.catalina.startup.HostConfig.deployWAR Deploying web application archive [/home/cristi/SER422/tomcat-8.5.55-8080/webapps/RestExampleAPI.war]
08-Jun-2020 23:13:28.924 INFO [localhost-startStop-8] org.apache.jasper.servlet.TldScanner.scanJars At least one JAR was scanned for TLDs yet contained no TLDs. Enable debug logging for this logger for a complete list of JARs that were scanned but no TLDs were found in them. Skipping unneeded JARs during scanning can improve startup time and JSP compilation time.
08-Jun-2020 23:13:30.365 WARNING [localhost-startStop-8] org.glassfish.jersey.internal.Errors.logErrors The following warnings have been detected: WARNING: A HTTP GET method, public javax.ws.rs.core.Response edu.asupoly.ser422.restexample.api.SubjectResource.findAuthorsBySubject(java.lang.String), should not consume any entity.

08-Jun-2020 23:13:30.372 INFO [localhost-startStop-8] org.apache.catalina.startup.HostConfig.deployWAR Deployment of web application archive [/home/cristi/SER422/tomcat-8.5.55-8080/webapps/RestExampleAPI.war] has finished in [2,841] ms
08-Jun-2020 23:16:20.472 INFO [ContainerBackgroundProcessor[StandardEngine[Catalina]]] org.apache.catalina.startup.HostConfig.undeploy Undeploying context [/RestExampleAPI]
08-Jun-2020 23:16:20.597 INFO [localhost-startStop-9] org.apache.catalina.startup.HostConfig.deployWAR Deploying web application archive [/home/cristi/SER422/tomcat-8.5.55-8080/webapps/RestExampleAPI.war]
08-Jun-2020 23:16:22.371 INFO [localhost-startStop-9] org.apache.jasper.servlet.TldScanner.scanJars At least one JAR was scanned for TLDs yet contained no TLDs. Enable debug logging for this logger for a complete list of JARs that were scanned but no TLDs were found in them. Skipping unneeded JARs during scanning can improve startup time and JSP compilation time.
08-Jun-2020 23:16:23.269 WARNING [localhost-startStop-9] org.glassfish.jersey.internal.Errors.logErrors The following warnings have been detected: WARNING: A HTTP GET method, public javax.ws.rs.core.Response edu.asupoly.ser422.restexample.api.SubjectResource.findAuthorsBySubject(java.lang.String), should not consume any entity.

08-Jun-2020 23:16:23.276 INFO [localhost-startStop-9] org.apache.catalina.startup.HostConfig.deployWAR Deployment of web application archive [/home/cristi/SER422/tomcat-8.5.55-8080/webapps/RestExampleAPI.war] has finished in [2,680] ms
08-Jun-2020 23:18:03.357 INFO [ContainerBackgroundProcessor[StandardEngine[Catalina]]] org.apache.catalina.startup.HostConfig.undeploy Undeploying context [/RestExampleAPI]
08-Jun-2020 23:18:03.481 INFO [localhost-startStop-10] org.apache.catalina.startup.HostConfig.deployWAR Deploying web application archive [/home/cristi/SER422/tomcat-8.5.55-8080/webapps/RestExampleAPI.war]
08-Jun-2020 23:18:04.739 INFO [localhost-startStop-10] org.apache.jasper.servlet.TldScanner.scanJars At least one JAR was scanned for TLDs yet contained no TLDs. Enable debug logging for this logger for a complete list of JARs that were scanned but no TLDs were found in them. Skipping unneeded JARs during scanning can improve startup time and JSP compilation time.
08-Jun-2020 23:18:05.580 INFO [localhost-startStop-10] org.apache.catalina.startup.HostConfig.deployWAR Deployment of web application archive [/home/cristi/SER422/tomcat-8.5.55-8080/webapps/RestExampleAPI.war] has finished in [2,098] ms
08-Jun-2020 23:20:45.710 INFO [ContainerBackgroundProcessor[StandardEngine[Catalina]]] org.apache.catalina.startup.HostConfig.undeploy Undeploying context [/RestExampleAPI]
08-Jun-2020 23:20:45.838 INFO [localhost-startStop-11] org.apache.catalina.startup.HostConfig.deployWAR Deploying web application archive [/home/cristi/SER422/tomcat-8.5.55-8080/webapps/RestExampleAPI.war]
08-Jun-2020 23:20:46.911 INFO [localhost-startStop-11] org.apache.jasper.servlet.TldScanner.scanJars At least one JAR was scanned for TLDs yet contained no TLDs. Enable debug logging for this logger for a complete list of JARs that were scanned but no TLDs were found in them. Skipping unneeded JARs during scanning can improve startup time and JSP compilation time.
08-Jun-2020 23:20:47.708 INFO [localhost-startStop-11] org.apache.catalina.startup.HostConfig.deployWAR Deployment of web application archive [/home/cristi/SER422/tomcat-8.5.55-8080/webapps/RestExampleAPI.war] has finished in [1,871] ms
08-Jun-2020 23:21:27.722 INFO [ContainerBackgroundProcessor[StandardEngine[Catalina]]] org.apache.catalina.startup.HostConfig.undeploy Undeploying context [/RestExampleAPI]
08-Jun-2020 23:21:27.825 INFO [localhost-startStop-12] org.apache.catalina.startup.HostConfig.deployWAR Deploying web application archive [/home/cristi/SER422/tomcat-8.5.55-8080/webapps/RestExampleAPI.war]
08-Jun-2020 23:21:28.923 INFO [localhost-startStop-12] org.apache.jasper.servlet.TldScanner.scanJars At least one JAR was scanned for TLDs yet contained no TLDs. Enable debug logging for this logger for a complete list of JARs that were scanned but no TLDs were found in them. Skipping unneeded JARs during scanning can improve startup time and JSP compilation time.
08-Jun-2020 23:21:29.784 WARNING [localhost-startStop-12] org.glassfish.jersey.internal.Errors.logErrors The following warnings have been detected: WARNING: A HTTP GET method, public javax.ws.rs.core.Response edu.asupoly.ser422.restexample.api.SubjectResource.findAuthorsBySubject(java.lang.String), should not consume any entity.

08-Jun-2020 23:21:29.789 INFO [localhost-startStop-12] org.apache.catalina.startup.HostConfig.deployWAR Deployment of web application archive [/home/cristi/SER422/tomcat-8.5.55-8080/webapps/RestExampleAPI.war] has finished in [1,964] ms
08-Jun-2020 23:23:29.878 INFO [ContainerBackgroundProcessor[StandardEngine[Catalina]]] org.apache.catalina.startup.HostConfig.undeploy Undeploying context [/RestExampleAPI]
08-Jun-2020 23:23:29.940 INFO [localhost-startStop-13] org.apache.catalina.startup.HostConfig.deployWAR Deploying web application archive [/home/cristi/SER422/tomcat-8.5.55-8080/webapps/RestExampleAPI.war]
08-Jun-2020 23:23:30.818 INFO [localhost-startStop-13] org.apache.jasper.servlet.TldScanner.scanJars At least one JAR was scanned for TLDs yet contained no TLDs. Enable debug logging for this logger for a complete list of JARs that were scanned but no TLDs were found in them. Skipping unneeded JARs during scanning can improve startup time and JSP compilation time.
08-Jun-2020 23:23:31.532 WARNING [localhost-startStop-13] org.glassfish.jersey.internal.Errors.logErrors The following warnings have been detected: WARNING: A HTTP GET method, public java.util.List edu.asupoly.ser422.restexample.api.SubjectResource.findAuthorsBySubject(java.lang.String), should not consume any entity.

08-Jun-2020 23:23:31.537 INFO [localhost-startStop-13] org.apache.catalina.startup.HostConfig.deployWAR Deployment of web application archive [/home/cristi/SER422/tomcat-8.5.55-8080/webapps/RestExampleAPI.war] has finished in [1,597] ms
08-Jun-2020 23:24:21.587 INFO [ContainerBackgroundProcessor[StandardEngine[Catalina]]] org.apache.catalina.startup.HostConfig.undeploy Undeploying context [/RestExampleAPI]
08-Jun-2020 23:24:21.706 INFO [localhost-startStop-14] org.apache.catalina.startup.HostConfig.deployWAR Deploying web application archive [/home/cristi/SER422/tomcat-8.5.55-8080/webapps/RestExampleAPI.war]
08-Jun-2020 23:24:23.216 INFO [localhost-startStop-14] org.apache.jasper.servlet.TldScanner.scanJars At least one JAR was scanned for TLDs yet contained no TLDs. Enable debug logging for this logger for a complete list of JARs that were scanned but no TLDs were found in them. Skipping unneeded JARs during scanning can improve startup time and JSP compilation time.
08-Jun-2020 23:24:24.038 WARNING [localhost-startStop-14] org.glassfish.jersey.internal.Errors.logErrors The following warnings have been detected: WARNING: A HTTP GET method, public java.util.List edu.asupoly.ser422.restexample.api.SubjectResource.findAuthorsBySubject(java.lang.String), should not consume any entity.

08-Jun-2020 23:24:24.044 INFO [localhost-startStop-14] org.apache.catalina.startup.HostConfig.deployWAR Deployment of web application archive [/home/cristi/SER422/tomcat-8.5.55-8080/webapps/RestExampleAPI.war] has finished in [2,338] ms
08-Jun-2020 23:44:34.693 INFO [ContainerBackgroundProcessor[StandardEngine[Catalina]]] org.apache.catalina.startup.HostConfig.undeploy Undeploying context [/RestExampleAPI]
08-Jun-2020 23:44:34.750 INFO [localhost-startStop-15] org.apache.catalina.startup.HostConfig.deployWAR Deploying web application archive [/home/cristi/SER422/tomcat-8.5.55-8080/webapps/RestExampleAPI.war]
08-Jun-2020 23:44:36.246 INFO [localhost-startStop-15] org.apache.jasper.servlet.TldScanner.scanJars At least one JAR was scanned for TLDs yet contained no TLDs. Enable debug logging for this logger for a complete list of JARs that were scanned but no TLDs were found in them. Skipping unneeded JARs during scanning can improve startup time and JSP compilation time.
08-Jun-2020 23:44:37.370 WARNING [localhost-startStop-15] org.glassfish.jersey.internal.Errors.logErrors The following warnings have been detected: WARNING: A HTTP GET method, public javax.ws.rs.core.Response edu.asupoly.ser422.restexample.api.SubjectResource.findAuthorsBySubject(java.lang.String), should not consume any entity.

08-Jun-2020 23:44:37.376 INFO [localhost-startStop-15] org.apache.catalina.startup.HostConfig.deployWAR Deployment of web application archive [/home/cristi/SER422/tomcat-8.5.55-8080/webapps/RestExampleAPI.war] has finished in [2,626] ms
08-Jun-2020 23:49:47.554 INFO [ContainerBackgroundProcessor[StandardEngine[Catalina]]] org.apache.catalina.startup.HostConfig.undeploy Undeploying context [/RestExampleAPI]
08-Jun-2020 23:49:47.626 INFO [localhost-startStop-16] org.apache.catalina.startup.HostConfig.deployWAR Deploying web application archive [/home/cristi/SER422/tomcat-8.5.55-8080/webapps/RestExampleAPI.war]
08-Jun-2020 23:49:48.550 INFO [localhost-startStop-16] org.apache.jasper.servlet.TldScanner.scanJars At least one JAR was scanned for TLDs yet contained no TLDs. Enable debug logging for this logger for a complete list of JARs that were scanned but no TLDs were found in them. Skipping unneeded JARs during scanning can improve startup time and JSP compilation time.
08-Jun-2020 23:49:49.432 WARNING [localhost-startStop-16] org.glassfish.jersey.internal.Errors.logErrors The following warnings have been detected: WARNING: A HTTP GET method, public javax.ws.rs.core.Response edu.asupoly.ser422.restexample.api.SubjectResource.findAuthorsBySubject(java.lang.String), should not consume any entity.

08-Jun-2020 23:49:49.438 INFO [localhost-startStop-16] org.apache.catalina.startup.HostConfig.deployWAR Deployment of web application archive [/home/cristi/SER422/tomcat-8.5.55-8080/webapps/RestExampleAPI.war] has finished in [1,812] ms
08-Jun-2020 23:58:19.779 INFO [ContainerBackgroundProcessor[StandardEngine[Catalina]]] org.apache.catalina.startup.HostConfig.undeploy Undeploying context [/RestExampleAPI]
08-Jun-2020 23:58:19.890 INFO [localhost-startStop-17] org.apache.catalina.startup.HostConfig.deployWAR Deploying web application archive [/home/cristi/SER422/tomcat-8.5.55-8080/webapps/RestExampleAPI.war]
08-Jun-2020 23:58:21.100 INFO [localhost-startStop-17] org.apache.jasper.servlet.TldScanner.scanJars At least one JAR was scanned for TLDs yet contained no TLDs. Enable debug logging for this logger for a complete list of JARs that were scanned but no TLDs were found in them. Skipping unneeded JARs during scanning can improve startup time and JSP compilation time.
08-Jun-2020 23:58:21.902 WARNING [localhost-startStop-17] org.glassfish.jersey.internal.Errors.logErrors The following warnings have been detected: WARNING: A HTTP GET method, public javax.ws.rs.core.Response edu.asupoly.ser422.restexample.api.SubjectResource.findAuthorsBySubject(java.lang.String), should not consume any entity.

08-Jun-2020 23:58:21.907 INFO [localhost-startStop-17] org.apache.catalina.startup.HostConfig.deployWAR Deployment of web application archive [/home/cristi/SER422/tomcat-8.5.55-8080/webapps/RestExampleAPI.war] has finished in [2,018] ms
08-Jun-2020 23:59:21.961 INFO [ContainerBackgroundProcessor[StandardEngine[Catalina]]] org.apache.catalina.startup.HostConfig.undeploy Undeploying context [/RestExampleAPI]
08-Jun-2020 23:59:22.095 INFO [localhost-startStop-18] org.apache.catalina.startup.HostConfig.deployWAR Deploying web application archive [/home/cristi/SER422/tomcat-8.5.55-8080/webapps/RestExampleAPI.war]
08-Jun-2020 23:59:23.279 INFO [localhost-startStop-18] org.apache.jasper.servlet.TldScanner.scanJars At least one JAR was scanned for TLDs yet contained no TLDs. Enable debug logging for this logger for a complete list of JARs that were scanned but no TLDs were found in them. Skipping unneeded JARs during scanning can improve startup time and JSP compilation time.
08-Jun-2020 23:59:24.043 WARNING [localhost-startStop-18] org.glassfish.jersey.internal.Errors.logErrors The following warnings have been detected: WARNING: A HTTP GET method, public java.util.List edu.asupoly.ser422.restexample.api.SubjectResource.findAuthorsBySubject(java.lang.String), should not consume any entity.

08-Jun-2020 23:59:24.048 INFO [localhost-startStop-18] org.apache.catalina.startup.HostConfig.deployWAR Deployment of web application archive [/home/cristi/SER422/tomcat-8.5.55-8080/webapps/RestExampleAPI.war] has finished in [1,953] ms
