23-Jun-2020 00:01:01.928 INFO [ContainerBackgroundProcessor[StandardEngine[Catalina]]] org.apache.catalina.startup.HostConfig.undeploy Undeploying context [/aqmapps]
23-Jun-2020 00:01:01.938 INFO [localhost-startStop-60] org.apache.catalina.startup.HostConfig.deployWAR Deploying web application archive [/home/cristi/SER422/tomcat-8.5.55-8080/webapps/aqmapps.war]
23-Jun-2020 00:01:01.967 INFO [localhost-startStop-60] org.apache.catalina.startup.HostConfig.deployWAR Deployment of web application archive [/home/cristi/SER422/tomcat-8.5.55-8080/webapps/aqmapps.war] has finished in [28] ms
23-Jun-2020 00:01:11.971 INFO [ContainerBackgroundProcessor[StandardEngine[Catalina]]] org.apache.catalina.startup.HostConfig.undeploy Undeploying context [/aqmapps]
23-Jun-2020 00:01:12.010 INFO [localhost-startStop-61] org.apache.catalina.startup.HostConfig.deployWAR Deploying web application archive [/home/cristi/SER422/tomcat-8.5.55-8080/webapps/aqmapps.war]
23-Jun-2020 00:01:12.093 INFO [localhost-startStop-61] org.apache.catalina.startup.HostConfig.deployWAR Deployment of web application archive [/home/cristi/SER422/tomcat-8.5.55-8080/webapps/aqmapps.war] has finished in [82] ms
23-Jun-2020 00:01:52.611 INFO [ContainerBackgroundProcessor[StandardEngine[Catalina]]] org.apache.catalina.startup.HostConfig.undeploy Undeploying context [/aqmapps]
23-Jun-2020 00:01:52.622 INFO [localhost-startStop-62] org.apache.catalina.startup.HostConfig.deployWAR Deploying web application archive [/home/cristi/SER422/tomcat-8.5.55-8080/webapps/aqmapps.war]
23-Jun-2020 00:01:52.646 INFO [localhost-startStop-62] org.apache.catalina.startup.HostConfig.deployWAR Deployment of web application archive [/home/cristi/SER422/tomcat-8.5.55-8080/webapps/aqmapps.war] has finished in [24] ms
23-Jun-2020 00:02:02.649 INFO [ContainerBackgroundProcessor[StandardEngine[Catalina]]] org.apache.catalina.startup.HostConfig.undeploy Undeploying context [/aqmapps]
23-Jun-2020 00:02:02.681 INFO [localhost-startStop-63] org.apache.catalina.startup.HostConfig.deployWAR Deploying web application archive [/home/cristi/SER422/tomcat-8.5.55-8080/webapps/aqmapps.war]
23-Jun-2020 00:02:02.769 INFO [localhost-startStop-63] org.apache.catalina.startup.HostConfig.deployWAR Deployment of web application archive [/home/cristi/SER422/tomcat-8.5.55-8080/webapps/aqmapps.war] has finished in [88] ms
23-Jun-2020 00:04:33.335 INFO [ContainerBackgroundProcessor[StandardEngine[Catalina]]] org.apache.catalina.startup.HostConfig.undeploy Undeploying context [/aqmapps]
23-Jun-2020 00:04:33.342 INFO [localhost-startStop-64] org.apache.catalina.startup.HostConfig.deployWAR Deploying web application archive [/home/cristi/SER422/tomcat-8.5.55-8080/webapps/aqmapps.war]
23-Jun-2020 00:04:33.366 INFO [localhost-startStop-64] org.apache.catalina.startup.HostConfig.deployWAR Deployment of web application archive [/home/cristi/SER422/tomcat-8.5.55-8080/webapps/aqmapps.war] has finished in [24] ms
23-Jun-2020 00:04:43.368 INFO [ContainerBackgroundProcessor[StandardEngine[Catalina]]] org.apache.catalina.startup.HostConfig.undeploy Undeploying context [/aqmapps]
23-Jun-2020 00:04:43.383 INFO [localhost-startStop-65] org.apache.catalina.startup.HostConfig.deployWAR Deploying web application archive [/home/cristi/SER422/tomcat-8.5.55-8080/webapps/aqmapps.war]
23-Jun-2020 00:04:43.423 INFO [localhost-startStop-65] org.apache.catalina.startup.HostConfig.deployWAR Deployment of web application archive [/home/cristi/SER422/tomcat-8.5.55-8080/webapps/aqmapps.war] has finished in [39] ms
23-Jun-2020 00:06:43.967 INFO [ContainerBackgroundProcessor[StandardEngine[Catalina]]] org.apache.catalina.startup.HostConfig.undeploy Undeploying context [/aqmapps]
23-Jun-2020 00:06:43.975 INFO [localhost-startStop-66] org.apache.catalina.startup.HostConfig.deployWAR Deploying web application archive [/home/cristi/SER422/tomcat-8.5.55-8080/webapps/aqmapps.war]
23-Jun-2020 00:06:43.997 INFO [localhost-startStop-66] org.apache.catalina.startup.HostConfig.deployWAR Deployment of web application archive [/home/cristi/SER422/tomcat-8.5.55-8080/webapps/aqmapps.war] has finished in [23] ms
23-Jun-2020 00:06:54.000 INFO [ContainerBackgroundProcessor[StandardEngine[Catalina]]] org.apache.catalina.startup.HostConfig.undeploy Undeploying context [/aqmapps]
23-Jun-2020 00:06:54.032 INFO [localhost-startStop-67] org.apache.catalina.startup.HostConfig.deployWAR Deploying web application archive [/home/cristi/SER422/tomcat-8.5.55-8080/webapps/aqmapps.war]
23-Jun-2020 00:06:54.115 INFO [localhost-startStop-67] org.apache.catalina.startup.HostConfig.deployWAR Deployment of web application archive [/home/cristi/SER422/tomcat-8.5.55-8080/webapps/aqmapps.war] has finished in [83] ms
23-Jun-2020 00:10:44.722 INFO [ContainerBackgroundProcessor[StandardEngine[Catalina]]] org.apache.catalina.startup.HostConfig.undeploy Undeploying context [/aqmapps]
23-Jun-2020 00:10:44.728 INFO [localhost-startStop-68] org.apache.catalina.startup.HostConfig.deployWAR Deploying web application archive [/home/cristi/SER422/tomcat-8.5.55-8080/webapps/aqmapps.war]
23-Jun-2020 00:10:44.751 INFO [localhost-startStop-68] org.apache.catalina.startup.HostConfig.deployWAR Deployment of web application archive [/home/cristi/SER422/tomcat-8.5.55-8080/webapps/aqmapps.war] has finished in [23] ms
23-Jun-2020 00:10:54.753 INFO [ContainerBackgroundProcessor[StandardEngine[Catalina]]] org.apache.catalina.startup.HostConfig.undeploy Undeploying context [/aqmapps]
23-Jun-2020 00:10:54.762 INFO [localhost-startStop-69] org.apache.catalina.startup.HostConfig.deployWAR Deploying web application archive [/home/cristi/SER422/tomcat-8.5.55-8080/webapps/aqmapps.war]
23-Jun-2020 00:10:54.790 INFO [localhost-startStop-69] org.apache.catalina.startup.HostConfig.deployWAR Deployment of web application archive [/home/cristi/SER422/tomcat-8.5.55-8080/webapps/aqmapps.war] has finished in [28] ms
23-Jun-2020 00:12:35.347 INFO [ContainerBackgroundProcessor[StandardEngine[Catalina]]] org.apache.catalina.startup.HostConfig.undeploy Undeploying context [/aqmapps]
23-Jun-2020 00:12:35.357 INFO [localhost-startStop-70] org.apache.catalina.startup.HostConfig.deployWAR Deploying web application archive [/home/cristi/SER422/tomcat-8.5.55-8080/webapps/aqmapps.war]
23-Jun-2020 00:12:35.396 INFO [localhost-startStop-70] org.apache.catalina.startup.HostConfig.deployWAR Deployment of web application archive [/home/cristi/SER422/tomcat-8.5.55-8080/webapps/aqmapps.war] has finished in [39] ms
23-Jun-2020 00:12:45.398 INFO [ContainerBackgroundProcessor[StandardEngine[Catalina]]] org.apache.catalina.startup.HostConfig.undeploy Undeploying context [/aqmapps]
23-Jun-2020 00:12:45.417 INFO [localhost-startStop-71] org.apache.catalina.startup.HostConfig.deployWAR Deploying web application archive [/home/cristi/SER422/tomcat-8.5.55-8080/webapps/aqmapps.war]
23-Jun-2020 00:12:45.439 INFO [localhost-startStop-71] org.apache.catalina.startup.HostConfig.deployWAR Deployment of web application archive [/home/cristi/SER422/tomcat-8.5.55-8080/webapps/aqmapps.war] has finished in [22] ms
23-Jun-2020 00:16:26.051 INFO [ContainerBackgroundProcessor[StandardEngine[Catalina]]] org.apache.catalina.startup.HostConfig.undeploy Undeploying context [/aqmapps]
23-Jun-2020 00:16:26.062 INFO [localhost-startStop-72] org.apache.catalina.startup.HostConfig.deployWAR Deploying web application archive [/home/cristi/SER422/tomcat-8.5.55-8080/webapps/aqmapps.war]
23-Jun-2020 00:16:26.125 INFO [localhost-startStop-72] org.apache.catalina.startup.HostConfig.deployWAR Deployment of web application archive [/home/cristi/SER422/tomcat-8.5.55-8080/webapps/aqmapps.war] has finished in [63] ms
23-Jun-2020 00:16:36.128 INFO [ContainerBackgroundProcessor[StandardEngine[Catalina]]] org.apache.catalina.startup.HostConfig.undeploy Undeploying context [/aqmapps]
23-Jun-2020 00:16:36.167 INFO [localhost-startStop-73] org.apache.catalina.startup.HostConfig.deployWAR Deploying web application archive [/home/cristi/SER422/tomcat-8.5.55-8080/webapps/aqmapps.war]
23-Jun-2020 00:16:36.258 INFO [localhost-startStop-73] org.apache.catalina.startup.HostConfig.deployWAR Deployment of web application archive [/home/cristi/SER422/tomcat-8.5.55-8080/webapps/aqmapps.war] has finished in [91] ms
23-Jun-2020 00:19:26.851 INFO [ContainerBackgroundProcessor[StandardEngine[Catalina]]] org.apache.catalina.startup.HostConfig.undeploy Undeploying context [/aqmapps]
23-Jun-2020 00:19:26.862 INFO [localhost-startStop-74] org.apache.catalina.startup.HostConfig.deployWAR Deploying web application archive [/home/cristi/SER422/tomcat-8.5.55-8080/webapps/aqmapps.war]
23-Jun-2020 00:19:26.884 INFO [localhost-startStop-74] org.apache.catalina.startup.HostConfig.deployWAR Deployment of web application archive [/home/cristi/SER422/tomcat-8.5.55-8080/webapps/aqmapps.war] has finished in [22] ms
23-Jun-2020 00:19:36.888 INFO [ContainerBackgroundProcessor[StandardEngine[Catalina]]] org.apache.catalina.startup.HostConfig.undeploy Undeploying context [/aqmapps]
23-Jun-2020 00:19:36.920 INFO [localhost-startStop-75] org.apache.catalina.startup.HostConfig.deployWAR Deploying web application archive [/home/cristi/SER422/tomcat-8.5.55-8080/webapps/aqmapps.war]
23-Jun-2020 00:19:37.002 INFO [localhost-startStop-75] org.apache.catalina.startup.HostConfig.deployWAR Deployment of web application archive [/home/cristi/SER422/tomcat-8.5.55-8080/webapps/aqmapps.war] has finished in [83] ms
23-Jun-2020 00:25:20.356 INFO [main] org.apache.catalina.core.StandardServer.await A valid shutdown command was received via the shutdown port. Stopping the Server instance.
23-Jun-2020 00:25:20.356 INFO [main] org.apache.coyote.AbstractProtocol.pause Pausing ProtocolHandler ["http-nio-8080"]
23-Jun-2020 00:25:20.364 INFO [main] org.apache.catalina.core.StandardService.stopInternal Stopping service [Catalina]
23-Jun-2020 00:25:20.450 WARNING [localhost-startStop-76] org.apache.catalina.loader.WebappClassLoaderBase.clearReferencesThreads The web application [RestExampleAPI] appears to have started a thread named [Abandoned connection cleanup thread] but has failed to stop it. This is very likely to create a memory leak. Stack trace of thread:
 java.lang.Object.wait(Native Method)
 java.lang.ref.ReferenceQueue.remove(ReferenceQueue.java:144)
 com.mysql.jdbc.AbandonedConnectionCleanupThread.run(AbandonedConnectionCleanupThread.java:64)
 java.util.concurrent.ThreadPoolExecutor.runWorker(ThreadPoolExecutor.java:1149)
 java.util.concurrent.ThreadPoolExecutor$Worker.run(ThreadPoolExecutor.java:624)
 java.lang.Thread.run(Thread.java:748)
23-Jun-2020 00:25:20.456 WARNING [localhost-startStop-76] org.apache.catalina.loader.WebappClassLoaderBase.clearReferencesJdbc The web application [aqm] registered the JDBC driver [com.mysql.jdbc.Driver] but failed to unregister it when the web application was stopped. To prevent a memory leak, the JDBC Driver has been forcibly unregistered.
23-Jun-2020 00:25:20.457 WARNING [localhost-startStop-76] org.apache.catalina.loader.WebappClassLoaderBase.clearReferencesThreads The web application [aqm] appears to have started a thread named [Abandoned connection cleanup thread] but has failed to stop it. This is very likely to create a memory leak. Stack trace of thread:
 java.lang.Object.wait(Native Method)
 java.lang.ref.ReferenceQueue.remove(ReferenceQueue.java:144)
 com.mysql.jdbc.AbandonedConnectionCleanupThread.run(AbandonedConnectionCleanupThread.java:40)
23-Jun-2020 00:25:20.563 INFO [main] org.apache.coyote.AbstractProtocol.stop Stopping ProtocolHandler ["http-nio-8080"]
23-Jun-2020 00:25:20.574 INFO [main] org.apache.coyote.AbstractProtocol.destroy Destroying ProtocolHandler ["http-nio-8080"]
23-Jun-2020 02:23:42.814 INFO [main] org.apache.catalina.startup.VersionLoggerListener.log Server version name:   Apache Tomcat/8.5.55
23-Jun-2020 02:23:42.817 INFO [main] org.apache.catalina.startup.VersionLoggerListener.log Server built:          May 5 2020 22:10:54 UTC
23-Jun-2020 02:23:42.817 INFO [main] org.apache.catalina.startup.VersionLoggerListener.log Server version number: 8.5.55.0
23-Jun-2020 02:23:42.817 INFO [main] org.apache.catalina.startup.VersionLoggerListener.log OS Name:               Linux
23-Jun-2020 02:23:42.817 INFO [main] org.apache.catalina.startup.VersionLoggerListener.log OS Version:            5.3.0-59-generic
23-Jun-2020 02:23:42.817 INFO [main] org.apache.catalina.startup.VersionLoggerListener.log Architecture:          amd64
23-Jun-2020 02:23:42.818 INFO [main] org.apache.catalina.startup.VersionLoggerListener.log Java Home:             /usr/lib/jvm/java-8-openjdk-amd64/jre
23-Jun-2020 02:23:42.818 INFO [main] org.apache.catalina.startup.VersionLoggerListener.log JVM Version:           1.8.0_252-8u252-b09-1~18.04-b09
23-Jun-2020 02:23:42.818 INFO [main] org.apache.catalina.startup.VersionLoggerListener.log JVM Vendor:            Private Build
23-Jun-2020 02:23:42.818 INFO [main] org.apache.catalina.startup.VersionLoggerListener.log CATALINA_BASE:         /home/cristi/SER422/tomcat-8.5.55-8080
23-Jun-2020 02:23:42.818 INFO [main] org.apache.catalina.startup.VersionLoggerListener.log CATALINA_HOME:         /home/cristi/SER422/tomcat-8.5.55-8080
23-Jun-2020 02:23:42.819 INFO [main] org.apache.catalina.startup.VersionLoggerListener.log Command line argument: -Djava.util.logging.config.file=/home/cristi/SER422/tomcat-8.5.55-8080/conf/logging.properties
23-Jun-2020 02:23:42.819 INFO [main] org.apache.catalina.startup.VersionLoggerListener.log Command line argument: -Djava.util.logging.manager=org.apache.juli.ClassLoaderLogManager
23-Jun-2020 02:23:42.819 INFO [main] org.apache.catalina.startup.VersionLoggerListener.log Command line argument: -Djdk.tls.ephemeralDHKeySize=2048
23-Jun-2020 02:23:42.819 INFO [main] org.apache.catalina.startup.VersionLoggerListener.log Command line argument: -Djava.protocol.handler.pkgs=org.apache.catalina.webresources
23-Jun-2020 02:23:42.819 INFO [main] org.apache.catalina.startup.VersionLoggerListener.log Command line argument: -Dorg.apache.catalina.security.SecurityListener.UMASK=0027
23-Jun-2020 02:23:42.819 INFO [main] org.apache.catalina.startup.VersionLoggerListener.log Command line argument: -Dignore.endorsed.dirs=
23-Jun-2020 02:23:42.820 INFO [main] org.apache.catalina.startup.VersionLoggerListener.log Command line argument: -Dcatalina.base=/home/cristi/SER422/tomcat-8.5.55-8080
23-Jun-2020 02:23:42.820 INFO [main] org.apache.catalina.startup.VersionLoggerListener.log Command line argument: -Dcatalina.home=/home/cristi/SER422/tomcat-8.5.55-8080
23-Jun-2020 02:23:42.820 INFO [main] org.apache.catalina.startup.VersionLoggerListener.log Command line argument: -Djava.io.tmpdir=/home/cristi/SER422/tomcat-8.5.55-8080/temp
23-Jun-2020 02:23:42.820 INFO [main] org.apache.catalina.core.AprLifecycleListener.lifecycleEvent The Apache Tomcat Native library which allows using OpenSSL was not found on the java.library.path: [/usr/java/packages/lib/amd64:/usr/lib/x86_64-linux-gnu/jni:/lib/x86_64-linux-gnu:/usr/lib/x86_64-linux-gnu:/usr/lib/jni:/lib:/usr/lib]
23-Jun-2020 02:23:42.957 INFO [main] org.apache.coyote.AbstractProtocol.init Initializing ProtocolHandler ["http-nio-8080"]
23-Jun-2020 02:23:42.970 INFO [main] org.apache.tomcat.util.net.NioSelectorPool.getSharedSelector Using a shared selector for servlet write/read
23-Jun-2020 02:23:42.993 INFO [main] org.apache.catalina.startup.Catalina.load Initialization processed in 788 ms
23-Jun-2020 02:23:43.055 INFO [main] org.apache.catalina.core.StandardService.startInternal Starting service [Catalina]
23-Jun-2020 02:23:43.056 INFO [main] org.apache.catalina.core.StandardEngine.startInternal Starting Servlet Engine: Apache Tomcat/8.5.55
23-Jun-2020 02:23:43.100 INFO [localhost-startStop-1] org.apache.catalina.startup.HostConfig.deployWAR Deploying web application archive [/home/cristi/SER422/tomcat-8.5.55-8080/webapps/app.war]
23-Jun-2020 02:23:43.606 INFO [localhost-startStop-1] org.apache.jasper.servlet.TldScanner.scanJars At least one JAR was scanned for TLDs yet contained no TLDs. Enable debug logging for this logger for a complete list of JARs that were scanned but no TLDs were found in them. Skipping unneeded JARs during scanning can improve startup time and JSP compilation time.
23-Jun-2020 02:23:43.663 INFO [localhost-startStop-1] org.apache.catalina.startup.HostConfig.deployWAR Deployment of web application archive [/home/cristi/SER422/tomcat-8.5.55-8080/webapps/app.war] has finished in [563] ms
23-Jun-2020 02:23:43.664 INFO [localhost-startStop-1] org.apache.catalina.startup.HostConfig.deployWAR Deploying web application archive [/home/cristi/SER422/tomcat-8.5.55-8080/webapps/aqmapps.war]
23-Jun-2020 02:23:43.708 INFO [localhost-startStop-1] org.apache.catalina.startup.HostConfig.deployWAR Deployment of web application archive [/home/cristi/SER422/tomcat-8.5.55-8080/webapps/aqmapps.war] has finished in [44] ms
23-Jun-2020 02:23:43.709 INFO [localhost-startStop-1] org.apache.catalina.startup.HostConfig.deployWAR Deploying web application archive [/home/cristi/SER422/tomcat-8.5.55-8080/webapps/aqm.war]
23-Jun-2020 02:23:45.208 INFO [localhost-startStop-1] org.apache.catalina.startup.HostConfig.deployWAR Deployment of web application archive [/home/cristi/SER422/tomcat-8.5.55-8080/webapps/aqm.war] has finished in [1,499] ms
23-Jun-2020 02:23:45.241 INFO [localhost-startStop-1] org.apache.catalina.startup.HostConfig.deployWAR Deploying web application archive [/home/cristi/SER422/tomcat-8.5.55-8080/webapps/lab3.war]
23-Jun-2020 02:23:46.192 INFO [localhost-startStop-1] org.apache.jasper.servlet.TldScanner.scanJars At least one JAR was scanned for TLDs yet contained no TLDs. Enable debug logging for this logger for a complete list of JARs that were scanned but no TLDs were found in them. Skipping unneeded JARs during scanning can improve startup time and JSP compilation time.
23-Jun-2020 02:23:47.344 WARNING [localhost-startStop-1] org.glassfish.jersey.internal.Errors.logErrors The following warnings have been detected: WARNING: A HTTP GET method, public java.util.List edu.asupoly.ser422.restexample.api.SubjectResource.findAuthorsBySubject(java.lang.String), should not consume any entity.

23-Jun-2020 02:23:47.351 INFO [localhost-startStop-1] org.apache.catalina.startup.HostConfig.deployWAR Deployment of web application archive [/home/cristi/SER422/tomcat-8.5.55-8080/webapps/lab3.war] has finished in [2,109] ms
23-Jun-2020 02:23:47.370 INFO [localhost-startStop-1] org.apache.catalina.startup.HostConfig.deployWAR Deploying web application archive [/home/cristi/SER422/tomcat-8.5.55-8080/webapps/RestExampleAPI.war]
23-Jun-2020 02:23:48.234 INFO [localhost-startStop-1] org.apache.jasper.servlet.TldScanner.scanJars At least one JAR was scanned for TLDs yet contained no TLDs. Enable debug logging for this logger for a complete list of JARs that were scanned but no TLDs were found in them. Skipping unneeded JARs during scanning can improve startup time and JSP compilation time.
23-Jun-2020 02:23:49.061 WARNING [localhost-startStop-1] org.glassfish.jersey.internal.Errors.logErrors The following warnings have been detected: WARNING: A HTTP GET method, public java.util.List edu.asupoly.ser422.restexample.api.SubjectResource.findAuthorsBySubject(java.lang.String), should not consume any entity.

23-Jun-2020 02:23:49.068 INFO [localhost-startStop-1] org.apache.catalina.startup.HostConfig.deployWAR Deployment of web application archive [/home/cristi/SER422/tomcat-8.5.55-8080/webapps/RestExampleAPI.war] has finished in [1,698] ms
23-Jun-2020 02:23:49.069 INFO [localhost-startStop-1] org.apache.catalina.startup.HostConfig.deployWAR Deploying web application archive [/home/cristi/SER422/tomcat-8.5.55-8080/webapps/calc.war]
23-Jun-2020 02:23:49.152 INFO [localhost-startStop-1] org.apache.jasper.servlet.TldScanner.scanJars At least one JAR was scanned for TLDs yet contained no TLDs. Enable debug logging for this logger for a complete list of JARs that were scanned but no TLDs were found in them. Skipping unneeded JARs during scanning can improve startup time and JSP compilation time.
23-Jun-2020 02:23:49.155 INFO [localhost-startStop-1] org.apache.catalina.startup.HostConfig.deployWAR Deployment of web application archive [/home/cristi/SER422/tomcat-8.5.55-8080/webapps/calc.war] has finished in [86] ms
23-Jun-2020 02:23:49.156 INFO [localhost-startStop-1] org.apache.catalina.startup.HostConfig.deployDirectory Deploying web application directory [/home/cristi/SER422/tomcat-8.5.55-8080/webapps/lab2_cdeleo1]
23-Jun-2020 02:23:49.171 INFO [localhost-startStop-1] org.apache.catalina.startup.HostConfig.deployDirectory Deployment of web application directory [/home/cristi/SER422/tomcat-8.5.55-8080/webapps/lab2_cdeleo1] has finished in [15] ms
23-Jun-2020 02:23:49.171 INFO [localhost-startStop-1] org.apache.catalina.startup.HostConfig.deployDirectory Deploying web application directory [/home/cristi/SER422/tomcat-8.5.55-8080/webapps/examples]
23-Jun-2020 02:23:49.510 INFO [localhost-startStop-1] org.apache.catalina.startup.HostConfig.deployDirectory Deployment of web application directory [/home/cristi/SER422/tomcat-8.5.55-8080/webapps/examples] has finished in [339] ms
23-Jun-2020 02:23:49.511 INFO [localhost-startStop-1] org.apache.catalina.startup.HostConfig.deployDirectory Deploying web application directory [/home/cristi/SER422/tomcat-8.5.55-8080/webapps/ROOT]
23-Jun-2020 02:23:49.536 INFO [localhost-startStop-1] org.apache.catalina.startup.HostConfig.deployDirectory Deployment of web application directory [/home/cristi/SER422/tomcat-8.5.55-8080/webapps/ROOT] has finished in [25] ms
23-Jun-2020 02:23:49.536 INFO [localhost-startStop-1] org.apache.catalina.startup.HostConfig.deployDirectory Deploying web application directory [/home/cristi/SER422/tomcat-8.5.55-8080/webapps/host-manager]
23-Jun-2020 02:23:49.564 INFO [localhost-startStop-1] org.apache.catalina.startup.HostConfig.deployDirectory Deployment of web application directory [/home/cristi/SER422/tomcat-8.5.55-8080/webapps/host-manager] has finished in [28] ms
23-Jun-2020 02:23:49.564 INFO [localhost-startStop-1] org.apache.catalina.startup.HostConfig.deployDirectory Deploying web application directory [/home/cristi/SER422/tomcat-8.5.55-8080/webapps/docs]
23-Jun-2020 02:23:49.579 INFO [localhost-startStop-1] org.apache.catalina.startup.HostConfig.deployDirectory Deployment of web application directory [/home/cristi/SER422/tomcat-8.5.55-8080/webapps/docs] has finished in [15] ms
23-Jun-2020 02:23:49.580 INFO [localhost-startStop-1] org.apache.catalina.startup.HostConfig.deployDirectory Deploying web application directory [/home/cristi/SER422/tomcat-8.5.55-8080/webapps/manager]
23-Jun-2020 02:23:49.602 INFO [localhost-startStop-1] org.apache.catalina.startup.HostConfig.deployDirectory Deployment of web application directory [/home/cristi/SER422/tomcat-8.5.55-8080/webapps/manager] has finished in [22] ms
23-Jun-2020 02:23:49.602 INFO [localhost-startStop-1] org.apache.catalina.startup.HostConfig.deployDirectory Deploying web application directory [/home/cristi/SER422/tomcat-8.5.55-8080/webapps/task1_cdeleo1]
23-Jun-2020 02:23:49.616 INFO [localhost-startStop-1] org.apache.catalina.startup.HostConfig.deployDirectory Deployment of web application directory [/home/cristi/SER422/tomcat-8.5.55-8080/webapps/task1_cdeleo1] has finished in [14] ms
23-Jun-2020 02:23:49.627 INFO [main] org.apache.coyote.AbstractProtocol.start Starting ProtocolHandler ["http-nio-8080"]
23-Jun-2020 02:23:49.649 INFO [main] org.apache.catalina.startup.Catalina.start Server startup in 6655 ms
23-Jun-2020 02:27:50.410 INFO [ContainerBackgroundProcessor[StandardEngine[Catalina]]] org.apache.catalina.startup.HostConfig.undeploy Undeploying context [/aqmapps]
23-Jun-2020 02:27:50.425 INFO [localhost-startStop-2] org.apache.catalina.startup.HostConfig.deployWAR Deploying web application archive [/home/cristi/SER422/tomcat-8.5.55-8080/webapps/aqmapps.war]
23-Jun-2020 02:27:50.457 INFO [localhost-startStop-2] org.apache.catalina.startup.HostConfig.deployWAR Deployment of web application archive [/home/cristi/SER422/tomcat-8.5.55-8080/webapps/aqmapps.war] has finished in [31] ms
23-Jun-2020 02:28:20.469 INFO [ContainerBackgroundProcessor[StandardEngine[Catalina]]] org.apache.catalina.startup.HostConfig.undeploy Undeploying context [/aqmapps]
23-Jun-2020 02:28:20.480 INFO [localhost-startStop-3] org.apache.catalina.startup.HostConfig.deployWAR Deploying web application archive [/home/cristi/SER422/tomcat-8.5.55-8080/webapps/aqmapps.war]
23-Jun-2020 02:28:20.519 INFO [localhost-startStop-3] org.apache.catalina.startup.HostConfig.deployWAR Deployment of web application archive [/home/cristi/SER422/tomcat-8.5.55-8080/webapps/aqmapps.war] has finished in [40] ms
23-Jun-2020 02:31:41.204 INFO [ContainerBackgroundProcessor[StandardEngine[Catalina]]] org.apache.catalina.startup.HostConfig.undeploy Undeploying context [/aqmapps]
23-Jun-2020 02:31:41.214 INFO [localhost-startStop-4] org.apache.catalina.startup.HostConfig.deployWAR Deploying web application archive [/home/cristi/SER422/tomcat-8.5.55-8080/webapps/aqmapps.war]
23-Jun-2020 02:31:41.291 INFO [localhost-startStop-4] org.apache.catalina.startup.HostConfig.deployWAR Deployment of web application archive [/home/cristi/SER422/tomcat-8.5.55-8080/webapps/aqmapps.war] has finished in [77] ms
23-Jun-2020 02:31:51.297 INFO [ContainerBackgroundProcessor[StandardEngine[Catalina]]] org.apache.catalina.startup.HostConfig.undeploy Undeploying context [/aqmapps]
23-Jun-2020 02:31:51.335 INFO [localhost-startStop-5] org.apache.catalina.startup.HostConfig.deployWAR Deploying web application archive [/home/cristi/SER422/tomcat-8.5.55-8080/webapps/aqmapps.war]
23-Jun-2020 02:31:51.439 INFO [localhost-startStop-5] org.apache.catalina.startup.HostConfig.deployWAR Deployment of web application archive [/home/cristi/SER422/tomcat-8.5.55-8080/webapps/aqmapps.war] has finished in [103] ms
23-Jun-2020 02:33:21.992 INFO [ContainerBackgroundProcessor[StandardEngine[Catalina]]] org.apache.catalina.startup.HostConfig.undeploy Undeploying context [/aqmapps]
23-Jun-2020 02:33:22.014 INFO [localhost-startStop-6] org.apache.catalina.startup.HostConfig.deployWAR Deploying web application archive [/home/cristi/SER422/tomcat-8.5.55-8080/webapps/aqmapps.war]
23-Jun-2020 02:33:22.076 INFO [localhost-startStop-6] org.apache.catalina.startup.HostConfig.deployWAR Deployment of web application archive [/home/cristi/SER422/tomcat-8.5.55-8080/webapps/aqmapps.war] has finished in [61] ms
23-Jun-2020 02:33:32.080 INFO [ContainerBackgroundProcessor[StandardEngine[Catalina]]] org.apache.catalina.startup.HostConfig.undeploy Undeploying context [/aqmapps]
23-Jun-2020 02:33:32.127 INFO [localhost-startStop-7] org.apache.catalina.startup.HostConfig.deployWAR Deploying web application archive [/home/cristi/SER422/tomcat-8.5.55-8080/webapps/aqmapps.war]
23-Jun-2020 02:33:32.244 INFO [localhost-startStop-7] org.apache.catalina.startup.HostConfig.deployWAR Deployment of web application archive [/home/cristi/SER422/tomcat-8.5.55-8080/webapps/aqmapps.war] has finished in [117] ms
23-Jun-2020 02:35:12.797 INFO [ContainerBackgroundProcessor[StandardEngine[Catalina]]] org.apache.catalina.startup.HostConfig.undeploy Undeploying context [/aqmapps]
23-Jun-2020 02:35:12.816 INFO [localhost-startStop-8] org.apache.catalina.startup.HostConfig.deployWAR Deploying web application archive [/home/cristi/SER422/tomcat-8.5.55-8080/webapps/aqmapps.war]
23-Jun-2020 02:35:12.844 INFO [localhost-startStop-8] org.apache.catalina.startup.HostConfig.deployWAR Deployment of web application archive [/home/cristi/SER422/tomcat-8.5.55-8080/webapps/aqmapps.war] has finished in [28] ms
23-Jun-2020 02:35:22.846 INFO [ContainerBackgroundProcessor[StandardEngine[Catalina]]] org.apache.catalina.startup.HostConfig.undeploy Undeploying context [/aqmapps]
23-Jun-2020 02:35:22.860 INFO [localhost-startStop-9] org.apache.catalina.startup.HostConfig.deployWAR Deploying web application archive [/home/cristi/SER422/tomcat-8.5.55-8080/webapps/aqmapps.war]
23-Jun-2020 02:35:22.893 INFO [localhost-startStop-9] org.apache.catalina.startup.HostConfig.deployWAR Deployment of web application archive [/home/cristi/SER422/tomcat-8.5.55-8080/webapps/aqmapps.war] has finished in [33] ms
23-Jun-2020 02:36:43.435 INFO [ContainerBackgroundProcessor[StandardEngine[Catalina]]] org.apache.catalina.startup.HostConfig.undeploy Undeploying context [/aqmapps]
23-Jun-2020 02:36:43.443 INFO [localhost-startStop-10] org.apache.catalina.startup.HostConfig.deployWAR Deploying web application archive [/home/cristi/SER422/tomcat-8.5.55-8080/webapps/aqmapps.war]
23-Jun-2020 02:36:43.470 INFO [localhost-startStop-10] org.apache.catalina.startup.HostConfig.deployWAR Deployment of web application archive [/home/cristi/SER422/tomcat-8.5.55-8080/webapps/aqmapps.war] has finished in [27] ms
23-Jun-2020 02:36:53.486 INFO [ContainerBackgroundProcessor[StandardEngine[Catalina]]] org.apache.catalina.startup.HostConfig.undeploy Undeploying context [/aqmapps]
23-Jun-2020 02:36:53.524 INFO [localhost-startStop-11] org.apache.catalina.startup.HostConfig.deployWAR Deploying web application archive [/home/cristi/SER422/tomcat-8.5.55-8080/webapps/aqmapps.war]
23-Jun-2020 02:36:53.622 INFO [localhost-startStop-11] org.apache.catalina.startup.HostConfig.deployWAR Deployment of web application archive [/home/cristi/SER422/tomcat-8.5.55-8080/webapps/aqmapps.war] has finished in [97] ms
23-Jun-2020 03:00:35.118 INFO [ContainerBackgroundProcessor[StandardEngine[Catalina]]] org.apache.catalina.startup.HostConfig.undeploy Undeploying context [/aqmapps]
23-Jun-2020 03:00:35.154 INFO [localhost-startStop-12] org.apache.catalina.startup.HostConfig.deployWAR Deploying web application archive [/home/cristi/SER422/tomcat-8.5.55-8080/webapps/aqmapps.war]
23-Jun-2020 03:00:35.252 INFO [localhost-startStop-12] org.apache.catalina.startup.HostConfig.deployWAR Deployment of web application archive [/home/cristi/SER422/tomcat-8.5.55-8080/webapps/aqmapps.war] has finished in [97] ms
23-Jun-2020 03:00:45.756 INFO [ContainerBackgroundProcessor[StandardEngine[Catalina]]] org.apache.catalina.startup.HostConfig.undeploy Undeploying context [/aqmapps]
23-Jun-2020 03:00:45.765 INFO [localhost-startStop-13] org.apache.catalina.startup.HostConfig.deployWAR Deploying web application archive [/home/cristi/SER422/tomcat-8.5.55-8080/webapps/aqmapps.war]
23-Jun-2020 03:00:45.792 INFO [localhost-startStop-13] org.apache.catalina.startup.HostConfig.deployWAR Deployment of web application archive [/home/cristi/SER422/tomcat-8.5.55-8080/webapps/aqmapps.war] has finished in [27] ms
23-Jun-2020 03:00:55.796 INFO [ContainerBackgroundProcessor[StandardEngine[Catalina]]] org.apache.catalina.startup.HostConfig.undeploy Undeploying context [/aqmapps]
23-Jun-2020 03:00:55.833 INFO [localhost-startStop-14] org.apache.catalina.startup.HostConfig.deployWAR Deploying web application archive [/home/cristi/SER422/tomcat-8.5.55-8080/webapps/aqmapps.war]
23-Jun-2020 03:00:55.927 INFO [localhost-startStop-14] org.apache.catalina.startup.HostConfig.deployWAR Deployment of web application archive [/home/cristi/SER422/tomcat-8.5.55-8080/webapps/aqmapps.war] has finished in [94] ms
23-Jun-2020 03:03:56.538 INFO [ContainerBackgroundProcessor[StandardEngine[Catalina]]] org.apache.catalina.startup.HostConfig.undeploy Undeploying context [/aqmapps]
23-Jun-2020 03:03:56.577 INFO [localhost-startStop-15] org.apache.catalina.startup.HostConfig.deployWAR Deploying web application archive [/home/cristi/SER422/tomcat-8.5.55-8080/webapps/aqmapps.war]
23-Jun-2020 03:03:56.707 INFO [localhost-startStop-15] org.apache.catalina.startup.HostConfig.deployWAR Deployment of web application archive [/home/cristi/SER422/tomcat-8.5.55-8080/webapps/aqmapps.war] has finished in [129] ms
23-Jun-2020 03:04:07.219 INFO [ContainerBackgroundProcessor[StandardEngine[Catalina]]] org.apache.catalina.startup.HostConfig.undeploy Undeploying context [/aqm]
23-Jun-2020 03:04:07.223 WARNING [ContainerBackgroundProcessor[StandardEngine[Catalina]]] org.apache.catalina.loader.WebappClassLoaderBase.clearReferencesJdbc The web application [aqm] registered the JDBC driver [com.mysql.jdbc.Driver] but failed to unregister it when the web application was stopped. To prevent a memory leak, the JDBC Driver has been forcibly unregistered.
23-Jun-2020 03:04:07.224 WARNING [ContainerBackgroundProcessor[StandardEngine[Catalina]]] org.apache.catalina.loader.WebappClassLoaderBase.clearReferencesThreads The web application [aqm] appears to have started a thread named [Abandoned connection cleanup thread] but has failed to stop it. This is very likely to create a memory leak. Stack trace of thread:
 java.lang.Object.wait(Native Method)
 java.lang.ref.ReferenceQueue.remove(ReferenceQueue.java:144)
 com.mysql.jdbc.AbandonedConnectionCleanupThread.run(AbandonedConnectionCleanupThread.java:40)
23-Jun-2020 03:04:07.236 INFO [localhost-startStop-16] org.apache.catalina.startup.HostConfig.deployWAR Deploying web application archive [/home/cristi/SER422/tomcat-8.5.55-8080/webapps/aqm.war]
23-Jun-2020 03:04:08.391 INFO [localhost-startStop-16] org.apache.catalina.startup.HostConfig.deployWAR Deployment of web application archive [/home/cristi/SER422/tomcat-8.5.55-8080/webapps/aqm.war] has finished in [1,154] ms
23-Jun-2020 03:04:18.896 INFO [ContainerBackgroundProcessor[StandardEngine[Catalina]]] org.apache.catalina.startup.HostConfig.undeploy Undeploying context [/aqmapps]
23-Jun-2020 03:04:18.910 INFO [localhost-startStop-17] org.apache.catalina.startup.HostConfig.deployWAR Deploying web application archive [/home/cristi/SER422/tomcat-8.5.55-8080/webapps/aqmapps.war]
23-Jun-2020 03:04:18.956 INFO [localhost-startStop-17] org.apache.catalina.startup.HostConfig.deployWAR Deployment of web application archive [/home/cristi/SER422/tomcat-8.5.55-8080/webapps/aqmapps.war] has finished in [45] ms
23-Jun-2020 03:27:20.247 INFO [ContainerBackgroundProcessor[StandardEngine[Catalina]]] org.apache.catalina.startup.HostConfig.undeploy Undeploying context [/aqmapps]
23-Jun-2020 03:27:20.259 INFO [localhost-startStop-18] org.apache.catalina.startup.HostConfig.deployWAR Deploying web application archive [/home/cristi/SER422/tomcat-8.5.55-8080/webapps/aqmapps.war]
23-Jun-2020 03:27:20.289 INFO [localhost-startStop-18] org.apache.catalina.startup.HostConfig.deployWAR Deployment of web application archive [/home/cristi/SER422/tomcat-8.5.55-8080/webapps/aqmapps.war] has finished in [30] ms
23-Jun-2020 03:27:30.295 INFO [ContainerBackgroundProcessor[StandardEngine[Catalina]]] org.apache.catalina.startup.HostConfig.undeploy Undeploying context [/aqmapps]
23-Jun-2020 03:27:30.330 INFO [localhost-startStop-19] org.apache.catalina.startup.HostConfig.deployWAR Deploying web application archive [/home/cristi/SER422/tomcat-8.5.55-8080/webapps/aqmapps.war]
23-Jun-2020 03:27:30.425 INFO [localhost-startStop-19] org.apache.catalina.startup.HostConfig.deployWAR Deployment of web application archive [/home/cristi/SER422/tomcat-8.5.55-8080/webapps/aqmapps.war] has finished in [95] ms
23-Jun-2020 04:16:52.279 INFO [ContainerBackgroundProcessor[StandardEngine[Catalina]]] org.apache.catalina.startup.HostConfig.undeploy Undeploying context [/aqmapps]
23-Jun-2020 04:16:52.287 INFO [localhost-startStop-20] org.apache.catalina.startup.HostConfig.deployWAR Deploying web application archive [/home/cristi/SER422/tomcat-8.5.55-8080/webapps/aqmapps.war]
23-Jun-2020 04:16:52.316 INFO [localhost-startStop-20] org.apache.catalina.startup.HostConfig.deployWAR Deployment of web application archive [/home/cristi/SER422/tomcat-8.5.55-8080/webapps/aqmapps.war] has finished in [28] ms
23-Jun-2020 04:18:12.863 INFO [ContainerBackgroundProcessor[StandardEngine[Catalina]]] org.apache.catalina.startup.HostConfig.undeploy Undeploying context [/aqmapps]
23-Jun-2020 04:18:12.891 INFO [localhost-startStop-21] org.apache.catalina.startup.HostConfig.deployWAR Deploying web application archive [/home/cristi/SER422/tomcat-8.5.55-8080/webapps/aqmapps.war]
23-Jun-2020 04:18:12.987 INFO [localhost-startStop-21] org.apache.catalina.startup.HostConfig.deployWAR Deployment of web application archive [/home/cristi/SER422/tomcat-8.5.55-8080/webapps/aqmapps.war] has finished in [95] ms
23-Jun-2020 04:19:03.523 INFO [ContainerBackgroundProcessor[StandardEngine[Catalina]]] org.apache.catalina.startup.HostConfig.undeploy Undeploying context [/aqmapps]
23-Jun-2020 04:19:03.538 INFO [localhost-startStop-22] org.apache.catalina.startup.HostConfig.deployWAR Deploying web application archive [/home/cristi/SER422/tomcat-8.5.55-8080/webapps/aqmapps.war]
23-Jun-2020 04:19:03.568 INFO [localhost-startStop-22] org.apache.catalina.startup.HostConfig.deployWAR Deployment of web application archive [/home/cristi/SER422/tomcat-8.5.55-8080/webapps/aqmapps.war] has finished in [30] ms
23-Jun-2020 04:21:24.136 INFO [ContainerBackgroundProcessor[StandardEngine[Catalina]]] org.apache.catalina.startup.HostConfig.undeploy Undeploying context [/aqmapps]
23-Jun-2020 04:21:24.153 INFO [localhost-startStop-23] org.apache.catalina.startup.HostConfig.deployWAR Deploying web application archive [/home/cristi/SER422/tomcat-8.5.55-8080/webapps/aqmapps.war]
23-Jun-2020 04:21:24.181 INFO [localhost-startStop-23] org.apache.catalina.startup.HostConfig.deployWAR Deployment of web application archive [/home/cristi/SER422/tomcat-8.5.55-8080/webapps/aqmapps.war] has finished in [28] ms
23-Jun-2020 04:21:34.184 INFO [ContainerBackgroundProcessor[StandardEngine[Catalina]]] org.apache.catalina.startup.HostConfig.undeploy Undeploying context [/aqmapps]
23-Jun-2020 04:21:34.196 INFO [localhost-startStop-24] org.apache.catalina.startup.HostConfig.deployWAR Deploying web application archive [/home/cristi/SER422/tomcat-8.5.55-8080/webapps/aqmapps.war]
23-Jun-2020 04:21:34.223 INFO [localhost-startStop-24] org.apache.catalina.startup.HostConfig.deployWAR Deployment of web application archive [/home/cristi/SER422/tomcat-8.5.55-8080/webapps/aqmapps.war] has finished in [26] ms
23-Jun-2020 04:21:44.724 INFO [ContainerBackgroundProcessor[StandardEngine[Catalina]]] org.apache.catalina.startup.HostConfig.undeploy Undeploying context [/aqmapps]
23-Jun-2020 04:21:44.736 INFO [localhost-startStop-25] org.apache.catalina.startup.HostConfig.deployWAR Deploying web application archive [/home/cristi/SER422/tomcat-8.5.55-8080/webapps/aqmapps.war]
23-Jun-2020 04:21:44.783 INFO [localhost-startStop-25] org.apache.catalina.startup.HostConfig.deployWAR Deployment of web application archive [/home/cristi/SER422/tomcat-8.5.55-8080/webapps/aqmapps.war] has finished in [46] ms
23-Jun-2020 04:21:54.784 INFO [ContainerBackgroundProcessor[StandardEngine[Catalina]]] org.apache.catalina.startup.HostConfig.undeploy Undeploying context [/aqmapps]
23-Jun-2020 04:21:54.794 INFO [localhost-startStop-26] org.apache.catalina.startup.HostConfig.deployWAR Deploying web application archive [/home/cristi/SER422/tomcat-8.5.55-8080/webapps/aqmapps.war]
23-Jun-2020 04:21:54.819 INFO [localhost-startStop-26] org.apache.catalina.startup.HostConfig.deployWAR Deployment of web application archive [/home/cristi/SER422/tomcat-8.5.55-8080/webapps/aqmapps.war] has finished in [25] ms
23-Jun-2020 04:22:45.340 INFO [ContainerBackgroundProcessor[StandardEngine[Catalina]]] org.apache.catalina.startup.HostConfig.undeploy Undeploying context [/aqmapps]
23-Jun-2020 04:22:45.351 INFO [localhost-startStop-27] org.apache.catalina.startup.HostConfig.deployWAR Deploying web application archive [/home/cristi/SER422/tomcat-8.5.55-8080/webapps/aqmapps.war]
23-Jun-2020 04:22:45.379 INFO [localhost-startStop-27] org.apache.catalina.startup.HostConfig.deployWAR Deployment of web application archive [/home/cristi/SER422/tomcat-8.5.55-8080/webapps/aqmapps.war] has finished in [28] ms
23-Jun-2020 04:22:55.381 INFO [ContainerBackgroundProcessor[StandardEngine[Catalina]]] org.apache.catalina.startup.HostConfig.undeploy Undeploying context [/aqmapps]
23-Jun-2020 04:22:55.392 INFO [localhost-startStop-28] org.apache.catalina.startup.HostConfig.deployWAR Deploying web application archive [/home/cristi/SER422/tomcat-8.5.55-8080/webapps/aqmapps.war]
23-Jun-2020 04:22:55.421 INFO [localhost-startStop-28] org.apache.catalina.startup.HostConfig.deployWAR Deployment of web application archive [/home/cristi/SER422/tomcat-8.5.55-8080/webapps/aqmapps.war] has finished in [29] ms
23-Jun-2020 04:28:56.115 INFO [ContainerBackgroundProcessor[StandardEngine[Catalina]]] org.apache.catalina.startup.HostConfig.undeploy Undeploying context [/aqmapps]
23-Jun-2020 04:28:56.125 INFO [localhost-startStop-29] org.apache.catalina.startup.HostConfig.deployWAR Deploying web application archive [/home/cristi/SER422/tomcat-8.5.55-8080/webapps/aqmapps.war]
23-Jun-2020 04:28:56.160 INFO [localhost-startStop-29] org.apache.catalina.startup.HostConfig.deployWAR Deployment of web application archive [/home/cristi/SER422/tomcat-8.5.55-8080/webapps/aqmapps.war] has finished in [35] ms
23-Jun-2020 04:29:06.162 INFO [ContainerBackgroundProcessor[StandardEngine[Catalina]]] org.apache.catalina.startup.HostConfig.undeploy Undeploying context [/aqmapps]
23-Jun-2020 04:29:06.182 INFO [localhost-startStop-30] org.apache.catalina.startup.HostConfig.deployWAR Deploying web application archive [/home/cristi/SER422/tomcat-8.5.55-8080/webapps/aqmapps.war]
23-Jun-2020 04:29:06.217 INFO [localhost-startStop-30] org.apache.catalina.startup.HostConfig.deployWAR Deployment of web application archive [/home/cristi/SER422/tomcat-8.5.55-8080/webapps/aqmapps.war] has finished in [35] ms
